{"meta": {"format": 3, "version": "7.10.1", "timestamp": "2025-08-01T22:36:09.545423", "branch_coverage": false, "show_contexts": false}, "files": {"app/__init__.py": {"executed_lines": [1, 3, 4, 5], "summary": {"covered_lines": 3, "num_statements": 3, "percent_covered": 100.0, "percent_covered_display": "100", "missing_lines": 0, "excluded_lines": 0}, "missing_lines": [], "excluded_lines": [], "functions": {"": {"executed_lines": [1, 3, 4, 5], "summary": {"covered_lines": 3, "num_statements": 3, "percent_covered": 100.0, "percent_covered_display": "100", "missing_lines": 0, "excluded_lines": 0}, "missing_lines": [], "excluded_lines": []}}, "classes": {"": {"executed_lines": [1, 3, 4, 5], "summary": {"covered_lines": 3, "num_statements": 3, "percent_covered": 100.0, "percent_covered_display": "100", "missing_lines": 0, "excluded_lines": 0}, "missing_lines": [], "excluded_lines": []}}}, "app/_internal/__init__.py": {"executed_lines": [], "summary": {"covered_lines": 0, "num_statements": 0, "percent_covered": 100.0, "percent_covered_display": "100", "missing_lines": 0, "excluded_lines": 0}, "missing_lines": [], "excluded_lines": [], "functions": {"": {"executed_lines": [], "summary": {"covered_lines": 0, "num_statements": 0, "percent_covered": 100.0, "percent_covered_display": "100", "missing_lines": 0, "excluded_lines": 0}, "missing_lines": [], "excluded_lines": []}}, "classes": {"": {"executed_lines": [], "summary": {"covered_lines": 0, "num_statements": 0, "percent_covered": 100.0, "percent_covered_display": "100", "missing_lines": 0, "excluded_lines": 0}, "missing_lines": [], "excluded_lines": []}}}, "app/_internal/_signature/__init__.py": {"executed_lines": [], "summary": {"covered_lines": 0, "num_statements": 0, "percent_covered": 100.0, "percent_covered_display": "100", "missing_lines": 0, "excluded_lines": 0}, "missing_lines": [], "excluded_lines": [], "functions": {"": {"executed_lines": [], "summary": {"covered_lines": 0, "num_statements": 0, "percent_covered": 100.0, "percent_covered_display": "100", "missing_lines": 0, "excluded_lines": 0}, "missing_lines": [], "excluded_lines": []}}, "classes": {"": {"executed_lines": [], "summary": {"covered_lines": 0, "num_statements": 0, "percent_covered": 100.0, "percent_covered_display": "100", "missing_lines": 0, "excluded_lines": 0}, "missing_lines": [], "excluded_lines": []}}}, "app/api/__init__.py": {"executed_lines": [], "summary": {"covered_lines": 0, "num_statements": 11, "percent_covered": 0.0, "percent_covered_display": "0", "missing_lines": 11, "excluded_lines": 0}, "missing_lines": [3, 5, 8, 11, 12, 13, 14, 15, 16, 17, 19], "excluded_lines": [], "functions": {"": {"executed_lines": [], "summary": {"covered_lines": 0, "num_statements": 11, "percent_covered": 0.0, "percent_covered_display": "0", "missing_lines": 11, "excluded_lines": 0}, "missing_lines": [3, 5, 8, 11, 12, 13, 14, 15, 16, 17, 19], "excluded_lines": []}}, "classes": {"": {"executed_lines": [], "summary": {"covered_lines": 0, "num_statements": 11, "percent_covered": 0.0, "percent_covered_display": "0", "missing_lines": 11, "excluded_lines": 0}, "missing_lines": [3, 5, 8, 11, 12, 13, 14, 15, 16, 17, 19], "excluded_lines": []}}}, "app/api/deps.py": {"executed_lines": [], "summary": {"covered_lines": 0, "num_statements": 64, "percent_covered": 0.0, "percent_covered_display": "0", "missing_lines": 64, "excluded_lines": 0}, "missing_lines": [6, 7, 8, 9, 10, 11, 14, 15, 16, 17, 18, 19, 21, 22, 23, 24, 27, 29, 30, 31, 34, 35, 36, 37, 39, 40, 42, 46, 48, 49, 51, 52, 53, 55, 58, 60, 67, 69, 71, 73, 76, 77, 78, 85, 86, 87, 93, 94, 95, 101, 103, 104, 110, 116, 117, 120, 121, 123, 125, 131, 132, 134, 135, 139], "excluded_lines": [], "functions": {"get_database_url": {"executed_lines": [], "summary": {"covered_lines": 0, "num_statements": 3, "percent_covered": 0.0, "percent_covered_display": "0", "missing_lines": 3, "excluded_lines": 0}, "missing_lines": [29, 30, 31], "excluded_lines": []}, "get_db": {"executed_lines": [], "summary": {"covered_lines": 0, "num_statements": 7, "percent_covered": 0.0, "percent_covered_display": "0", "missing_lines": 7, "excluded_lines": 0}, "missing_lines": [46, 48, 49, 51, 52, 53, 55], "excluded_lines": []}, "get_current_user": {"executed_lines": [], "summary": {"covered_lines": 0, "num_statements": 16, "percent_covered": 0.0, "percent_covered_display": "0", "missing_lines": 16, "excluded_lines": 0}, "missing_lines": [67, 69, 71, 73, 76, 77, 78, 85, 86, 87, 93, 94, 95, 101, 103, 104], "excluded_lines": []}, "get_current_active_user": {"executed_lines": [], "summary": {"covered_lines": 0, "num_statements": 5, "percent_covered": 0.0, "percent_covered_display": "0", "missing_lines": 5, "excluded_lines": 0}, "missing_lines": [116, 117, 120, 121, 123], "excluded_lines": []}, "get_current_superuser": {"executed_lines": [], "summary": {"covered_lines": 0, "num_statements": 5, "percent_covered": 0.0, "percent_covered_display": "0", "missing_lines": 5, "excluded_lines": 0}, "missing_lines": [131, 132, 134, 135, 139], "excluded_lines": []}, "": {"executed_lines": [], "summary": {"covered_lines": 0, "num_statements": 28, "percent_covered": 0.0, "percent_covered_display": "0", "missing_lines": 28, "excluded_lines": 0}, "missing_lines": [6, 7, 8, 9, 10, 11, 14, 15, 16, 17, 18, 19, 21, 22, 23, 24, 27, 34, 35, 36, 37, 39, 40, 42, 58, 60, 110, 125], "excluded_lines": []}}, "classes": {"": {"executed_lines": [], "summary": {"covered_lines": 0, "num_statements": 64, "percent_covered": 0.0, "percent_covered_display": "0", "missing_lines": 64, "excluded_lines": 0}, "missing_lines": [6, 7, 8, 9, 10, 11, 14, 15, 16, 17, 18, 19, 21, 22, 23, 24, 27, 29, 30, 31, 34, 35, 36, 37, 39, 40, 42, 46, 48, 49, 51, 52, 53, 55, 58, 60, 67, 69, 71, 73, 76, 77, 78, 85, 86, 87, 93, 94, 95, 101, 103, 104, 110, 116, 117, 120, 121, 123, 125, 131, 132, 134, 135, 139], "excluded_lines": []}}}, "app/api/v1/__init__.py": {"executed_lines": [], "summary": {"covered_lines": 0, "num_statements": 8, "percent_covered": 0.0, "percent_covered_display": "0", "missing_lines": 8, "excluded_lines": 0}, "missing_lines": [3, 4, 5, 6, 7, 8, 9, 11], "excluded_lines": [], "functions": {"": {"executed_lines": [], "summary": {"covered_lines": 0, "num_statements": 8, "percent_covered": 0.0, "percent_covered_display": "0", "missing_lines": 8, "excluded_lines": 0}, "missing_lines": [3, 4, 5, 6, 7, 8, 9, 11], "excluded_lines": []}}, "classes": {"": {"executed_lines": [], "summary": {"covered_lines": 0, "num_statements": 8, "percent_covered": 0.0, "percent_covered_display": "0", "missing_lines": 8, "excluded_lines": 0}, "missing_lines": [3, 4, 5, 6, 7, 8, 9, 11], "excluded_lines": []}}}, "app/api/v1/attachments.py": {"executed_lines": [], "summary": {"covered_lines": 0, "num_statements": 69, "percent_covered": 0.0, "percent_covered_display": "0", "missing_lines": 69, "excluded_lines": 0}, "missing_lines": [3, 4, 5, 6, 8, 9, 10, 12, 13, 14, 15, 16, 17, 19, 22, 35, 45, 46, 47, 53, 54, 59, 60, 68, 79, 87, 88, 96, 107, 114, 115, 118, 119, 125, 128, 130, 140, 151, 157, 158, 161, 173, 180, 181, 183, 184, 190, 202, 208, 209, 211, 217, 228, 235, 236, 239, 245, 251, 252, 255, 261, 268, 269, 271, 272, 278, 284, 290, 291], "excluded_lines": [], "functions": {"upload_attachment": {"executed_lines": [], "summary": {"covered_lines": 0, "num_statements": 7, "percent_covered": 0.0, "percent_covered_display": "0", "missing_lines": 7, "excluded_lines": 0}, "missing_lines": [45, 46, 47, 53, 54, 59, 60], "excluded_lines": []}, "list_attachments": {"executed_lines": [], "summary": {"covered_lines": 0, "num_statements": 2, "percent_covered": 0.0, "percent_covered_display": "0", "missing_lines": 2, "excluded_lines": 0}, "missing_lines": [87, 88], "excluded_lines": []}, "download_attachment": {"executed_lines": [], "summary": {"covered_lines": 0, "num_statements": 7, "percent_covered": 0.0, "percent_covered_display": "0", "missing_lines": 7, "excluded_lines": 0}, "missing_lines": [114, 115, 118, 119, 125, 128, 130], "excluded_lines": []}, "get_attachment_info": {"executed_lines": [], "summary": {"covered_lines": 0, "num_statements": 2, "percent_covered": 0.0, "percent_covered_display": "0", "missing_lines": 2, "excluded_lines": 0}, "missing_lines": [157, 158], "excluded_lines": []}, "delete_attachment": {"executed_lines": [], "summary": {"covered_lines": 0, "num_statements": 4, "percent_covered": 0.0, "percent_covered_display": "0", "missing_lines": 4, "excluded_lines": 0}, "missing_lines": [180, 181, 183, 184], "excluded_lines": []}, "restore_attachment": {"executed_lines": [], "summary": {"covered_lines": 0, "num_statements": 3, "percent_covered": 0.0, "percent_covered_display": "0", "missing_lines": 3, "excluded_lines": 0}, "missing_lines": [208, 209, 211], "excluded_lines": []}, "preview_attachment": {"executed_lines": [], "summary": {"covered_lines": 0, "num_statements": 2, "percent_covered": 0.0, "percent_covered_display": "0", "missing_lines": 2, "excluded_lines": 0}, "missing_lines": [235, 236], "excluded_lines": []}, "get_scan_result": {"executed_lines": [], "summary": {"covered_lines": 0, "num_statements": 2, "percent_covered": 0.0, "percent_covered_display": "0", "missing_lines": 2, "excluded_lines": 0}, "missing_lines": [251, 252], "excluded_lines": []}, "bulk_delete_attachments": {"executed_lines": [], "summary": {"covered_lines": 0, "num_statements": 4, "percent_covered": 0.0, "percent_covered_display": "0", "missing_lines": 4, "excluded_lines": 0}, "missing_lines": [268, 269, 271, 272], "excluded_lines": []}, "get_storage_usage": {"executed_lines": [], "summary": {"covered_lines": 0, "num_statements": 2, "percent_covered": 0.0, "percent_covered_display": "0", "missing_lines": 2, "excluded_lines": 0}, "missing_lines": [290, 291], "excluded_lines": []}, "": {"executed_lines": [], "summary": {"covered_lines": 0, "num_statements": 34, "percent_covered": 0.0, "percent_covered_display": "0", "missing_lines": 34, "excluded_lines": 0}, "missing_lines": [3, 4, 5, 6, 8, 9, 10, 12, 13, 14, 15, 16, 17, 19, 22, 35, 68, 79, 96, 107, 140, 151, 161, 173, 190, 202, 217, 228, 239, 245, 255, 261, 278, 284], "excluded_lines": []}}, "classes": {"": {"executed_lines": [], "summary": {"covered_lines": 0, "num_statements": 69, "percent_covered": 0.0, "percent_covered_display": "0", "missing_lines": 69, "excluded_lines": 0}, "missing_lines": [3, 4, 5, 6, 8, 9, 10, 12, 13, 14, 15, 16, 17, 19, 22, 35, 45, 46, 47, 53, 54, 59, 60, 68, 79, 87, 88, 96, 107, 114, 115, 118, 119, 125, 128, 130, 140, 151, 157, 158, 161, 173, 180, 181, 183, 184, 190, 202, 208, 209, 211, 217, 228, 235, 236, 239, 245, 251, 252, 255, 261, 268, 269, 271, 272, 278, 284, 290, 291], "excluded_lines": []}}}, "app/api/v1/auth.py": {"executed_lines": [], "summary": {"covered_lines": 0, "num_statements": 165, "percent_covered": 0.0, "percent_covered_display": "0", "missing_lines": 165, "excluded_lines": 0}, "missing_lines": [3, 4, 5, 6, 8, 9, 10, 11, 12, 13, 15, 16, 17, 18, 21, 22, 23, 26, 29, 30, 32, 34, 35, 37, 39, 40, 42, 43, 44, 46, 48, 53, 54, 56, 57, 59, 60, 62, 67, 68, 70, 71, 73, 74, 75, 76, 77, 84, 89, 90, 92, 93, 94, 100, 101, 102, 108, 109, 115, 118, 120, 123, 125, 126, 130, 133, 135, 136, 137, 141, 142, 145, 147, 148, 149, 153, 154, 157, 160, 163, 164, 167, 168, 169, 172, 173, 176, 177, 179, 180, 181, 182, 184, 187, 189, 221, 224, 226, 228, 230, 232, 233, 234, 235, 236, 238, 241, 243, 244, 248, 251, 253, 254, 258, 261, 262, 268, 272, 273, 279, 280, 286, 287, 293, 294, 296, 310, 311, 313, 322, 323, 326, 329, 330, 335, 337, 351, 352, 357, 371, 372, 379, 380, 382, 383, 388, 391, 392, 398, 401, 402, 408, 409, 411, 412, 417, 420, 421, 426, 429, 430, 435, 436, 437, 438], "excluded_lines": [], "functions": {"AuthService.verify_password": {"executed_lines": [], "summary": {"covered_lines": 0, "num_statements": 1, "percent_covered": 0.0, "percent_covered_display": "0", "missing_lines": 1, "excluded_lines": 0}, "missing_lines": [32], "excluded_lines": []}, "AuthService.get_password_hash": {"executed_lines": [], "summary": {"covered_lines": 0, "num_statements": 1, "percent_covered": 0.0, "percent_covered_display": "0", "missing_lines": 1, "excluded_lines": 0}, "missing_lines": [37], "excluded_lines": []}, "AuthService.create_access_token": {"executed_lines": [], "summary": {"covered_lines": 0, "num_statements": 7, "percent_covered": 0.0, "percent_covered_display": "0", "missing_lines": 7, "excluded_lines": 0}, "missing_lines": [42, 43, 44, 46, 48, 53, 54], "excluded_lines": []}, "AuthService.create_refresh_token": {"executed_lines": [], "summary": {"covered_lines": 0, "num_statements": 5, "percent_covered": 0.0, "percent_covered_display": "0", "missing_lines": 5, "excluded_lines": 0}, "missing_lines": [59, 60, 62, 67, 68], "excluded_lines": []}, "AuthService.decode_token": {"executed_lines": [], "summary": {"covered_lines": 0, "num_statements": 5, "percent_covered": 0.0, "percent_covered_display": "0", "missing_lines": 5, "excluded_lines": 0}, "missing_lines": [73, 74, 75, 76, 77], "excluded_lines": []}, "get_current_user": {"executed_lines": [], "summary": {"covered_lines": 0, "num_statements": 11, "percent_covered": 0.0, "percent_covered_display": "0", "missing_lines": 11, "excluded_lines": 0}, "missing_lines": [89, 90, 92, 93, 94, 100, 101, 102, 108, 109, 115], "excluded_lines": []}, "get_current_user_id": {"executed_lines": [], "summary": {"covered_lines": 0, "num_statements": 1, "percent_covered": 0.0, "percent_covered_display": "0", "missing_lines": 1, "excluded_lines": 0}, "missing_lines": [120], "excluded_lines": []}, "get_current_active_user": {"executed_lines": [], "summary": {"covered_lines": 0, "num_statements": 3, "percent_covered": 0.0, "percent_covered_display": "0", "missing_lines": 3, "excluded_lines": 0}, "missing_lines": [125, 126, 130], "excluded_lines": []}, "require_role": {"executed_lines": [], "summary": {"covered_lines": 0, "num_statements": 2, "percent_covered": 0.0, "percent_covered_display": "0", "missing_lines": 2, "excluded_lines": 0}, "missing_lines": [135, 142], "excluded_lines": []}, "require_role.role_checker": {"executed_lines": [], "summary": {"covered_lines": 0, "num_statements": 3, "percent_covered": 0.0, "percent_covered_display": "0", "missing_lines": 3, "excluded_lines": 0}, "missing_lines": [136, 137, 141], "excluded_lines": []}, "require_permission": {"executed_lines": [], "summary": {"covered_lines": 0, "num_statements": 2, "percent_covered": 0.0, "percent_covered_display": "0", "missing_lines": 2, "excluded_lines": 0}, "missing_lines": [147, 154], "excluded_lines": []}, "require_permission.permission_checker": {"executed_lines": [], "summary": {"covered_lines": 0, "num_statements": 3, "percent_covered": 0.0, "percent_covered_display": "0", "missing_lines": 3, "excluded_lines": 0}, "missing_lines": [148, 149, 153], "excluded_lines": []}, "check_user_permission": {"executed_lines": [], "summary": {"covered_lines": 0, "num_statements": 15, "percent_covered": 0.0, "percent_covered_display": "0", "missing_lines": 15, "excluded_lines": 0}, "missing_lines": [160, 163, 164, 167, 168, 169, 172, 173, 176, 177, 179, 180, 181, 182, 184], "excluded_lines": []}, "get_role_permissions": {"executed_lines": [], "summary": {"covered_lines": 0, "num_statements": 2, "percent_covered": 0.0, "percent_covered_display": "0", "missing_lines": 2, "excluded_lines": 0}, "missing_lines": [189, 221], "excluded_lines": []}, "check_permission_conditions": {"executed_lines": [], "summary": {"covered_lines": 0, "num_statements": 9, "percent_covered": 0.0, "percent_covered_display": "0", "missing_lines": 9, "excluded_lines": 0}, "missing_lines": [226, 228, 230, 232, 233, 234, 235, 236, 238], "excluded_lines": []}, "require_admin": {"executed_lines": [], "summary": {"covered_lines": 0, "num_statements": 3, "percent_covered": 0.0, "percent_covered_display": "0", "missing_lines": 3, "excluded_lines": 0}, "missing_lines": [243, 244, 248], "excluded_lines": []}, "require_manager_or_admin": {"executed_lines": [], "summary": {"covered_lines": 0, "num_statements": 3, "percent_covered": 0.0, "percent_covered_display": "0", "missing_lines": 3, "excluded_lines": 0}, "missing_lines": [253, 254, 258], "excluded_lines": []}, "login": {"executed_lines": [], "summary": {"covered_lines": 0, "num_statements": 10, "percent_covered": 0.0, "percent_covered_display": "0", "missing_lines": 10, "excluded_lines": 0}, "missing_lines": [268, 272, 273, 279, 280, 286, 287, 293, 294, 296], "excluded_lines": []}, "get_user_info": {"executed_lines": [], "summary": {"covered_lines": 0, "num_statements": 1, "percent_covered": 0.0, "percent_covered_display": "0", "missing_lines": 1, "excluded_lines": 0}, "missing_lines": [313], "excluded_lines": []}, "logout": {"executed_lines": [], "summary": {"covered_lines": 0, "num_statements": 1, "percent_covered": 0.0, "percent_covered_display": "0", "missing_lines": 1, "excluded_lines": 0}, "missing_lines": [326], "excluded_lines": []}, "register": {"executed_lines": [], "summary": {"covered_lines": 0, "num_statements": 2, "percent_covered": 0.0, "percent_covered_display": "0", "missing_lines": 2, "excluded_lines": 0}, "missing_lines": [335, 337], "excluded_lines": []}, "refresh_token": {"executed_lines": [], "summary": {"covered_lines": 0, "num_statements": 1, "percent_covered": 0.0, "percent_covered_display": "0", "missing_lines": 1, "excluded_lines": 0}, "missing_lines": [357], "excluded_lines": []}, "change_password": {"executed_lines": [], "summary": {"covered_lines": 0, "num_statements": 5, "percent_covered": 0.0, "percent_covered_display": "0", "missing_lines": 5, "excluded_lines": 0}, "missing_lines": [379, 380, 382, 383, 388], "excluded_lines": []}, "forgot_password": {"executed_lines": [], "summary": {"covered_lines": 0, "num_statements": 1, "percent_covered": 0.0, "percent_covered_display": "0", "missing_lines": 1, "excluded_lines": 0}, "missing_lines": [398], "excluded_lines": []}, "reset_password": {"executed_lines": [], "summary": {"covered_lines": 0, "num_statements": 5, "percent_covered": 0.0, "percent_covered_display": "0", "missing_lines": 5, "excluded_lines": 0}, "missing_lines": [408, 409, 411, 412, 417], "excluded_lines": []}, "verify_token": {"executed_lines": [], "summary": {"covered_lines": 0, "num_statements": 1, "percent_covered": 0.0, "percent_covered_display": "0", "missing_lines": 1, "excluded_lines": 0}, "missing_lines": [426], "excluded_lines": []}, "verify_token_get": {"executed_lines": [], "summary": {"covered_lines": 0, "num_statements": 4, "percent_covered": 0.0, "percent_covered_display": "0", "missing_lines": 4, "excluded_lines": 0}, "missing_lines": [435, 436, 437, 438], "excluded_lines": []}, "": {"executed_lines": [], "summary": {"covered_lines": 0, "num_statements": 58, "percent_covered": 0.0, "percent_covered_display": "0", "missing_lines": 58, "excluded_lines": 0}, "missing_lines": [3, 4, 5, 6, 8, 9, 10, 11, 12, 13, 15, 16, 17, 18, 21, 22, 23, 26, 29, 30, 34, 35, 39, 40, 56, 57, 70, 71, 84, 118, 123, 133, 145, 157, 187, 224, 241, 251, 261, 262, 310, 311, 322, 323, 329, 330, 351, 352, 371, 372, 391, 392, 401, 402, 420, 421, 429, 430], "excluded_lines": []}}, "classes": {"AuthService": {"executed_lines": [], "summary": {"covered_lines": 0, "num_statements": 19, "percent_covered": 0.0, "percent_covered_display": "0", "missing_lines": 19, "excluded_lines": 0}, "missing_lines": [32, 37, 42, 43, 44, 46, 48, 53, 54, 59, 60, 62, 67, 68, 73, 74, 75, 76, 77], "excluded_lines": []}, "": {"executed_lines": [], "summary": {"covered_lines": 0, "num_statements": 146, "percent_covered": 0.0, "percent_covered_display": "0", "missing_lines": 146, "excluded_lines": 0}, "missing_lines": [3, 4, 5, 6, 8, 9, 10, 11, 12, 13, 15, 16, 17, 18, 21, 22, 23, 26, 29, 30, 34, 35, 39, 40, 56, 57, 70, 71, 84, 89, 90, 92, 93, 94, 100, 101, 102, 108, 109, 115, 118, 120, 123, 125, 126, 130, 133, 135, 136, 137, 141, 142, 145, 147, 148, 149, 153, 154, 157, 160, 163, 164, 167, 168, 169, 172, 173, 176, 177, 179, 180, 181, 182, 184, 187, 189, 221, 224, 226, 228, 230, 232, 233, 234, 235, 236, 238, 241, 243, 244, 248, 251, 253, 254, 258, 261, 262, 268, 272, 273, 279, 280, 286, 287, 293, 294, 296, 310, 311, 313, 322, 323, 326, 329, 330, 335, 337, 351, 352, 357, 371, 372, 379, 380, 382, 383, 388, 391, 392, 398, 401, 402, 408, 409, 411, 412, 417, 420, 421, 426, 429, 430, 435, 436, 437, 438], "excluded_lines": []}}}, "app/api/v1/changes.py": {"executed_lines": [], "summary": {"covered_lines": 0, "num_statements": 117, "percent_covered": 0.0, "percent_covered_display": "0", "missing_lines": 117, "excluded_lines": 0}, "missing_lines": [3, 4, 5, 7, 8, 9, 11, 12, 13, 18, 20, 23, 25, 28, 30, 33, 45, 51, 53, 55, 56, 60, 63, 81, 82, 83, 86, 87, 88, 93, 95, 97, 123, 124, 125, 131, 137, 147, 148, 153, 154, 156, 157, 159, 160, 163, 166, 167, 170, 171, 172, 199, 200, 207, 212, 213, 219, 225, 231, 236, 237, 242, 269, 275, 282, 283, 288, 289, 295, 296, 297, 298, 300, 301, 303, 329, 330, 331, 332, 333, 339, 345, 352, 354, 359, 360, 366, 371, 373, 378, 380, 381, 382, 385, 386, 387, 388, 390, 392, 397, 398, 399, 400, 401, 407, 413, 422, 423, 430, 431, 433, 436, 437, 438, 450, 452, 453], "excluded_lines": [], "functions": {"get_current_user_id": {"executed_lines": [], "summary": {"covered_lines": 0, "num_statements": 1, "percent_covered": 0.0, "percent_covered_display": "0", "missing_lines": 1, "excluded_lines": 0}, "missing_lines": [25], "excluded_lines": []}, "get_user_tenant_id": {"executed_lines": [], "summary": {"covered_lines": 0, "num_statements": 1, "percent_covered": 0.0, "percent_covered_display": "0", "missing_lines": 1, "excluded_lines": 0}, "missing_lines": [30], "excluded_lines": []}, "create_change": {"executed_lines": [], "summary": {"covered_lines": 0, "num_statements": 18, "percent_covered": 0.0, "percent_covered_display": "0", "missing_lines": 18, "excluded_lines": 0}, "missing_lines": [51, 53, 55, 56, 60, 63, 81, 82, 83, 86, 87, 88, 93, 95, 97, 123, 124, 125], "excluded_lines": []}, "list_changes": {"executed_lines": [], "summary": {"covered_lines": 0, "num_statements": 19, "percent_covered": 0.0, "percent_covered_display": "0", "missing_lines": 19, "excluded_lines": 0}, "missing_lines": [147, 148, 153, 154, 156, 157, 159, 160, 163, 166, 167, 170, 171, 172, 199, 200, 207, 212, 213], "excluded_lines": []}, "get_change": {"executed_lines": [], "summary": {"covered_lines": 0, "num_statements": 4, "percent_covered": 0.0, "percent_covered_display": "0", "missing_lines": 4, "excluded_lines": 0}, "missing_lines": [231, 236, 237, 242], "excluded_lines": []}, "update_change": {"executed_lines": [], "summary": {"covered_lines": 0, "num_statements": 16, "percent_covered": 0.0, "percent_covered_display": "0", "missing_lines": 16, "excluded_lines": 0}, "missing_lines": [282, 283, 288, 289, 295, 296, 297, 298, 300, 301, 303, 329, 330, 331, 332, 333], "excluded_lines": []}, "approve_change": {"executed_lines": [], "summary": {"covered_lines": 0, "num_statements": 22, "percent_covered": 0.0, "percent_covered_display": "0", "missing_lines": 22, "excluded_lines": 0}, "missing_lines": [352, 354, 359, 360, 366, 371, 373, 378, 380, 381, 382, 385, 386, 387, 388, 390, 392, 397, 398, 399, 400, 401], "excluded_lines": []}, "get_change_calendar": {"executed_lines": [], "summary": {"covered_lines": 0, "num_statements": 11, "percent_covered": 0.0, "percent_covered_display": "0", "missing_lines": 11, "excluded_lines": 0}, "missing_lines": [422, 423, 430, 431, 433, 436, 437, 438, 450, 452, 453], "excluded_lines": []}, "": {"executed_lines": [], "summary": {"covered_lines": 0, "num_statements": 25, "percent_covered": 0.0, "percent_covered_display": "0", "missing_lines": 25, "excluded_lines": 0}, "missing_lines": [3, 4, 5, 7, 8, 9, 11, 12, 13, 18, 20, 23, 28, 33, 45, 131, 137, 219, 225, 269, 275, 339, 345, 407, 413], "excluded_lines": []}}, "classes": {"": {"executed_lines": [], "summary": {"covered_lines": 0, "num_statements": 117, "percent_covered": 0.0, "percent_covered_display": "0", "missing_lines": 117, "excluded_lines": 0}, "missing_lines": [3, 4, 5, 7, 8, 9, 11, 12, 13, 18, 20, 23, 25, 28, 30, 33, 45, 51, 53, 55, 56, 60, 63, 81, 82, 83, 86, 87, 88, 93, 95, 97, 123, 124, 125, 131, 137, 147, 148, 153, 154, 156, 157, 159, 160, 163, 166, 167, 170, 171, 172, 199, 200, 207, 212, 213, 219, 225, 231, 236, 237, 242, 269, 275, 282, 283, 288, 289, 295, 296, 297, 298, 300, 301, 303, 329, 330, 331, 332, 333, 339, 345, 352, 354, 359, 360, 366, 371, 373, 378, 380, 381, 382, 385, 386, 387, 388, 390, 392, 397, 398, 399, 400, 401, 407, 413, 422, 423, 430, 431, 433, 436, 437, 438, 450, 452, 453], "excluded_lines": []}}}, "app/api/v1/dashboard.py": {"executed_lines": [], "summary": {"covered_lines": 0, "num_statements": 130, "percent_covered": 0.0, "percent_covered_display": "0", "missing_lines": 130, "excluded_lines": 0}, "missing_lines": [3, 4, 5, 7, 8, 9, 11, 12, 13, 14, 15, 16, 17, 18, 19, 20, 22, 25, 35, 36, 37, 45, 48, 49, 50, 52, 54, 55, 58, 62, 69, 78, 87, 100, 103, 112, 113, 116, 117, 118, 125, 128, 129, 130, 136, 139, 143, 144, 145, 156, 157, 158, 159, 161, 169, 177, 184, 194, 197, 218, 229, 264, 266, 268, 269, 276, 282, 290, 292, 293, 299, 300, 303, 304, 305, 306, 307, 308, 310, 311, 313, 315, 317, 328, 329, 335, 337, 350, 351, 356, 358, 372, 373, 374, 380, 388, 389, 396, 402, 410, 412, 414, 415, 419, 421, 422, 427, 428, 434, 435, 440, 441, 447, 448, 455, 456, 457, 462, 463, 470, 471, 476, 484, 485, 492, 494, 500, 503, 505, 513], "excluded_lines": [], "functions": {"get_dashboard_metrics": {"executed_lines": [], "summary": {"covered_lines": 0, "num_statements": 44, "percent_covered": 0.0, "percent_covered_display": "0", "missing_lines": 44, "excluded_lines": 0}, "missing_lines": [45, 48, 49, 50, 52, 54, 55, 58, 62, 69, 78, 87, 100, 103, 112, 113, 116, 117, 118, 125, 128, 129, 130, 136, 139, 143, 144, 145, 156, 157, 158, 159, 161, 169, 177, 184, 194, 197, 218, 229, 264, 266, 268, 269], "excluded_lines": []}, "get_trend_chart_data": {"executed_lines": [], "summary": {"covered_lines": 0, "num_statements": 30, "percent_covered": 0.0, "percent_covered_display": "0", "missing_lines": 30, "excluded_lines": 0}, "missing_lines": [290, 292, 293, 299, 300, 303, 304, 305, 306, 307, 308, 310, 311, 313, 315, 317, 328, 329, 335, 337, 350, 351, 356, 358, 372, 373, 374, 380, 388, 389], "excluded_lines": []}, "get_distribution_chart_data": {"executed_lines": [], "summary": {"covered_lines": 0, "num_statements": 25, "percent_covered": 0.0, "percent_covered_display": "0", "missing_lines": 25, "excluded_lines": 0}, "missing_lines": [410, 412, 414, 415, 419, 421, 422, 427, 428, 434, 435, 440, 441, 447, 448, 455, 456, 457, 462, 463, 470, 471, 476, 484, 485], "excluded_lines": []}, "get_priority_color": {"executed_lines": [], "summary": {"covered_lines": 0, "num_statements": 2, "percent_covered": 0.0, "percent_covered_display": "0", "missing_lines": 2, "excluded_lines": 0}, "missing_lines": [494, 500], "excluded_lines": []}, "get_status_color": {"executed_lines": [], "summary": {"covered_lines": 0, "num_statements": 2, "percent_covered": 0.0, "percent_covered_display": "0", "missing_lines": 2, "excluded_lines": 0}, "missing_lines": [505, 513], "excluded_lines": []}, "": {"executed_lines": [], "summary": {"covered_lines": 0, "num_statements": 27, "percent_covered": 0.0, "percent_covered_display": "0", "missing_lines": 27, "excluded_lines": 0}, "missing_lines": [3, 4, 5, 7, 8, 9, 11, 12, 13, 14, 15, 16, 17, 18, 19, 20, 22, 25, 35, 36, 37, 276, 282, 396, 402, 492, 503], "excluded_lines": []}}, "classes": {"": {"executed_lines": [], "summary": {"covered_lines": 0, "num_statements": 130, "percent_covered": 0.0, "percent_covered_display": "0", "missing_lines": 130, "excluded_lines": 0}, "missing_lines": [3, 4, 5, 7, 8, 9, 11, 12, 13, 14, 15, 16, 17, 18, 19, 20, 22, 25, 35, 36, 37, 45, 48, 49, 50, 52, 54, 55, 58, 62, 69, 78, 87, 100, 103, 112, 113, 116, 117, 118, 125, 128, 129, 130, 136, 139, 143, 144, 145, 156, 157, 158, 159, 161, 169, 177, 184, 194, 197, 218, 229, 264, 266, 268, 269, 276, 282, 290, 292, 293, 299, 300, 303, 304, 305, 306, 307, 308, 310, 311, 313, 315, 317, 328, 329, 335, 337, 350, 351, 356, 358, 372, 373, 374, 380, 388, 389, 396, 402, 410, 412, 414, 415, 419, 421, 422, 427, 428, 434, 435, 440, 441, 447, 448, 455, 456, 457, 462, 463, 470, 471, 476, 484, 485, 492, 494, 500, 503, 505, 513], "excluded_lines": []}}}, "app/api/v1/incidents.py": {"executed_lines": [], "summary": {"covered_lines": 0, "num_statements": 79, "percent_covered": 0.0, "percent_covered_display": "0", "missing_lines": 79, "excluded_lines": 0}, "missing_lines": [3, 4, 5, 7, 8, 9, 11, 12, 13, 17, 18, 19, 20, 22, 25, 37, 38, 44, 45, 48, 49, 51, 54, 64, 65, 66, 96, 97, 98, 106, 111, 112, 113, 115, 116, 141, 142, 144, 147, 158, 164, 165, 168, 180, 187, 188, 191, 204, 211, 212, 215, 226, 232, 233, 236, 247, 254, 255, 258, 270, 278, 279, 282, 294, 301, 302, 303, 309, 320, 327, 328, 329, 331, 337, 348, 355, 356, 360, 362], "excluded_lines": [], "functions": {"create_incident": {"executed_lines": [], "summary": {"covered_lines": 0, "num_statements": 5, "percent_covered": 0.0, "percent_covered_display": "0", "missing_lines": 5, "excluded_lines": 0}, "missing_lines": [44, 45, 48, 49, 51], "excluded_lines": []}, "list_incidents": {"executed_lines": [], "summary": {"covered_lines": 0, "num_statements": 12, "percent_covered": 0.0, "percent_covered_display": "0", "missing_lines": 12, "excluded_lines": 0}, "missing_lines": [96, 97, 98, 106, 111, 112, 113, 115, 116, 141, 142, 144], "excluded_lines": []}, "get_incident": {"executed_lines": [], "summary": {"covered_lines": 0, "num_statements": 2, "percent_covered": 0.0, "percent_covered_display": "0", "missing_lines": 2, "excluded_lines": 0}, "missing_lines": [164, 165], "excluded_lines": []}, "update_incident": {"executed_lines": [], "summary": {"covered_lines": 0, "num_statements": 2, "percent_covered": 0.0, "percent_covered_display": "0", "missing_lines": 2, "excluded_lines": 0}, "missing_lines": [187, 188], "excluded_lines": []}, "add_work_note": {"executed_lines": [], "summary": {"covered_lines": 0, "num_statements": 2, "percent_covered": 0.0, "percent_covered_display": "0", "missing_lines": 2, "excluded_lines": 0}, "missing_lines": [211, 212], "excluded_lines": []}, "get_incident_history": {"executed_lines": [], "summary": {"covered_lines": 0, "num_statements": 2, "percent_covered": 0.0, "percent_covered_display": "0", "missing_lines": 2, "excluded_lines": 0}, "missing_lines": [232, 233], "excluded_lines": []}, "get_work_notes": {"executed_lines": [], "summary": {"covered_lines": 0, "num_statements": 2, "percent_covered": 0.0, "percent_covered_display": "0", "missing_lines": 2, "excluded_lines": 0}, "missing_lines": [254, 255], "excluded_lines": []}, "update_work_note": {"executed_lines": [], "summary": {"covered_lines": 0, "num_statements": 2, "percent_covered": 0.0, "percent_covered_display": "0", "missing_lines": 2, "excluded_lines": 0}, "missing_lines": [278, 279], "excluded_lines": []}, "delete_work_note": {"executed_lines": [], "summary": {"covered_lines": 0, "num_statements": 3, "percent_covered": 0.0, "percent_covered_display": "0", "missing_lines": 3, "excluded_lines": 0}, "missing_lines": [301, 302, 303], "excluded_lines": []}, "assign_incident": {"executed_lines": [], "summary": {"covered_lines": 0, "num_statements": 4, "percent_covered": 0.0, "percent_covered_display": "0", "missing_lines": 4, "excluded_lines": 0}, "missing_lines": [327, 328, 329, 331], "excluded_lines": []}, "resolve_incident": {"executed_lines": [], "summary": {"covered_lines": 0, "num_statements": 4, "percent_covered": 0.0, "percent_covered_display": "0", "missing_lines": 4, "excluded_lines": 0}, "missing_lines": [355, 356, 360, 362], "excluded_lines": []}, "": {"executed_lines": [], "summary": {"covered_lines": 0, "num_statements": 39, "percent_covered": 0.0, "percent_covered_display": "0", "missing_lines": 39, "excluded_lines": 0}, "missing_lines": [3, 4, 5, 7, 8, 9, 11, 12, 13, 17, 18, 19, 20, 22, 25, 37, 38, 54, 64, 65, 66, 147, 158, 168, 180, 191, 204, 215, 226, 236, 247, 258, 270, 282, 294, 309, 320, 337, 348], "excluded_lines": []}}, "classes": {"": {"executed_lines": [], "summary": {"covered_lines": 0, "num_statements": 79, "percent_covered": 0.0, "percent_covered_display": "0", "missing_lines": 79, "excluded_lines": 0}, "missing_lines": [3, 4, 5, 7, 8, 9, 11, 12, 13, 17, 18, 19, 20, 22, 25, 37, 38, 44, 45, 48, 49, 51, 54, 64, 65, 66, 96, 97, 98, 106, 111, 112, 113, 115, 116, 141, 142, 144, 147, 158, 164, 165, 168, 180, 187, 188, 191, 204, 211, 212, 215, 226, 232, 233, 236, 247, 254, 255, 258, 270, 278, 279, 282, 294, 301, 302, 303, 309, 320, 327, 328, 329, 331, 337, 348, 355, 356, 360, 362], "excluded_lines": []}}}, "app/api/v1/notifications.py": {"executed_lines": [], "summary": {"covered_lines": 0, "num_statements": 101, "percent_covered": 0.0, "percent_covered_display": "0", "missing_lines": 101, "excluded_lines": 0}, "missing_lines": [3, 4, 5, 7, 8, 10, 11, 12, 18, 19, 21, 24, 34, 50, 51, 65, 71, 76, 77, 80, 91, 97, 98, 101, 107, 113, 114, 115, 121, 127, 133, 134, 135, 141, 147, 154, 156, 157, 158, 163, 164, 170, 176, 182, 183, 184, 190, 196, 204, 206, 207, 208, 212, 213, 214, 219, 220, 226, 237, 244, 245, 246, 252, 258, 265, 266, 267, 273, 279, 284, 285, 288, 294, 300, 301, 304, 310, 315, 316, 319, 325, 332, 333, 336, 342, 349, 350, 353, 359, 366, 367, 368, 374, 380, 386, 387, 390, 396, 402, 403, 404], "excluded_lines": [], "functions": {"list_notifications": {"executed_lines": [], "summary": {"covered_lines": 0, "num_statements": 2, "percent_covered": 0.0, "percent_covered_display": "0", "missing_lines": 2, "excluded_lines": 0}, "missing_lines": [50, 51], "excluded_lines": []}, "get_unread_count": {"executed_lines": [], "summary": {"covered_lines": 0, "num_statements": 2, "percent_covered": 0.0, "percent_covered_display": "0", "missing_lines": 2, "excluded_lines": 0}, "missing_lines": [76, 77], "excluded_lines": []}, "get_notification": {"executed_lines": [], "summary": {"covered_lines": 0, "num_statements": 2, "percent_covered": 0.0, "percent_covered_display": "0", "missing_lines": 2, "excluded_lines": 0}, "missing_lines": [97, 98], "excluded_lines": []}, "mark_as_read": {"executed_lines": [], "summary": {"covered_lines": 0, "num_statements": 3, "percent_covered": 0.0, "percent_covered_display": "0", "missing_lines": 3, "excluded_lines": 0}, "missing_lines": [113, 114, 115], "excluded_lines": []}, "mark_as_unread": {"executed_lines": [], "summary": {"covered_lines": 0, "num_statements": 3, "percent_covered": 0.0, "percent_covered_display": "0", "missing_lines": 3, "excluded_lines": 0}, "missing_lines": [133, 134, 135], "excluded_lines": []}, "bulk_mark_as_read": {"executed_lines": [], "summary": {"covered_lines": 0, "num_statements": 6, "percent_covered": 0.0, "percent_covered_display": "0", "missing_lines": 6, "excluded_lines": 0}, "missing_lines": [154, 156, 157, 158, 163, 164], "excluded_lines": []}, "delete_notification": {"executed_lines": [], "summary": {"covered_lines": 0, "num_statements": 3, "percent_covered": 0.0, "percent_covered_display": "0", "missing_lines": 3, "excluded_lines": 0}, "missing_lines": [182, 183, 184], "excluded_lines": []}, "bulk_delete_notifications": {"executed_lines": [], "summary": {"covered_lines": 0, "num_statements": 9, "percent_covered": 0.0, "percent_covered_display": "0", "missing_lines": 9, "excluded_lines": 0}, "missing_lines": [204, 206, 207, 208, 212, 213, 214, 219, 220], "excluded_lines": []}, "send_notification": {"executed_lines": [], "summary": {"covered_lines": 0, "num_statements": 3, "percent_covered": 0.0, "percent_covered_display": "0", "missing_lines": 3, "excluded_lines": 0}, "missing_lines": [244, 245, 246], "excluded_lines": []}, "bulk_send_notifications": {"executed_lines": [], "summary": {"covered_lines": 0, "num_statements": 3, "percent_covered": 0.0, "percent_covered_display": "0", "missing_lines": 3, "excluded_lines": 0}, "missing_lines": [265, 266, 267], "excluded_lines": []}, "get_preferences": {"executed_lines": [], "summary": {"covered_lines": 0, "num_statements": 2, "percent_covered": 0.0, "percent_covered_display": "0", "missing_lines": 2, "excluded_lines": 0}, "missing_lines": [284, 285], "excluded_lines": []}, "update_preferences": {"executed_lines": [], "summary": {"covered_lines": 0, "num_statements": 2, "percent_covered": 0.0, "percent_covered_display": "0", "missing_lines": 2, "excluded_lines": 0}, "missing_lines": [300, 301], "excluded_lines": []}, "list_channels": {"executed_lines": [], "summary": {"covered_lines": 0, "num_statements": 2, "percent_covered": 0.0, "percent_covered_display": "0", "missing_lines": 2, "excluded_lines": 0}, "missing_lines": [315, 316], "excluded_lines": []}, "list_templates": {"executed_lines": [], "summary": {"covered_lines": 0, "num_statements": 2, "percent_covered": 0.0, "percent_covered_display": "0", "missing_lines": 2, "excluded_lines": 0}, "missing_lines": [332, 333], "excluded_lines": []}, "get_statistics": {"executed_lines": [], "summary": {"covered_lines": 0, "num_statements": 2, "percent_covered": 0.0, "percent_covered_display": "0", "missing_lines": 2, "excluded_lines": 0}, "missing_lines": [349, 350], "excluded_lines": []}, "send_test_notification": {"executed_lines": [], "summary": {"covered_lines": 0, "num_statements": 3, "percent_covered": 0.0, "percent_covered_display": "0", "missing_lines": 3, "excluded_lines": 0}, "missing_lines": [366, 367, 368], "excluded_lines": []}, "get_delivery_status": {"executed_lines": [], "summary": {"covered_lines": 0, "num_statements": 2, "percent_covered": 0.0, "percent_covered_display": "0", "missing_lines": 2, "excluded_lines": 0}, "missing_lines": [386, 387], "excluded_lines": []}, "receive_webhook": {"executed_lines": [], "summary": {"covered_lines": 0, "num_statements": 3, "percent_covered": 0.0, "percent_covered_display": "0", "missing_lines": 3, "excluded_lines": 0}, "missing_lines": [402, 403, 404], "excluded_lines": []}, "": {"executed_lines": [], "summary": {"covered_lines": 0, "num_statements": 47, "percent_covered": 0.0, "percent_covered_display": "0", "missing_lines": 47, "excluded_lines": 0}, "missing_lines": [3, 4, 5, 7, 8, 10, 11, 12, 18, 19, 21, 24, 34, 65, 71, 80, 91, 101, 107, 121, 127, 141, 147, 170, 176, 190, 196, 226, 237, 252, 258, 273, 279, 288, 294, 304, 310, 319, 325, 336, 342, 353, 359, 374, 380, 390, 396], "excluded_lines": []}}, "classes": {"": {"executed_lines": [], "summary": {"covered_lines": 0, "num_statements": 101, "percent_covered": 0.0, "percent_covered_display": "0", "missing_lines": 101, "excluded_lines": 0}, "missing_lines": [3, 4, 5, 7, 8, 10, 11, 12, 18, 19, 21, 24, 34, 50, 51, 65, 71, 76, 77, 80, 91, 97, 98, 101, 107, 113, 114, 115, 121, 127, 133, 134, 135, 141, 147, 154, 156, 157, 158, 163, 164, 170, 176, 182, 183, 184, 190, 196, 204, 206, 207, 208, 212, 213, 214, 219, 220, 226, 237, 244, 245, 246, 252, 258, 265, 266, 267, 273, 279, 284, 285, 288, 294, 300, 301, 304, 310, 315, 316, 319, 325, 332, 333, 336, 342, 349, 350, 353, 359, 366, 367, 368, 374, 380, 386, 387, 390, 396, 402, 403, 404], "excluded_lines": []}}}, "app/api/v1/problems.py": {"executed_lines": [], "summary": {"covered_lines": 0, "num_statements": 112, "percent_covered": 0.0, "percent_covered_display": "0", "missing_lines": 112, "excluded_lines": 0}, "missing_lines": [3, 4, 6, 7, 8, 10, 11, 12, 16, 18, 21, 23, 26, 28, 31, 43, 49, 51, 52, 54, 55, 59, 62, 72, 73, 74, 77, 78, 79, 83, 85, 87, 106, 107, 108, 114, 120, 130, 131, 136, 137, 139, 140, 142, 143, 146, 149, 150, 153, 154, 155, 175, 176, 183, 188, 189, 195, 201, 207, 212, 213, 218, 238, 244, 251, 252, 257, 258, 264, 265, 266, 267, 269, 270, 272, 291, 292, 293, 294, 295, 301, 307, 314, 315, 320, 321, 327, 328, 329, 331, 333, 338, 339, 340, 341, 342, 348, 355, 362, 364, 369, 370, 376, 387, 388, 389, 391, 403, 404, 405, 406, 407], "excluded_lines": [], "functions": {"get_current_user_id": {"executed_lines": [], "summary": {"covered_lines": 0, "num_statements": 1, "percent_covered": 0.0, "percent_covered_display": "0", "missing_lines": 1, "excluded_lines": 0}, "missing_lines": [23], "excluded_lines": []}, "get_user_tenant_id": {"executed_lines": [], "summary": {"covered_lines": 0, "num_statements": 1, "percent_covered": 0.0, "percent_covered_display": "0", "missing_lines": 1, "excluded_lines": 0}, "missing_lines": [28], "excluded_lines": []}, "create_problem": {"executed_lines": [], "summary": {"covered_lines": 0, "num_statements": 19, "percent_covered": 0.0, "percent_covered_display": "0", "missing_lines": 19, "excluded_lines": 0}, "missing_lines": [49, 51, 52, 54, 55, 59, 62, 72, 73, 74, 77, 78, 79, 83, 85, 87, 106, 107, 108], "excluded_lines": []}, "list_problems": {"executed_lines": [], "summary": {"covered_lines": 0, "num_statements": 19, "percent_covered": 0.0, "percent_covered_display": "0", "missing_lines": 19, "excluded_lines": 0}, "missing_lines": [130, 131, 136, 137, 139, 140, 142, 143, 146, 149, 150, 153, 154, 155, 175, 176, 183, 188, 189], "excluded_lines": []}, "get_problem": {"executed_lines": [], "summary": {"covered_lines": 0, "num_statements": 4, "percent_covered": 0.0, "percent_covered_display": "0", "missing_lines": 4, "excluded_lines": 0}, "missing_lines": [207, 212, 213, 218], "excluded_lines": []}, "update_problem": {"executed_lines": [], "summary": {"covered_lines": 0, "num_statements": 16, "percent_covered": 0.0, "percent_covered_display": "0", "missing_lines": 16, "excluded_lines": 0}, "missing_lines": [251, 252, 257, 258, 264, 265, 266, 267, 269, 270, 272, 291, 292, 293, 294, 295], "excluded_lines": []}, "update_rca": {"executed_lines": [], "summary": {"covered_lines": 0, "num_statements": 14, "percent_covered": 0.0, "percent_covered_display": "0", "missing_lines": 14, "excluded_lines": 0}, "missing_lines": [314, 315, 320, 321, 327, 328, 329, 331, 333, 338, 339, 340, 341, 342], "excluded_lines": []}, "create_known_error": {"executed_lines": [], "summary": {"covered_lines": 0, "num_statements": 14, "percent_covered": 0.0, "percent_covered_display": "0", "missing_lines": 14, "excluded_lines": 0}, "missing_lines": [362, 364, 369, 370, 376, 387, 388, 389, 391, 403, 404, 405, 406, 407], "excluded_lines": []}, "": {"executed_lines": [], "summary": {"covered_lines": 0, "num_statements": 24, "percent_covered": 0.0, "percent_covered_display": "0", "missing_lines": 24, "excluded_lines": 0}, "missing_lines": [3, 4, 6, 7, 8, 10, 11, 12, 16, 18, 21, 26, 31, 43, 114, 120, 195, 201, 238, 244, 301, 307, 348, 355], "excluded_lines": []}}, "classes": {"": {"executed_lines": [], "summary": {"covered_lines": 0, "num_statements": 112, "percent_covered": 0.0, "percent_covered_display": "0", "missing_lines": 112, "excluded_lines": 0}, "missing_lines": [3, 4, 6, 7, 8, 10, 11, 12, 16, 18, 21, 23, 26, 28, 31, 43, 49, 51, 52, 54, 55, 59, 62, 72, 73, 74, 77, 78, 79, 83, 85, 87, 106, 107, 108, 114, 120, 130, 131, 136, 137, 139, 140, 142, 143, 146, 149, 150, 153, 154, 155, 175, 176, 183, 188, 189, 195, 201, 207, 212, 213, 218, 238, 244, 251, 252, 257, 258, 264, 265, 266, 267, 269, 270, 272, 291, 292, 293, 294, 295, 301, 307, 314, 315, 320, 321, 327, 328, 329, 331, 333, 338, 339, 340, 341, 342, 348, 355, 362, 364, 369, 370, 376, 387, 388, 389, 391, 403, 404, 405, 406, 407], "excluded_lines": []}}}, "app/api/v1/users.py": {"executed_lines": [], "summary": {"covered_lines": 0, "num_statements": 66, "percent_covered": 0.0, "percent_covered_display": "0", "missing_lines": 66, "excluded_lines": 0}, "missing_lines": [3, 4, 6, 7, 9, 10, 11, 15, 16, 18, 21, 34, 41, 42, 45, 55, 71, 72, 85, 96, 103, 104, 107, 120, 128, 129, 132, 144, 151, 152, 153, 159, 171, 178, 179, 180, 186, 198, 205, 206, 207, 213, 226, 234, 235, 238, 249, 256, 257, 260, 272, 279, 280, 281, 291, 302, 310, 311, 314, 320, 325, 326, 329, 335, 340, 341], "excluded_lines": [], "functions": {"create_user": {"executed_lines": [], "summary": {"covered_lines": 0, "num_statements": 2, "percent_covered": 0.0, "percent_covered_display": "0", "missing_lines": 2, "excluded_lines": 0}, "missing_lines": [41, 42], "excluded_lines": []}, "list_users": {"executed_lines": [], "summary": {"covered_lines": 0, "num_statements": 2, "percent_covered": 0.0, "percent_covered_display": "0", "missing_lines": 2, "excluded_lines": 0}, "missing_lines": [71, 72], "excluded_lines": []}, "get_user": {"executed_lines": [], "summary": {"covered_lines": 0, "num_statements": 2, "percent_covered": 0.0, "percent_covered_display": "0", "missing_lines": 2, "excluded_lines": 0}, "missing_lines": [103, 104], "excluded_lines": []}, "update_user": {"executed_lines": [], "summary": {"covered_lines": 0, "num_statements": 2, "percent_covered": 0.0, "percent_covered_display": "0", "missing_lines": 2, "excluded_lines": 0}, "missing_lines": [128, 129], "excluded_lines": []}, "delete_user": {"executed_lines": [], "summary": {"covered_lines": 0, "num_statements": 3, "percent_covered": 0.0, "percent_covered_display": "0", "missing_lines": 3, "excluded_lines": 0}, "missing_lines": [151, 152, 153], "excluded_lines": []}, "activate_user": {"executed_lines": [], "summary": {"covered_lines": 0, "num_statements": 3, "percent_covered": 0.0, "percent_covered_display": "0", "missing_lines": 3, "excluded_lines": 0}, "missing_lines": [178, 179, 180], "excluded_lines": []}, "deactivate_user": {"executed_lines": [], "summary": {"covered_lines": 0, "num_statements": 3, "percent_covered": 0.0, "percent_covered_display": "0", "missing_lines": 3, "excluded_lines": 0}, "missing_lines": [205, 206, 207], "excluded_lines": []}, "update_user_role": {"executed_lines": [], "summary": {"covered_lines": 0, "num_statements": 2, "percent_covered": 0.0, "percent_covered_display": "0", "missing_lines": 2, "excluded_lines": 0}, "missing_lines": [234, 235], "excluded_lines": []}, "get_user_permissions": {"executed_lines": [], "summary": {"covered_lines": 0, "num_statements": 2, "percent_covered": 0.0, "percent_covered_display": "0", "missing_lines": 2, "excluded_lines": 0}, "missing_lines": [256, 257], "excluded_lines": []}, "reset_user_password": {"executed_lines": [], "summary": {"covered_lines": 0, "num_statements": 3, "percent_covered": 0.0, "percent_covered_display": "0", "missing_lines": 3, "excluded_lines": 0}, "missing_lines": [279, 280, 281], "excluded_lines": []}, "get_user_performance": {"executed_lines": [], "summary": {"covered_lines": 0, "num_statements": 2, "percent_covered": 0.0, "percent_covered_display": "0", "missing_lines": 2, "excluded_lines": 0}, "missing_lines": [310, 311], "excluded_lines": []}, "list_available_roles": {"executed_lines": [], "summary": {"covered_lines": 0, "num_statements": 2, "percent_covered": 0.0, "percent_covered_display": "0", "missing_lines": 2, "excluded_lines": 0}, "missing_lines": [325, 326], "excluded_lines": []}, "list_departments": {"executed_lines": [], "summary": {"covered_lines": 0, "num_statements": 2, "percent_covered": 0.0, "percent_covered_display": "0", "missing_lines": 2, "excluded_lines": 0}, "missing_lines": [340, 341], "excluded_lines": []}, "": {"executed_lines": [], "summary": {"covered_lines": 0, "num_statements": 36, "percent_covered": 0.0, "percent_covered_display": "0", "missing_lines": 36, "excluded_lines": 0}, "missing_lines": [3, 4, 6, 7, 9, 10, 11, 15, 16, 18, 21, 34, 45, 55, 85, 96, 107, 120, 132, 144, 159, 171, 186, 198, 213, 226, 238, 249, 260, 272, 291, 302, 314, 320, 329, 335], "excluded_lines": []}}, "classes": {"": {"executed_lines": [], "summary": {"covered_lines": 0, "num_statements": 66, "percent_covered": 0.0, "percent_covered_display": "0", "missing_lines": 66, "excluded_lines": 0}, "missing_lines": [3, 4, 6, 7, 9, 10, 11, 15, 16, 18, 21, 34, 41, 42, 45, 55, 71, 72, 85, 96, 103, 104, 107, 120, 128, 129, 132, 144, 151, 152, 153, 159, 171, 178, 179, 180, 186, 198, 205, 206, 207, 213, 226, 234, 235, 238, 249, 256, 257, 260, 272, 279, 280, 281, 291, 302, 310, 311, 314, 320, 325, 326, 329, 335, 340, 341], "excluded_lines": []}}}, "app/core/config.py": {"executed_lines": [1, 3, 4, 6, 7], "summary": {"covered_lines": 4, "num_statements": 28, "percent_covered": 14.285714285714286, "percent_covered_display": "14", "missing_lines": 24, "excluded_lines": 0}, "missing_lines": [10, 14, 15, 16, 19, 20, 23, 26, 27, 28, 31, 38, 41, 44, 45, 48, 51, 52, 53, 54, 55, 56, 58, 65], "excluded_lines": [], "functions": {"": {"executed_lines": [1, 3, 4, 6, 7], "summary": {"covered_lines": 4, "num_statements": 28, "percent_covered": 14.285714285714286, "percent_covered_display": "14", "missing_lines": 24, "excluded_lines": 0}, "missing_lines": [10, 14, 15, 16, 19, 20, 23, 26, 27, 28, 31, 38, 41, 44, 45, 48, 51, 52, 53, 54, 55, 56, 58, 65], "excluded_lines": []}}, "classes": {"Settings": {"executed_lines": [], "summary": {"covered_lines": 0, "num_statements": 0, "percent_covered": 100.0, "percent_covered_display": "100", "missing_lines": 0, "excluded_lines": 0}, "missing_lines": [], "excluded_lines": []}, "": {"executed_lines": [1, 3, 4, 6, 7], "summary": {"covered_lines": 4, "num_statements": 28, "percent_covered": 14.285714285714286, "percent_covered_display": "14", "missing_lines": 24, "excluded_lines": 0}, "missing_lines": [10, 14, 15, 16, 19, 20, 23, 26, 27, 28, 31, 38, 41, 44, 45, 48, 51, 52, 53, 54, 55, 56, 58, 65], "excluded_lines": []}}}, "app/db/base.py": {"executed_lines": [1, 3, 4, 5, 6, 8], "summary": {"covered_lines": 5, "num_statements": 18, "percent_covered": 27.77777777777778, "percent_covered_display": "28", "missing_lines": 13, "excluded_lines": 0}, "missing_lines": [11, 12, 15, 16, 21, 24, 26, 27, 28, 30, 33, 35, 36], "excluded_lines": [], "functions": {"get_db": {"executed_lines": [], "summary": {"covered_lines": 0, "num_statements": 4, "percent_covered": 0.0, "percent_covered_display": "0", "missing_lines": 4, "excluded_lines": 0}, "missing_lines": [26, 27, 28, 30], "excluded_lines": []}, "get_async_db": {"executed_lines": [], "summary": {"covered_lines": 0, "num_statements": 2, "percent_covered": 0.0, "percent_covered_display": "0", "missing_lines": 2, "excluded_lines": 0}, "missing_lines": [35, 36], "excluded_lines": []}, "": {"executed_lines": [1, 3, 4, 5, 6, 8], "summary": {"covered_lines": 5, "num_statements": 12, "percent_covered": 41.666666666666664, "percent_covered_display": "42", "missing_lines": 7, "excluded_lines": 0}, "missing_lines": [11, 12, 15, 16, 21, 24, 33], "excluded_lines": []}}, "classes": {"": {"executed_lines": [1, 3, 4, 5, 6, 8], "summary": {"covered_lines": 5, "num_statements": 18, "percent_covered": 27.77777777777778, "percent_covered_display": "28", "missing_lines": 13, "excluded_lines": 0}, "missing_lines": [11, 12, 15, 16, 21, 24, 26, 27, 28, 30, 33, 35, 36], "excluded_lines": []}}}, "app/main.py": {"executed_lines": [1, 3, 4, 5, 6, 7, 8, 10], "summary": {"covered_lines": 7, "num_statements": 69, "percent_covered": 10.144927536231885, "percent_covered_display": "10", "missing_lines": 62, "excluded_lines": 0}, "missing_lines": [11, 12, 13, 20, 21, 24, 25, 28, 38, 47, 50, 51, 52, 53, 54, 58, 59, 61, 63, 72, 85, 86, 88, 90, 98, 110, 111, 113, 116, 117, 118, 119, 124, 132, 145, 146, 148, 150, 159, 172, 173, 175, 176, 177, 179, 180, 182, 194, 195, 197, 206, 210, 211, 213, 214, 215, 219, 220, 222, 225, 226, 228], "excluded_lines": [], "functions": {"itsm_exception_handler": {"executed_lines": [], "summary": {"covered_lines": 0, "num_statements": 3, "percent_covered": 0.0, "percent_covered_display": "0", "missing_lines": 3, "excluded_lines": 0}, "missing_lines": [61, 63, 72], "excluded_lines": []}, "http_exception_handler": {"executed_lines": [], "summary": {"covered_lines": 0, "num_statements": 3, "percent_covered": 0.0, "percent_covered_display": "0", "missing_lines": 3, "excluded_lines": 0}, "missing_lines": [88, 90, 98], "excluded_lines": []}, "validation_exception_handler": {"executed_lines": [], "summary": {"covered_lines": 0, "num_statements": 7, "percent_covered": 0.0, "percent_covered_display": "0", "missing_lines": 7, "excluded_lines": 0}, "missing_lines": [113, 116, 117, 118, 119, 124, 132], "excluded_lines": []}, "general_exception_handler": {"executed_lines": [], "summary": {"covered_lines": 0, "num_statements": 3, "percent_covered": 0.0, "percent_covered_display": "0", "missing_lines": 3, "excluded_lines": 0}, "missing_lines": [148, 150, 159], "excluded_lines": []}, "health_check": {"executed_lines": [], "summary": {"covered_lines": 0, "num_statements": 6, "percent_covered": 0.0, "percent_covered_display": "0", "missing_lines": 6, "excluded_lines": 0}, "missing_lines": [175, 176, 177, 179, 180, 182], "excluded_lines": []}, "version_info": {"executed_lines": [], "summary": {"covered_lines": 0, "num_statements": 1, "percent_covered": 0.0, "percent_covered_display": "0", "missing_lines": 1, "excluded_lines": 0}, "missing_lines": [197], "excluded_lines": []}, "startup_event": {"executed_lines": [], "summary": {"covered_lines": 0, "num_statements": 3, "percent_covered": 0.0, "percent_covered_display": "0", "missing_lines": 3, "excluded_lines": 0}, "missing_lines": [213, 214, 215], "excluded_lines": []}, "shutdown_event": {"executed_lines": [], "summary": {"covered_lines": 0, "num_statements": 1, "percent_covered": 0.0, "percent_covered_display": "0", "missing_lines": 1, "excluded_lines": 0}, "missing_lines": [222], "excluded_lines": []}, "": {"executed_lines": [1, 3, 4, 5, 6, 7, 8, 10], "summary": {"covered_lines": 7, "num_statements": 42, "percent_covered": 16.666666666666668, "percent_covered_display": "17", "missing_lines": 35, "excluded_lines": 0}, "missing_lines": [11, 12, 13, 20, 21, 24, 25, 28, 38, 47, 50, 51, 52, 53, 54, 58, 59, 85, 86, 110, 111, 145, 146, 172, 173, 194, 195, 206, 210, 211, 219, 220, 225, 226, 228], "excluded_lines": []}}, "classes": {"": {"executed_lines": [1, 3, 4, 5, 6, 7, 8, 10], "summary": {"covered_lines": 7, "num_statements": 69, "percent_covered": 10.144927536231885, "percent_covered_display": "10", "missing_lines": 62, "excluded_lines": 0}, "missing_lines": [11, 12, 13, 20, 21, 24, 25, 28, 38, 47, 50, 51, 52, 53, 54, 58, 59, 61, 63, 72, 85, 86, 88, 90, 98, 110, 111, 113, 116, 117, 118, 119, 124, 132, 145, 146, 148, 150, 159, 172, 173, 175, 176, 177, 179, 180, 182, 194, 195, 197, 206, 210, 211, 213, 214, 215, 219, 220, 222, 225, 226, 228], "excluded_lines": []}}}, "app/middleware/__init__.py": {"executed_lines": [], "summary": {"covered_lines": 0, "num_statements": 2, "percent_covered": 0.0, "percent_covered_display": "0", "missing_lines": 2, "excluded_lines": 0}, "missing_lines": [3, 12], "excluded_lines": [], "functions": {"": {"executed_lines": [], "summary": {"covered_lines": 0, "num_statements": 2, "percent_covered": 0.0, "percent_covered_display": "0", "missing_lines": 2, "excluded_lines": 0}, "missing_lines": [3, 12], "excluded_lines": []}}, "classes": {"": {"executed_lines": [], "summary": {"covered_lines": 0, "num_statements": 2, "percent_covered": 0.0, "percent_covered_display": "0", "missing_lines": 2, "excluded_lines": 0}, "missing_lines": [3, 12], "excluded_lines": []}}}, "app/middleware/performance.py": {"executed_lines": [], "summary": {"covered_lines": 0, "num_statements": 109, "percent_covered": 0.0, "percent_covered_display": "0", "missing_lines": 109, "excluded_lines": 0}, "missing_lines": [3, 4, 5, 6, 7, 8, 9, 11, 12, 14, 17, 20, 21, 22, 24, 28, 29, 30, 32, 34, 36, 39, 42, 43, 46, 49, 50, 55, 57, 59, 60, 61, 63, 64, 67, 70, 71, 72, 73, 75, 78, 81, 82, 85, 86, 87, 90, 91, 99, 100, 103, 104, 105, 107, 113, 114, 117, 124, 128, 129, 130, 133, 134, 137, 138, 148, 151, 154, 155, 156, 164, 167, 170, 171, 174, 175, 177, 178, 179, 180, 182, 183, 184, 186, 187, 188, 190, 193, 196, 199, 202, 210, 211, 213, 216, 219, 223, 224, 225, 227, 235, 237, 240, 244, 245, 246, 247, 248, 250], "excluded_lines": [], "functions": {"PerformanceMonitorMiddleware.__init__": {"executed_lines": [], "summary": {"covered_lines": 0, "num_statements": 2, "percent_covered": 0.0, "percent_covered_display": "0", "missing_lines": 2, "excluded_lines": 0}, "missing_lines": [21, 22], "excluded_lines": []}, "PerformanceMonitorMiddleware.dispatch": {"executed_lines": [], "summary": {"covered_lines": 0, "num_statements": 19, "percent_covered": 0.0, "percent_covered_display": "0", "missing_lines": 19, "excluded_lines": 0}, "missing_lines": [28, 29, 30, 32, 34, 36, 39, 42, 43, 46, 49, 50, 55, 57, 59, 60, 61, 63, 64], "excluded_lines": []}, "ResponseCompressionMiddleware.__init__": {"executed_lines": [], "summary": {"covered_lines": 0, "num_statements": 3, "percent_covered": 0.0, "percent_covered_display": "0", "missing_lines": 3, "excluded_lines": 0}, "missing_lines": [71, 72, 73], "excluded_lines": []}, "ResponseCompressionMiddleware.dispatch": {"executed_lines": [], "summary": {"covered_lines": 0, "num_statements": 17, "percent_covered": 0.0, "percent_covered_display": "0", "missing_lines": 17, "excluded_lines": 0}, "missing_lines": [78, 81, 82, 85, 86, 87, 90, 91, 99, 100, 103, 104, 105, 107, 113, 114, 117], "excluded_lines": []}, "ResponseCompressionMiddleware._should_compress": {"executed_lines": [], "summary": {"covered_lines": 0, "num_statements": 8, "percent_covered": 0.0, "percent_covered_display": "0", "missing_lines": 8, "excluded_lines": 0}, "missing_lines": [128, 129, 130, 133, 134, 137, 138, 148], "excluded_lines": []}, "CacheHeaderMiddleware.__init__": {"executed_lines": [], "summary": {"covered_lines": 0, "num_statements": 2, "percent_covered": 0.0, "percent_covered_display": "0", "missing_lines": 2, "excluded_lines": 0}, "missing_lines": [155, 156], "excluded_lines": []}, "CacheHeaderMiddleware.dispatch": {"executed_lines": [], "summary": {"covered_lines": 0, "num_statements": 16, "percent_covered": 0.0, "percent_covered_display": "0", "missing_lines": 16, "excluded_lines": 0}, "missing_lines": [167, 170, 171, 174, 175, 177, 178, 179, 180, 182, 183, 184, 186, 187, 188, 190], "excluded_lines": []}, "SecurityHeaderMiddleware.dispatch": {"executed_lines": [], "summary": {"covered_lines": 0, "num_statements": 5, "percent_covered": 0.0, "percent_covered_display": "0", "missing_lines": 5, "excluded_lines": 0}, "missing_lines": [199, 202, 210, 211, 213], "excluded_lines": []}, "HealthCheckMiddleware.dispatch": {"executed_lines": [], "summary": {"covered_lines": 0, "num_statements": 6, "percent_covered": 0.0, "percent_covered_display": "0", "missing_lines": 6, "excluded_lines": 0}, "missing_lines": [223, 224, 225, 227, 235, 237], "excluded_lines": []}, "setup_performance_middleware": {"executed_lines": [], "summary": {"covered_lines": 0, "num_statements": 6, "percent_covered": 0.0, "percent_covered_display": "0", "missing_lines": 6, "excluded_lines": 0}, "missing_lines": [244, 245, 246, 247, 248, 250], "excluded_lines": []}, "": {"executed_lines": [], "summary": {"covered_lines": 0, "num_statements": 25, "percent_covered": 0.0, "percent_covered_display": "0", "missing_lines": 25, "excluded_lines": 0}, "missing_lines": [3, 4, 5, 6, 7, 8, 9, 11, 12, 14, 17, 20, 24, 67, 70, 75, 124, 151, 154, 164, 193, 196, 216, 219, 240], "excluded_lines": []}}, "classes": {"PerformanceMonitorMiddleware": {"executed_lines": [], "summary": {"covered_lines": 0, "num_statements": 21, "percent_covered": 0.0, "percent_covered_display": "0", "missing_lines": 21, "excluded_lines": 0}, "missing_lines": [21, 22, 28, 29, 30, 32, 34, 36, 39, 42, 43, 46, 49, 50, 55, 57, 59, 60, 61, 63, 64], "excluded_lines": []}, "ResponseCompressionMiddleware": {"executed_lines": [], "summary": {"covered_lines": 0, "num_statements": 28, "percent_covered": 0.0, "percent_covered_display": "0", "missing_lines": 28, "excluded_lines": 0}, "missing_lines": [71, 72, 73, 78, 81, 82, 85, 86, 87, 90, 91, 99, 100, 103, 104, 105, 107, 113, 114, 117, 128, 129, 130, 133, 134, 137, 138, 148], "excluded_lines": []}, "CacheHeaderMiddleware": {"executed_lines": [], "summary": {"covered_lines": 0, "num_statements": 18, "percent_covered": 0.0, "percent_covered_display": "0", "missing_lines": 18, "excluded_lines": 0}, "missing_lines": [155, 156, 167, 170, 171, 174, 175, 177, 178, 179, 180, 182, 183, 184, 186, 187, 188, 190], "excluded_lines": []}, "SecurityHeaderMiddleware": {"executed_lines": [], "summary": {"covered_lines": 0, "num_statements": 5, "percent_covered": 0.0, "percent_covered_display": "0", "missing_lines": 5, "excluded_lines": 0}, "missing_lines": [199, 202, 210, 211, 213], "excluded_lines": []}, "HealthCheckMiddleware": {"executed_lines": [], "summary": {"covered_lines": 0, "num_statements": 6, "percent_covered": 0.0, "percent_covered_display": "0", "missing_lines": 6, "excluded_lines": 0}, "missing_lines": [223, 224, 225, 227, 235, 237], "excluded_lines": []}, "": {"executed_lines": [], "summary": {"covered_lines": 0, "num_statements": 31, "percent_covered": 0.0, "percent_covered_display": "0", "missing_lines": 31, "excluded_lines": 0}, "missing_lines": [3, 4, 5, 6, 7, 8, 9, 11, 12, 14, 17, 20, 24, 67, 70, 75, 124, 151, 154, 164, 193, 196, 216, 219, 240, 244, 245, 246, 247, 248, 250], "excluded_lines": []}}}, "app/models/__init__.py": {"executed_lines": [1, 3], "summary": {"covered_lines": 1, "num_statements": 8, "percent_covered": 12.5, "percent_covered_display": "12", "missing_lines": 7, "excluded_lines": 0}, "missing_lines": [4, 5, 6, 7, 8, 9, 11], "excluded_lines": [], "functions": {"": {"executed_lines": [1, 3], "summary": {"covered_lines": 1, "num_statements": 8, "percent_covered": 12.5, "percent_covered_display": "12", "missing_lines": 7, "excluded_lines": 0}, "missing_lines": [4, 5, 6, 7, 8, 9, 11], "excluded_lines": []}}, "classes": {"": {"executed_lines": [1, 3], "summary": {"covered_lines": 1, "num_statements": 8, "percent_covered": 12.5, "percent_covered_display": "12", "missing_lines": 7, "excluded_lines": 0}, "missing_lines": [4, 5, 6, 7, 8, 9, 11], "excluded_lines": []}}}, "app/models/attachment.py": {"executed_lines": [], "summary": {"covered_lines": 0, "num_statements": 68, "percent_covered": 0.0, "percent_covered_display": "0", "missing_lines": 68, "excluded_lines": 0}, "missing_lines": [3, 4, 5, 6, 8, 9, 12, 14, 16, 17, 18, 21, 22, 23, 24, 25, 26, 29, 30, 33, 34, 37, 38, 39, 40, 41, 44, 45, 46, 47, 50, 52, 54, 55, 58, 59, 60, 61, 64, 65, 66, 69, 72, 75, 77, 79, 80, 83, 84, 85, 86, 89, 92, 93, 96, 98, 100, 101, 104, 105, 108, 109, 110, 111, 114, 115, 118, 119], "excluded_lines": [], "functions": {"": {"executed_lines": [], "summary": {"covered_lines": 0, "num_statements": 68, "percent_covered": 0.0, "percent_covered_display": "0", "missing_lines": 68, "excluded_lines": 0}, "missing_lines": [3, 4, 5, 6, 8, 9, 12, 14, 16, 17, 18, 21, 22, 23, 24, 25, 26, 29, 30, 33, 34, 37, 38, 39, 40, 41, 44, 45, 46, 47, 50, 52, 54, 55, 58, 59, 60, 61, 64, 65, 66, 69, 72, 75, 77, 79, 80, 83, 84, 85, 86, 89, 92, 93, 96, 98, 100, 101, 104, 105, 108, 109, 110, 111, 114, 115, 118, 119], "excluded_lines": []}}, "classes": {"Attachment": {"executed_lines": [], "summary": {"covered_lines": 0, "num_statements": 0, "percent_covered": 100.0, "percent_covered_display": "100", "missing_lines": 0, "excluded_lines": 0}, "missing_lines": [], "excluded_lines": []}, "AttachmentScanResult": {"executed_lines": [], "summary": {"covered_lines": 0, "num_statements": 0, "percent_covered": 100.0, "percent_covered_display": "100", "missing_lines": 0, "excluded_lines": 0}, "missing_lines": [], "excluded_lines": []}, "AttachmentAccessLog": {"executed_lines": [], "summary": {"covered_lines": 0, "num_statements": 0, "percent_covered": 100.0, "percent_covered_display": "100", "missing_lines": 0, "excluded_lines": 0}, "missing_lines": [], "excluded_lines": []}, "AttachmentVersion": {"executed_lines": [], "summary": {"covered_lines": 0, "num_statements": 0, "percent_covered": 100.0, "percent_covered_display": "100", "missing_lines": 0, "excluded_lines": 0}, "missing_lines": [], "excluded_lines": []}, "": {"executed_lines": [], "summary": {"covered_lines": 0, "num_statements": 68, "percent_covered": 0.0, "percent_covered_display": "0", "missing_lines": 68, "excluded_lines": 0}, "missing_lines": [3, 4, 5, 6, 8, 9, 12, 14, 16, 17, 18, 21, 22, 23, 24, 25, 26, 29, 30, 33, 34, 37, 38, 39, 40, 41, 44, 45, 46, 47, 50, 52, 54, 55, 58, 59, 60, 61, 64, 65, 66, 69, 72, 75, 77, 79, 80, 83, 84, 85, 86, 89, 92, 93, 96, 98, 100, 101, 104, 105, 108, 109, 110, 111, 114, 115, 118, 119], "excluded_lines": []}}}, "app/models/category.py": {"executed_lines": [], "summary": {"covered_lines": 0, "num_statements": 23, "percent_covered": 0.0, "percent_covered_display": "0", "missing_lines": 23, "excluded_lines": 0}, "missing_lines": [3, 4, 5, 6, 8, 9, 12, 14, 16, 17, 18, 19, 20, 21, 22, 25, 26, 27, 28, 29, 32, 33, 34], "excluded_lines": [], "functions": {"": {"executed_lines": [], "summary": {"covered_lines": 0, "num_statements": 23, "percent_covered": 0.0, "percent_covered_display": "0", "missing_lines": 23, "excluded_lines": 0}, "missing_lines": [3, 4, 5, 6, 8, 9, 12, 14, 16, 17, 18, 19, 20, 21, 22, 25, 26, 27, 28, 29, 32, 33, 34], "excluded_lines": []}}, "classes": {"Category": {"executed_lines": [], "summary": {"covered_lines": 0, "num_statements": 0, "percent_covered": 100.0, "percent_covered_display": "100", "missing_lines": 0, "excluded_lines": 0}, "missing_lines": [], "excluded_lines": []}, "": {"executed_lines": [], "summary": {"covered_lines": 0, "num_statements": 23, "percent_covered": 0.0, "percent_covered_display": "0", "missing_lines": 23, "excluded_lines": 0}, "missing_lines": [3, 4, 5, 6, 8, 9, 12, 14, 16, 17, 18, 19, 20, 21, 22, 25, 26, 27, 28, 29, 32, 33, 34], "excluded_lines": []}}}, "app/models/change.py": {"executed_lines": [], "summary": {"covered_lines": 0, "num_statements": 80, "percent_covered": 0.0, "percent_covered_display": "0", "missing_lines": 80, "excluded_lines": 0}, "missing_lines": [3, 4, 5, 6, 8, 10, 11, 14, 16, 17, 18, 21, 23, 24, 25, 26, 27, 28, 29, 30, 31, 34, 36, 37, 38, 39, 42, 44, 46, 47, 48, 49, 50, 51, 52, 53, 54, 55, 56, 57, 60, 61, 62, 63, 66, 67, 70, 73, 74, 77, 78, 79, 80, 83, 85, 87, 88, 89, 90, 91, 92, 93, 96, 97, 100, 102, 104, 105, 106, 107, 108, 109, 110, 111, 112, 113, 114, 115, 118, 119], "excluded_lines": [], "functions": {"": {"executed_lines": [], "summary": {"covered_lines": 0, "num_statements": 80, "percent_covered": 0.0, "percent_covered_display": "0", "missing_lines": 80, "excluded_lines": 0}, "missing_lines": [3, 4, 5, 6, 8, 10, 11, 14, 16, 17, 18, 21, 23, 24, 25, 26, 27, 28, 29, 30, 31, 34, 36, 37, 38, 39, 42, 44, 46, 47, 48, 49, 50, 51, 52, 53, 54, 55, 56, 57, 60, 61, 62, 63, 66, 67, 70, 73, 74, 77, 78, 79, 80, 83, 85, 87, 88, 89, 90, 91, 92, 93, 96, 97, 100, 102, 104, 105, 106, 107, 108, 109, 110, 111, 112, 113, 114, 115, 118, 119], "excluded_lines": []}}, "classes": {"ChangeType": {"executed_lines": [], "summary": {"covered_lines": 0, "num_statements": 0, "percent_covered": 100.0, "percent_covered_display": "100", "missing_lines": 0, "excluded_lines": 0}, "missing_lines": [], "excluded_lines": []}, "ChangeStatus": {"executed_lines": [], "summary": {"covered_lines": 0, "num_statements": 0, "percent_covered": 100.0, "percent_covered_display": "100", "missing_lines": 0, "excluded_lines": 0}, "missing_lines": [], "excluded_lines": []}, "RiskLevel": {"executed_lines": [], "summary": {"covered_lines": 0, "num_statements": 0, "percent_covered": 100.0, "percent_covered_display": "100", "missing_lines": 0, "excluded_lines": 0}, "missing_lines": [], "excluded_lines": []}, "Change": {"executed_lines": [], "summary": {"covered_lines": 0, "num_statements": 0, "percent_covered": 100.0, "percent_covered_display": "100", "missing_lines": 0, "excluded_lines": 0}, "missing_lines": [], "excluded_lines": []}, "ChangeApproval": {"executed_lines": [], "summary": {"covered_lines": 0, "num_statements": 0, "percent_covered": 100.0, "percent_covered_display": "100", "missing_lines": 0, "excluded_lines": 0}, "missing_lines": [], "excluded_lines": []}, "ChangeTask": {"executed_lines": [], "summary": {"covered_lines": 0, "num_statements": 0, "percent_covered": 100.0, "percent_covered_display": "100", "missing_lines": 0, "excluded_lines": 0}, "missing_lines": [], "excluded_lines": []}, "": {"executed_lines": [], "summary": {"covered_lines": 0, "num_statements": 80, "percent_covered": 0.0, "percent_covered_display": "0", "missing_lines": 80, "excluded_lines": 0}, "missing_lines": [3, 4, 5, 6, 8, 10, 11, 14, 16, 17, 18, 21, 23, 24, 25, 26, 27, 28, 29, 30, 31, 34, 36, 37, 38, 39, 42, 44, 46, 47, 48, 49, 50, 51, 52, 53, 54, 55, 56, 57, 60, 61, 62, 63, 66, 67, 70, 73, 74, 77, 78, 79, 80, 83, 85, 87, 88, 89, 90, 91, 92, 93, 96, 97, 100, 102, 104, 105, 106, 107, 108, 109, 110, 111, 112, 113, 114, 115, 118, 119], "excluded_lines": []}}}, "app/models/common.py": {"executed_lines": [], "summary": {"covered_lines": 0, "num_statements": 44, "percent_covered": 0.0, "percent_covered_display": "0", "missing_lines": 44, "excluded_lines": 0}, "missing_lines": [3, 4, 5, 6, 7, 8, 10, 13, 15, 16, 18, 19, 20, 22, 24, 25, 26, 27, 28, 30, 31, 32, 34, 35, 36, 37, 38, 40, 41, 42, 45, 47, 49, 50, 51, 52, 53, 54, 55, 56, 57, 58, 59, 62], "excluded_lines": [], "functions": {"UUID.load_dialect_impl": {"executed_lines": [], "summary": {"covered_lines": 0, "num_statements": 3, "percent_covered": 0.0, "percent_covered_display": "0", "missing_lines": 3, "excluded_lines": 0}, "missing_lines": [19, 20, 22], "excluded_lines": []}, "UUID.process_bind_param": {"executed_lines": [], "summary": {"covered_lines": 0, "num_statements": 7, "percent_covered": 0.0, "percent_covered_display": "0", "missing_lines": 7, "excluded_lines": 0}, "missing_lines": [25, 26, 27, 28, 30, 31, 32], "excluded_lines": []}, "UUID.process_result_value": {"executed_lines": [], "summary": {"covered_lines": 0, "num_statements": 7, "percent_covered": 0.0, "percent_covered_display": "0", "missing_lines": 7, "excluded_lines": 0}, "missing_lines": [35, 36, 37, 38, 40, 41, 42], "excluded_lines": []}, "": {"executed_lines": [], "summary": {"covered_lines": 0, "num_statements": 27, "percent_covered": 0.0, "percent_covered_display": "0", "missing_lines": 27, "excluded_lines": 0}, "missing_lines": [3, 4, 5, 6, 7, 8, 10, 13, 15, 16, 18, 24, 34, 45, 47, 49, 50, 51, 52, 53, 54, 55, 56, 57, 58, 59, 62], "excluded_lines": []}}, "classes": {"UUID": {"executed_lines": [], "summary": {"covered_lines": 0, "num_statements": 17, "percent_covered": 0.0, "percent_covered_display": "0", "missing_lines": 17, "excluded_lines": 0}, "missing_lines": [19, 20, 22, 25, 26, 27, 28, 30, 31, 32, 35, 36, 37, 38, 40, 41, 42], "excluded_lines": []}, "AuditLog": {"executed_lines": [], "summary": {"covered_lines": 0, "num_statements": 0, "percent_covered": 100.0, "percent_covered_display": "100", "missing_lines": 0, "excluded_lines": 0}, "missing_lines": [], "excluded_lines": []}, "": {"executed_lines": [], "summary": {"covered_lines": 0, "num_statements": 27, "percent_covered": 0.0, "percent_covered_display": "0", "missing_lines": 27, "excluded_lines": 0}, "missing_lines": [3, 4, 5, 6, 7, 8, 10, 13, 15, 16, 18, 24, 34, 45, 47, 49, 50, 51, 52, 53, 54, 55, 56, 57, 58, 59, 62], "excluded_lines": []}}}, "app/models/incident.py": {"executed_lines": [], "summary": {"covered_lines": 0, "num_statements": 92, "percent_covered": 0.0, "percent_covered_display": "0", "missing_lines": 92, "excluded_lines": 0}, "missing_lines": [3, 4, 5, 6, 7, 9, 10, 13, 15, 16, 17, 18, 19, 20, 23, 25, 26, 27, 28, 31, 33, 34, 35, 36, 39, 41, 43, 44, 45, 46, 47, 48, 49, 50, 51, 54, 55, 56, 57, 60, 61, 62, 63, 64, 67, 70, 71, 72, 73, 74, 77, 78, 79, 80, 81, 82, 83, 86, 88, 90, 91, 92, 93, 94, 95, 96, 99, 100, 103, 105, 107, 108, 109, 110, 111, 112, 113, 114, 117, 118, 121, 123, 125, 126, 127, 128, 129, 130, 131, 132, 135, 136], "excluded_lines": [], "functions": {"": {"executed_lines": [], "summary": {"covered_lines": 0, "num_statements": 92, "percent_covered": 0.0, "percent_covered_display": "0", "missing_lines": 92, "excluded_lines": 0}, "missing_lines": [3, 4, 5, 6, 7, 9, 10, 13, 15, 16, 17, 18, 19, 20, 23, 25, 26, 27, 28, 31, 33, 34, 35, 36, 39, 41, 43, 44, 45, 46, 47, 48, 49, 50, 51, 54, 55, 56, 57, 60, 61, 62, 63, 64, 67, 70, 71, 72, 73, 74, 77, 78, 79, 80, 81, 82, 83, 86, 88, 90, 91, 92, 93, 94, 95, 96, 99, 100, 103, 105, 107, 108, 109, 110, 111, 112, 113, 114, 117, 118, 121, 123, 125, 126, 127, 128, 129, 130, 131, 132, 135, 136], "excluded_lines": []}}, "classes": {"IncidentStatus": {"executed_lines": [], "summary": {"covered_lines": 0, "num_statements": 0, "percent_covered": 100.0, "percent_covered_display": "100", "missing_lines": 0, "excluded_lines": 0}, "missing_lines": [], "excluded_lines": []}, "Priority": {"executed_lines": [], "summary": {"covered_lines": 0, "num_statements": 0, "percent_covered": 100.0, "percent_covered_display": "100", "missing_lines": 0, "excluded_lines": 0}, "missing_lines": [], "excluded_lines": []}, "Impact": {"executed_lines": [], "summary": {"covered_lines": 0, "num_statements": 0, "percent_covered": 100.0, "percent_covered_display": "100", "missing_lines": 0, "excluded_lines": 0}, "missing_lines": [], "excluded_lines": []}, "Incident": {"executed_lines": [], "summary": {"covered_lines": 0, "num_statements": 0, "percent_covered": 100.0, "percent_covered_display": "100", "missing_lines": 0, "excluded_lines": 0}, "missing_lines": [], "excluded_lines": []}, "IncidentHistory": {"executed_lines": [], "summary": {"covered_lines": 0, "num_statements": 0, "percent_covered": 100.0, "percent_covered_display": "100", "missing_lines": 0, "excluded_lines": 0}, "missing_lines": [], "excluded_lines": []}, "IncidentWorkNote": {"executed_lines": [], "summary": {"covered_lines": 0, "num_statements": 0, "percent_covered": 100.0, "percent_covered_display": "100", "missing_lines": 0, "excluded_lines": 0}, "missing_lines": [], "excluded_lines": []}, "IncidentAttachment": {"executed_lines": [], "summary": {"covered_lines": 0, "num_statements": 0, "percent_covered": 100.0, "percent_covered_display": "100", "missing_lines": 0, "excluded_lines": 0}, "missing_lines": [], "excluded_lines": []}, "": {"executed_lines": [], "summary": {"covered_lines": 0, "num_statements": 92, "percent_covered": 0.0, "percent_covered_display": "0", "missing_lines": 92, "excluded_lines": 0}, "missing_lines": [3, 4, 5, 6, 7, 9, 10, 13, 15, 16, 17, 18, 19, 20, 23, 25, 26, 27, 28, 31, 33, 34, 35, 36, 39, 41, 43, 44, 45, 46, 47, 48, 49, 50, 51, 54, 55, 56, 57, 60, 61, 62, 63, 64, 67, 70, 71, 72, 73, 74, 77, 78, 79, 80, 81, 82, 83, 86, 88, 90, 91, 92, 93, 94, 95, 96, 99, 100, 103, 105, 107, 108, 109, 110, 111, 112, 113, 114, 117, 118, 121, 123, 125, 126, 127, 128, 129, 130, 131, 132, 135, 136], "excluded_lines": []}}}, "app/models/problem.py": {"executed_lines": [], "summary": {"covered_lines": 0, "num_statements": 54, "percent_covered": 0.0, "percent_covered_display": "0", "missing_lines": 54, "excluded_lines": 0}, "missing_lines": [3, 4, 5, 6, 8, 10, 11, 14, 16, 17, 18, 19, 20, 21, 24, 26, 28, 29, 30, 31, 32, 33, 34, 35, 36, 37, 38, 39, 40, 41, 44, 45, 46, 49, 51, 53, 54, 55, 56, 59, 60, 63, 65, 67, 68, 69, 70, 71, 72, 73, 74, 75, 76, 79], "excluded_lines": [], "functions": {"": {"executed_lines": [], "summary": {"covered_lines": 0, "num_statements": 54, "percent_covered": 0.0, "percent_covered_display": "0", "missing_lines": 54, "excluded_lines": 0}, "missing_lines": [3, 4, 5, 6, 8, 10, 11, 14, 16, 17, 18, 19, 20, 21, 24, 26, 28, 29, 30, 31, 32, 33, 34, 35, 36, 37, 38, 39, 40, 41, 44, 45, 46, 49, 51, 53, 54, 55, 56, 59, 60, 63, 65, 67, 68, 69, 70, 71, 72, 73, 74, 75, 76, 79], "excluded_lines": []}}, "classes": {"ProblemStatus": {"executed_lines": [], "summary": {"covered_lines": 0, "num_statements": 0, "percent_covered": 100.0, "percent_covered_display": "100", "missing_lines": 0, "excluded_lines": 0}, "missing_lines": [], "excluded_lines": []}, "Problem": {"executed_lines": [], "summary": {"covered_lines": 0, "num_statements": 0, "percent_covered": 100.0, "percent_covered_display": "100", "missing_lines": 0, "excluded_lines": 0}, "missing_lines": [], "excluded_lines": []}, "ProblemIncident": {"executed_lines": [], "summary": {"covered_lines": 0, "num_statements": 0, "percent_covered": 100.0, "percent_covered_display": "100", "missing_lines": 0, "excluded_lines": 0}, "missing_lines": [], "excluded_lines": []}, "KnownError": {"executed_lines": [], "summary": {"covered_lines": 0, "num_statements": 0, "percent_covered": 100.0, "percent_covered_display": "100", "missing_lines": 0, "excluded_lines": 0}, "missing_lines": [], "excluded_lines": []}, "": {"executed_lines": [], "summary": {"covered_lines": 0, "num_statements": 54, "percent_covered": 0.0, "percent_covered_display": "0", "missing_lines": 54, "excluded_lines": 0}, "missing_lines": [3, 4, 5, 6, 8, 10, 11, 14, 16, 17, 18, 19, 20, 21, 24, 26, 28, 29, 30, 31, 32, 33, 34, 35, 36, 37, 38, 39, 40, 41, 44, 45, 46, 49, 51, 53, 54, 55, 56, 59, 60, 63, 65, 67, 68, 69, 70, 71, 72, 73, 74, 75, 76, 79], "excluded_lines": []}}}, "app/models/team.py": {"executed_lines": [], "summary": {"covered_lines": 0, "num_statements": 35, "percent_covered": 0.0, "percent_covered_display": "0", "missing_lines": 35, "excluded_lines": 0}, "missing_lines": [3, 4, 5, 6, 8, 9, 12, 14, 16, 17, 18, 19, 20, 21, 22, 25, 26, 27, 28, 29, 32, 33, 34, 35, 38, 40, 42, 43, 44, 45, 46, 47, 48, 51, 52], "excluded_lines": [], "functions": {"": {"executed_lines": [], "summary": {"covered_lines": 0, "num_statements": 35, "percent_covered": 0.0, "percent_covered_display": "0", "missing_lines": 35, "excluded_lines": 0}, "missing_lines": [3, 4, 5, 6, 8, 9, 12, 14, 16, 17, 18, 19, 20, 21, 22, 25, 26, 27, 28, 29, 32, 33, 34, 35, 38, 40, 42, 43, 44, 45, 46, 47, 48, 51, 52], "excluded_lines": []}}, "classes": {"Team": {"executed_lines": [], "summary": {"covered_lines": 0, "num_statements": 0, "percent_covered": 100.0, "percent_covered_display": "100", "missing_lines": 0, "excluded_lines": 0}, "missing_lines": [], "excluded_lines": []}, "TeamMember": {"executed_lines": [], "summary": {"covered_lines": 0, "num_statements": 0, "percent_covered": 100.0, "percent_covered_display": "100", "missing_lines": 0, "excluded_lines": 0}, "missing_lines": [], "excluded_lines": []}, "": {"executed_lines": [], "summary": {"covered_lines": 0, "num_statements": 35, "percent_covered": 0.0, "percent_covered_display": "0", "missing_lines": 35, "excluded_lines": 0}, "missing_lines": [3, 4, 5, 6, 8, 9, 12, 14, 16, 17, 18, 19, 20, 21, 22, 25, 26, 27, 28, 29, 32, 33, 34, 35, 38, 40, 42, 43, 44, 45, 46, 47, 48, 51, 52], "excluded_lines": []}}}, "app/models/user.py": {"executed_lines": [1, 3, 4, 5, 6, 7, 9], "summary": {"covered_lines": 6, "num_statements": 46, "percent_covered": 13.043478260869565, "percent_covered_display": "13", "missing_lines": 40, "excluded_lines": 0}, "missing_lines": [10, 13, 15, 16, 17, 18, 19, 20, 23, 25, 27, 28, 29, 30, 31, 32, 33, 34, 35, 36, 37, 38, 39, 40, 41, 42, 43, 44, 45, 46, 47, 48, 49, 52, 53, 54, 55, 57, 58, 60], "excluded_lines": [], "functions": {"User.full_name": {"executed_lines": [], "summary": {"covered_lines": 0, "num_statements": 1, "percent_covered": 0.0, "percent_covered_display": "0", "missing_lines": 1, "excluded_lines": 0}, "missing_lines": [60], "excluded_lines": []}, "": {"executed_lines": [1, 3, 4, 5, 6, 7, 9], "summary": {"covered_lines": 6, "num_statements": 45, "percent_covered": 13.333333333333334, "percent_covered_display": "13", "missing_lines": 39, "excluded_lines": 0}, "missing_lines": [10, 13, 15, 16, 17, 18, 19, 20, 23, 25, 27, 28, 29, 30, 31, 32, 33, 34, 35, 36, 37, 38, 39, 40, 41, 42, 43, 44, 45, 46, 47, 48, 49, 52, 53, 54, 55, 57, 58], "excluded_lines": []}}, "classes": {"UserRole": {"executed_lines": [], "summary": {"covered_lines": 0, "num_statements": 0, "percent_covered": 100.0, "percent_covered_display": "100", "missing_lines": 0, "excluded_lines": 0}, "missing_lines": [], "excluded_lines": []}, "User": {"executed_lines": [], "summary": {"covered_lines": 0, "num_statements": 1, "percent_covered": 0.0, "percent_covered_display": "0", "missing_lines": 1, "excluded_lines": 0}, "missing_lines": [60], "excluded_lines": []}, "": {"executed_lines": [1, 3, 4, 5, 6, 7, 9], "summary": {"covered_lines": 6, "num_statements": 45, "percent_covered": 13.333333333333334, "percent_covered_display": "13", "missing_lines": 39, "excluded_lines": 0}, "missing_lines": [10, 13, 15, 16, 17, 18, 19, 20, 23, 25, 27, 28, 29, 30, 31, 32, 33, 34, 35, 36, 37, 38, 39, 40, 41, 42, 43, 44, 45, 46, 47, 48, 49, 52, 53, 54, 55, 57, 58], "excluded_lines": []}}}, "app/services/incident_service.py": {"executed_lines": [1, 3, 4, 5, 6, 8, 9, 10, 12], "summary": {"covered_lines": 8, "num_statements": 260, "percent_covered": 3.076923076923077, "percent_covered_display": "3", "missing_lines": 252, "excluded_lines": 0}, "missing_lines": [13, 17, 19, 22, 25, 26, 28, 30, 32, 35, 52, 54, 55, 56, 59, 61, 63, 65, 66, 67, 68, 73, 75, 76, 78, 85, 86, 89, 96, 97, 98, 99, 101, 104, 105, 107, 108, 111, 113, 115, 117, 118, 119, 120, 121, 122, 127, 153, 155, 163, 164, 166, 167, 169, 170, 172, 173, 175, 176, 178, 179, 181, 182, 184, 185, 188, 189, 191, 192, 194, 195, 197, 198, 201, 202, 203, 206, 207, 208, 210, 222, 224, 225, 232, 234, 248, 249, 250, 251, 253, 256, 259, 260, 261, 264, 265, 267, 268, 269, 270, 271, 272, 273, 274, 277, 278, 279, 285, 287, 288, 291, 292, 293, 294, 295, 297, 298, 300, 303, 306, 307, 310, 313, 314, 322, 323, 330, 336, 337, 338, 343, 350, 352, 355, 363, 364, 365, 367, 369, 380, 381, 382, 383, 384, 385, 390, 392, 394, 397, 401, 402, 403, 414, 416, 417, 418, 419, 420, 425, 432, 434, 437, 442, 443, 445, 447, 448, 449, 460, 462, 463, 464, 465, 466, 471, 479, 481, 484, 491, 492, 498, 499, 505, 506, 507, 508, 510, 511, 513, 515, 526, 527, 528, 529, 530, 531, 536, 538, 540, 543, 550, 551, 557, 558, 564, 565, 567, 569, 570, 571, 572, 573, 574, 579, 581, 589, 590, 595, 597, 600, 601, 605, 607, 610, 612, 615, 616, 617, 618, 619, 620, 621, 623, 624, 626, 628, 630, 631, 632, 633, 634, 635, 637, 639, 646, 648, 650, 651, 652, 654, 657, 664], "excluded_lines": [], "functions": {"IncidentService.__init__": {"executed_lines": [], "summary": {"covered_lines": 0, "num_statements": 1, "percent_covered": 0.0, "percent_covered_display": "0", "missing_lines": 1, "excluded_lines": 0}, "missing_lines": [26], "excluded_lines": []}, "IncidentService.create_incident": {"executed_lines": [], "summary": {"covered_lines": 0, "num_statements": 14, "percent_covered": 0.0, "percent_covered_display": "0", "missing_lines": 14, "excluded_lines": 0}, "missing_lines": [30, 32, 35, 52, 54, 55, 56, 59, 61, 63, 65, 66, 67, 68], "excluded_lines": []}, "IncidentService.get_incident": {"executed_lines": [], "summary": {"covered_lines": 0, "num_statements": 2, "percent_covered": 0.0, "percent_covered_display": "0", "missing_lines": 2, "excluded_lines": 0}, "missing_lines": [75, 76], "excluded_lines": []}, "IncidentService.update_incident": {"executed_lines": [], "summary": {"covered_lines": 0, "num_statements": 21, "percent_covered": 0.0, "percent_covered_display": "0", "missing_lines": 21, "excluded_lines": 0}, "missing_lines": [85, 86, 89, 96, 97, 98, 99, 101, 104, 105, 107, 108, 111, 113, 115, 117, 118, 119, 120, 121, 122], "excluded_lines": []}, "IncidentService.list_incidents": {"executed_lines": [], "summary": {"covered_lines": 0, "num_statements": 83, "percent_covered": 0.0, "percent_covered_display": "0", "missing_lines": 83, "excluded_lines": 0}, "missing_lines": [153, 155, 163, 164, 166, 167, 169, 170, 172, 173, 175, 176, 178, 179, 181, 182, 184, 185, 188, 189, 191, 192, 194, 195, 197, 198, 201, 202, 203, 206, 207, 208, 210, 222, 224, 225, 232, 234, 248, 249, 250, 251, 253, 256, 259, 260, 261, 264, 265, 267, 268, 269, 270, 271, 272, 273, 274, 277, 278, 279, 285, 287, 288, 291, 292, 293, 294, 295, 297, 298, 300, 303, 306, 307, 310, 313, 314, 322, 323, 330, 336, 337, 338], "excluded_lines": []}, "IncidentService.add_work_note": {"executed_lines": [], "summary": {"covered_lines": 0, "num_statements": 14, "percent_covered": 0.0, "percent_covered_display": "0", "missing_lines": 14, "excluded_lines": 0}, "missing_lines": [350, 352, 355, 363, 364, 365, 367, 369, 380, 381, 382, 383, 384, 385], "excluded_lines": []}, "IncidentService.get_incident_history": {"executed_lines": [], "summary": {"covered_lines": 0, "num_statements": 12, "percent_covered": 0.0, "percent_covered_display": "0", "missing_lines": 12, "excluded_lines": 0}, "missing_lines": [392, 394, 397, 401, 402, 403, 414, 416, 417, 418, 419, 420], "excluded_lines": []}, "IncidentService.get_work_notes": {"executed_lines": [], "summary": {"covered_lines": 0, "num_statements": 15, "percent_covered": 0.0, "percent_covered_display": "0", "missing_lines": 15, "excluded_lines": 0}, "missing_lines": [432, 434, 437, 442, 443, 445, 447, 448, 449, 460, 462, 463, 464, 465, 466], "excluded_lines": []}, "IncidentService.update_work_note": {"executed_lines": [], "summary": {"covered_lines": 0, "num_statements": 21, "percent_covered": 0.0, "percent_covered_display": "0", "missing_lines": 21, "excluded_lines": 0}, "missing_lines": [479, 481, 484, 491, 492, 498, 499, 505, 506, 507, 508, 510, 511, 513, 515, 526, 527, 528, 529, 530, 531], "excluded_lines": []}, "IncidentService.delete_work_note": {"executed_lines": [], "summary": {"covered_lines": 0, "num_statements": 16, "percent_covered": 0.0, "percent_covered_display": "0", "missing_lines": 16, "excluded_lines": 0}, "missing_lines": [538, 540, 543, 550, 551, 557, 558, 564, 565, 567, 569, 570, 571, 572, 573, 574], "excluded_lines": []}, "IncidentService._get_incident_by_id": {"executed_lines": [], "summary": {"covered_lines": 0, "num_statements": 4, "percent_covered": 0.0, "percent_covered_display": "0", "missing_lines": 4, "excluded_lines": 0}, "missing_lines": [581, 589, 590, 595], "excluded_lines": []}, "IncidentService._generate_incident_number": {"executed_lines": [], "summary": {"covered_lines": 0, "num_statements": 3, "percent_covered": 0.0, "percent_covered_display": "0", "missing_lines": 3, "excluded_lines": 0}, "missing_lines": [600, 601, 605], "excluded_lines": []}, "IncidentService._get_user_tenant_id": {"executed_lines": [], "summary": {"covered_lines": 0, "num_statements": 1, "percent_covered": 0.0, "percent_covered_display": "0", "missing_lines": 1, "excluded_lines": 0}, "missing_lines": [610], "excluded_lines": []}, "IncidentService._set_sla_dates": {"executed_lines": [], "summary": {"covered_lines": 0, "num_statements": 9, "percent_covered": 0.0, "percent_covered_display": "0", "missing_lines": 9, "excluded_lines": 0}, "missing_lines": [615, 616, 617, 618, 619, 620, 621, 623, 624], "excluded_lines": []}, "IncidentService._handle_status_change": {"executed_lines": [], "summary": {"covered_lines": 0, "num_statements": 7, "percent_covered": 0.0, "percent_covered_display": "0", "missing_lines": 7, "excluded_lines": 0}, "missing_lines": [628, 630, 631, 632, 633, 634, 635], "excluded_lines": []}, "IncidentService._record_history": {"executed_lines": [], "summary": {"covered_lines": 0, "num_statements": 2, "percent_covered": 0.0, "percent_covered_display": "0", "missing_lines": 2, "excluded_lines": 0}, "missing_lines": [639, 646], "excluded_lines": []}, "IncidentService._record_changes": {"executed_lines": [], "summary": {"covered_lines": 0, "num_statements": 3, "percent_covered": 0.0, "percent_covered_display": "0", "missing_lines": 3, "excluded_lines": 0}, "missing_lines": [650, 651, 652], "excluded_lines": []}, "IncidentService._build_incident_response": {"executed_lines": [], "summary": {"covered_lines": 0, "num_statements": 2, "percent_covered": 0.0, "percent_covered_display": "0", "missing_lines": 2, "excluded_lines": 0}, "missing_lines": [657, 664], "excluded_lines": []}, "": {"executed_lines": [1, 3, 4, 5, 6, 8, 9, 10, 12], "summary": {"covered_lines": 8, "num_statements": 30, "percent_covered": 26.666666666666668, "percent_covered_display": "27", "missing_lines": 22, "excluded_lines": 0}, "missing_lines": [13, 17, 19, 22, 25, 28, 73, 78, 127, 343, 390, 425, 471, 536, 579, 597, 607, 612, 626, 637, 648, 654], "excluded_lines": []}}, "classes": {"IncidentService": {"executed_lines": [], "summary": {"covered_lines": 0, "num_statements": 230, "percent_covered": 0.0, "percent_covered_display": "0", "missing_lines": 230, "excluded_lines": 0}, "missing_lines": [26, 30, 32, 35, 52, 54, 55, 56, 59, 61, 63, 65, 66, 67, 68, 75, 76, 85, 86, 89, 96, 97, 98, 99, 101, 104, 105, 107, 108, 111, 113, 115, 117, 118, 119, 120, 121, 122, 153, 155, 163, 164, 166, 167, 169, 170, 172, 173, 175, 176, 178, 179, 181, 182, 184, 185, 188, 189, 191, 192, 194, 195, 197, 198, 201, 202, 203, 206, 207, 208, 210, 222, 224, 225, 232, 234, 248, 249, 250, 251, 253, 256, 259, 260, 261, 264, 265, 267, 268, 269, 270, 271, 272, 273, 274, 277, 278, 279, 285, 287, 288, 291, 292, 293, 294, 295, 297, 298, 300, 303, 306, 307, 310, 313, 314, 322, 323, 330, 336, 337, 338, 350, 352, 355, 363, 364, 365, 367, 369, 380, 381, 382, 383, 384, 385, 392, 394, 397, 401, 402, 403, 414, 416, 417, 418, 419, 420, 432, 434, 437, 442, 443, 445, 447, 448, 449, 460, 462, 463, 464, 465, 466, 479, 481, 484, 491, 492, 498, 499, 505, 506, 507, 508, 510, 511, 513, 515, 526, 527, 528, 529, 530, 531, 538, 540, 543, 550, 551, 557, 558, 564, 565, 567, 569, 570, 571, 572, 573, 574, 581, 589, 590, 595, 600, 601, 605, 610, 615, 616, 617, 618, 619, 620, 621, 623, 624, 628, 630, 631, 632, 633, 634, 635, 639, 646, 650, 651, 652, 657, 664], "excluded_lines": []}, "": {"executed_lines": [1, 3, 4, 5, 6, 8, 9, 10, 12], "summary": {"covered_lines": 8, "num_statements": 30, "percent_covered": 26.666666666666668, "percent_covered_display": "27", "missing_lines": 22, "excluded_lines": 0}, "missing_lines": [13, 17, 19, 22, 25, 28, 73, 78, 127, 343, 390, 425, 471, 536, 579, 597, 607, 612, 626, 637, 648, 654], "excluded_lines": []}}}}, "totals": {"covered_lines": 34, "num_statements": 1861, "percent_covered": 1.8269747447608813, "percent_covered_display": "2", "missing_lines": 1827, "excluded_lines": 0}}