<?xml version="1.0" encoding="utf-8"?><testsuites><testsuite name="pytest" errors="0" failures="0" skipped="0" tests="53" time="17.786" timestamp="2025-08-01T16:03:10.126998" hostname="kensan196948G"><testcase classname="tests.api.test_auth.TestAuthentication" name="test_oauth_token_request_success" time="0.138" /><testcase classname="tests.api.test_auth.TestAuthentication" name="test_api_request_without_token" time="0.146" /><testcase classname="tests.api.test_auth.TestAuthentication" name="test_refresh_token_success" time="0.142" /><testcase classname="tests.api.test_auth.TestAuthentication" name="test_api_request_with_valid_token" time="0.004" /><testcase classname="tests.api.test_auth.TestAuthentication" name="test_oauth_token_request_invalid_client" time="0.007" /><testcase classname="tests.api.test_auth.TestAuthentication" name="test_token_expiration_handling" time="0.004" /><testcase classname="tests.api.test_auth.TestAuthentication" name="test_session_management" time="0.169" /><testcase classname="tests.api.test_auth.TestAuthentication" name="test_multi_factor_authentication" time="0.004" /><testcase classname="tests.api.test_auth.TestAuthentication" name="test_api_request_with_invalid_token" time="0.007" /><testcase classname="tests.api.test_auth.TestAuthentication" name="test_oauth_token_request_invalid_grant" time="0.004" /><testcase classname="tests.api.test_auth.TestAuthentication" name="test_login_validation_comprehensive" time="0.030" /><testcase classname="tests.api.test_comprehensive_api.TestComprehensiveAPI" name="test_reporting_api_endpoints" time="0.007" /><testcase classname="tests.api.test_comprehensive_api.TestComprehensiveAPI" name="test_incident_full_lifecycle" time="0.032" /><testcase classname="tests.api.test_comprehensive_api.TestComprehensiveAPI" name="test_problem_management_api" time="0.018" /><testcase classname="tests.api.test_comprehensive_api.TestComprehensiveAPI" name="test_notification_api_endpoints" time="0.006" /><testcase classname="tests.api.test_comprehensive_api.TestComprehensiveAPI" name="test_change_management_api" time="0.009" /><testcase classname="tests.api.test_comprehensive_api.TestComprehensiveAPI" name="test_user_management_api" time="0.009" /><testcase classname="tests.api.test_comprehensive_api.TestComprehensiveAPI" name="test_category_management_api" time="0.017" /><testcase classname="tests.api.test_comprehensive_api.TestComprehensiveAPI" name="test_cmdb_api_endpoints" time="0.009" /><testcase classname="tests.api.test_comprehensive_api.TestComprehensiveAPI" name="test_search_api_endpoints" time="0.010" /><testcase classname="tests.api.test_comprehensive_api.TestAPIPerformance" name="test_incident_list_performance" time="2.303" /><testcase classname="tests.api.test_comprehensive_api.TestComprehensiveAPI" name="test_team_management_api" time="0.004" /><testcase classname="tests.api.test_comprehensive_api.TestComprehensiveAPI" name="test_authentication_endpoints" time="0.009" /><testcase classname="tests.api.test_comprehensive_api.TestAPIPerformance" name="test_incident_creation_performance" time="2.112" /><testcase classname="tests.api.test_comprehensive_api.TestComprehensiveAPI" name="test_health_check_endpoints" time="0.004" /><testcase classname="tests.api.test_comprehensive_api.TestAPISecurity" name="test_unauthorized_access" time="0.012" /><testcase classname="tests.api.test_health.TestHealthCheck" name="test_health_endpoint_success" time="0.004" /><testcase classname="tests.api.test_comprehensive_api.TestAPISecurity" name="test_invalid_token_access" time="0.007" /><testcase classname="tests.api.test_health.TestHealthCheck" name="test_version_endpoint_success" time="0.007" /><testcase classname="tests.api.test_health.TestAPIPerformance" name="test_health_endpoint_performance" time="3.605" /><testcase classname="tests.api.test_health.TestAPIPerformance" name="test_concurrent_health_requests" time="0.046" /><testcase classname="tests.api.incidents.test_incidents_crud.TestIncidentsCRUD" name="test_create_incident_validation_error" time="0.010" /><testcase classname="tests.api.incidents.test_incidents_crud.TestIncidentsCRUD" name="test_get_incident_by_id_success" time="0.012" /><testcase classname="tests.api.incidents.test_incidents_crud.TestIncidentsCRUD" name="test_get_incident_not_found" time="0.006" /><testcase classname="tests.api.incidents.test_incidents_crud.TestIncidentsCRUD" name="test_update_incident_success" time="0.009" /><testcase classname="tests.api.incidents.test_incidents_crud.TestIncidentsCRUD" name="test_update_incident_invalid_status_transition" time="0.008" /><testcase classname="tests.api.incidents.test_incidents_crud.TestIncidentsCRUD" name="test_list_incidents_with_pagination" time="0.009" /><testcase classname="tests.api.incidents.test_incidents_crud.TestIncidentsCRUD" name="test_list_incidents_with_filters" time="0.010" /><testcase classname="tests.api.incidents.test_incidents_crud.TestIncidentsCRUD" name="test_delete_incident_success" time="0.010" /><testcase classname="tests.api.incidents.test_incidents_crud.TestIncidentsCRUD" name="test_delete_incident_not_found" time="0.008" /><testcase classname="tests.api.incidents.test_incidents_history.TestIncidentHistory" name="test_get_incident_history_success" time="0.011" /><testcase classname="tests.api.incidents.test_incidents_history.TestIncidentHistory" name="test_get_incident_history_with_filters" time="0.009" /><testcase classname="tests.api.incidents.test_incidents_history.TestIncidentHistory" name="test_add_work_note_success" time="0.013" /><testcase classname="tests.api.incidents.test_incidents_history.TestIncidentHistory" name="test_add_work_note_validation_error" time="0.010" /><testcase classname="tests.api.incidents.test_incidents_history.TestIncidentHistory" name="test_get_work_notes_list" time="0.009" /><testcase classname="tests.api.incidents.test_incidents_history.TestIncidentHistory" name="test_incident_assignment_workflow" time="0.011" /><testcase classname="tests.api.incidents.test_incidents_history.TestIncidentHistory" name="test_incident_escalation_workflow" time="0.008" /><testcase classname="tests.api.incidents.test_incidents_history.TestIncidentHistory" name="test_incident_resolution_workflow" time="0.006" /><testcase classname="tests.api.incidents.test_incidents_history.TestIncidentHistory" name="test_incident_closure_workflow" time="0.024" /><testcase classname="tests.api.test_comprehensive_api.TestAPISecurity" name="test_sql_injection_protection" time="0.006" /><testcase classname="tests.api.test_comprehensive_api.TestAPISecurity" name="test_xss_protection" time="0.007" /><testcase classname="tests.api.test_comprehensive_api.TestAPIPerformance" name="test_api_rate_limiting" time="0.011" /><testcase classname="tests.api.incidents.test_incidents_crud.TestIncidentsCRUD" name="test_create_incident_success" time="0.005" /></testsuite></testsuites>