<?xml version="1.0" encoding="utf-8"?><testsuites><testsuite name="pytest" errors="0" failures="0" skipped="0" tests="31" time="13.565" timestamp="2025-08-01T14:36:55.940258" hostname="kensan196948G"><testcase classname="tests.api.test_auth.TestAuthentication" name="test_api_request_with_valid_token" time="0.093" /><testcase classname="tests.api.test_auth.TestAuthentication" name="test_oauth_token_request_invalid_grant" time="0.100" /><testcase classname="tests.api.test_auth.TestAuthentication" name="test_api_request_without_token" time="0.094" /><testcase classname="tests.api.test_auth.TestAuthentication" name="test_oauth_token_request_success" time="0.107" /><testcase classname="tests.api.test_auth.TestAuthentication" name="test_api_request_with_invalid_token" time="0.004" /><testcase classname="tests.api.test_auth.TestAuthentication" name="test_refresh_token_success" time="0.004" /><testcase classname="tests.api.test_auth.TestAuthentication" name="test_token_expiration_handling" time="0.006" /><testcase classname="tests.api.test_auth.TestAuthentication" name="test_oauth_token_request_invalid_client" time="0.003" /><testcase classname="tests.api.test_health.TestHealthCheck" name="test_health_endpoint_success" time="0.003" /><testcase classname="tests.api.test_health.TestHealthCheck" name="test_version_endpoint_success" time="0.004" /><testcase classname="tests.api.test_health.TestAPIPerformance" name="test_health_endpoint_performance" time="2.904" /><testcase classname="tests.api.test_health.TestAPIPerformance" name="test_concurrent_health_requests" time="0.022" /><testcase classname="tests.api.incidents.test_incidents_crud.TestIncidentsCRUD" name="test_create_incident_success" time="0.007" /><testcase classname="tests.api.incidents.test_incidents_crud.TestIncidentsCRUD" name="test_create_incident_validation_error" time="0.005" /><testcase classname="tests.api.incidents.test_incidents_crud.TestIncidentsCRUD" name="test_update_incident_success" time="0.003" /><testcase classname="tests.api.incidents.test_incidents_crud.TestIncidentsCRUD" name="test_update_incident_invalid_status_transition" time="0.004" /><testcase classname="tests.api.incidents.test_incidents_crud.TestIncidentsCRUD" name="test_list_incidents_with_pagination" time="0.004" /><testcase classname="tests.api.incidents.test_incidents_crud.TestIncidentsCRUD" name="test_get_incident_not_found" time="0.006" /><testcase classname="tests.api.incidents.test_incidents_crud.TestIncidentsCRUD" name="test_list_incidents_with_filters" time="0.004" /><testcase classname="tests.api.incidents.test_incidents_crud.TestIncidentsCRUD" name="test_delete_incident_success" time="0.003" /><testcase classname="tests.api.incidents.test_incidents_crud.TestIncidentsCRUD" name="test_delete_incident_not_found" time="0.004" /><testcase classname="tests.api.incidents.test_incidents_history.TestIncidentHistory" name="test_get_incident_history_success" time="0.004" /><testcase classname="tests.api.incidents.test_incidents_history.TestIncidentHistory" name="test_get_incident_history_with_filters" time="0.003" /><testcase classname="tests.api.incidents.test_incidents_history.TestIncidentHistory" name="test_add_work_note_success" time="0.004" /><testcase classname="tests.api.incidents.test_incidents_history.TestIncidentHistory" name="test_add_work_note_validation_error" time="0.004" /><testcase classname="tests.api.incidents.test_incidents_history.TestIncidentHistory" name="test_get_work_notes_list" time="0.004" /><testcase classname="tests.api.incidents.test_incidents_history.TestIncidentHistory" name="test_incident_assignment_workflow" time="0.004" /><testcase classname="tests.api.incidents.test_incidents_history.TestIncidentHistory" name="test_incident_escalation_workflow" time="0.007" /><testcase classname="tests.api.incidents.test_incidents_history.TestIncidentHistory" name="test_incident_resolution_workflow" time="0.006" /><testcase classname="tests.api.incidents.test_incidents_history.TestIncidentHistory" name="test_incident_closure_workflow" time="0.007" /><testcase classname="tests.api.incidents.test_incidents_crud.TestIncidentsCRUD" name="test_get_incident_by_id_success" time="0.004" /></testsuite></testsuites>