{"numTotalTestSuites":26,"numPassedTestSuites":16,"numFailedTestSuites":10,"numPendingTestSuites":0,"numTotalTests":33,"numPassedTests":33,"numFailedTests":0,"numPendingTests":0,"numTodoTests":0,"startTime":1754053887967,"success":false,"testResults":[{"assertionResults":[{"ancestorTitles":["","App"],"fullName":" App renders without crashing","status":"passed","title":"renders without crashing","duration":147,"failureMessages":[]},{"ancestorTitles":["","App"],"fullName":" App contains main app elements","status":"passed","title":"contains main app elements","duration":27,"failureMessages":[]}],"startTime":1754053912817,"endTime":1754053912992,"status":"passed","message":"","name":"/media/kensan/LinuxHDD/ITSM-ITmanagementSystem/frontend/src/App.test.tsx"},{"assertionResults":[{"ancestorTitles":["","App Component"],"fullName":" App Component renders without crashing","status":"passed","title":"renders without crashing","duration":1106,"failureMessages":[]},{"ancestorTitles":["","App Component"],"fullName":" App Component displays the main application structure","status":"passed","title":"displays the main application structure","duration":84,"failureMessages":[]},{"ancestorTitles":["","App Component"],"fullName":" App Component applies Material-UI theme correctly","status":"passed","title":"applies Material-UI theme correctly","duration":66,"failureMessages":[]},{"ancestorTitles":["","App Component"],"fullName":" App Component handles routing setup","status":"passed","title":"handles routing setup","duration":60,"failureMessages":[]}],"startTime":1754053911273,"endTime":1754053912589,"status":"passed","message":"","name":"/media/kensan/LinuxHDD/ITSM-ITmanagementSystem/frontend/src/__tests__/App.test.tsx"},{"assertionResults":[{"ancestorTitles":["","Header Component"],"fullName":" Header Component renders header with title","status":"passed","title":"renders header with title","duration":243,"failureMessages":[]},{"ancestorTitles":["","Header Component"],"fullName":" Header Component displays navigation elements","status":"passed","title":"displays navigation elements","duration":73,"failureMessages":[]},{"ancestorTitles":["","Header Component"],"fullName":" Header Component handles user menu interactions","status":"passed","title":"handles user menu interactions","duration":55,"failureMessages":[]},{"ancestorTitles":["","Sidebar Component"],"fullName":" Sidebar Component renders sidebar navigation","status":"passed","title":"renders sidebar navigation","duration":833,"failureMessages":[]},{"ancestorTitles":["","Sidebar Component"],"fullName":" Sidebar Component contains navigation links","status":"passed","title":"contains navigation links","duration":412,"failureMessages":[]},{"ancestorTitles":["","Sidebar Component"],"fullName":" Sidebar Component handles menu item clicks","status":"passed","title":"handles menu item clicks","duration":450,"failureMessages":[]},{"ancestorTitles":["","ErrorBoundary Component"],"fullName":" ErrorBoundary Component renders children when there is no error","status":"passed","title":"renders children when there is no error","duration":6,"failureMessages":[]},{"ancestorTitles":["","ErrorBoundary Component"],"fullName":" ErrorBoundary Component renders error UI when there is an error","status":"passed","title":"renders error UI when there is an error","duration":111,"failureMessages":[]},{"ancestorTitles":["","ErrorBoundary Component"],"fullName":" ErrorBoundary Component provides error recovery mechanism","status":"passed","title":"provides error recovery mechanism","duration":3,"failureMessages":[]},{"ancestorTitles":["","Utility Components"],"fullName":" Utility Components handles loading states","status":"passed","title":"handles loading states","duration":2,"failureMessages":[]},{"ancestorTitles":["","Utility Components"],"fullName":" Utility Components handles empty states","status":"passed","title":"handles empty states","duration":3,"failureMessages":[]},{"ancestorTitles":["","Utility Components"],"fullName":" Utility Components handles form validation","status":"passed","title":"handles form validation","duration":4,"failureMessages":[]}],"startTime":1754053904926,"endTime":1754053907124,"status":"passed","message":"","name":"/media/kensan/LinuxHDD/ITSM-ITmanagementSystem/frontend/src/__tests__/components.test.tsx"},{"assertionResults":[{"ancestorTitles":["","Basic Frontend Tests"],"fullName":" Basic Frontend Tests should pass basic test","status":"passed","title":"should pass basic test","duration":5,"failureMessages":[]},{"ancestorTitles":["","Basic Frontend Tests"],"fullName":" Basic Frontend Tests should handle string operations","status":"passed","title":"should handle string operations","duration":1,"failureMessages":[]},{"ancestorTitles":["","Basic Frontend Tests"],"fullName":" Basic Frontend Tests should handle array operations","status":"passed","title":"should handle array operations","duration":2,"failureMessages":[]},{"ancestorTitles":["","Basic Frontend Tests"],"fullName":" Basic Frontend Tests should handle object operations","status":"passed","title":"should handle object operations","duration":1,"failureMessages":[]},{"ancestorTitles":["","Basic Frontend Tests"],"fullName":" Basic Frontend Tests should handle async operations","status":"passed","title":"should handle async operations","duration":0,"failureMessages":[]}],"startTime":1754053898996,"endTime":1754053899009,"status":"passed","message":"","name":"/media/kensan/LinuxHDD/ITSM-ITmanagementSystem/frontend/src/utils/test-utils.test.ts"},{"assertionResults":[],"startTime":1754053887967,"endTime":1754053887967,"status":"failed","message":"Cannot find module 'util.promisify'\nRequire stack:\n- /media/kensan/LinuxHDD/ITSM-ITmanagementSystem/frontend/node_modules/gensync/test/index.test.js","name":"/media/kensan/LinuxHDD/ITSM-ITmanagementSystem/frontend/node_modules/gensync/test/index.test.js"},{"assertionResults":[{"ancestorTitles":["","json-schema-traverse"],"fullName":" json-schema-traverse should traverse all keywords containing schemas recursively","status":"passed","title":"should traverse all keywords containing schemas recursively","duration":39,"failureMessages":[]},{"ancestorTitles":["","json-schema-traverse","Legacy v0.3.1 API"],"fullName":" json-schema-traverse Legacy v0.3.1 API should traverse all keywords containing schemas recursively","status":"passed","title":"should traverse all keywords containing schemas recursively","duration":3,"failureMessages":[]},{"ancestorTitles":["","json-schema-traverse","Legacy v0.3.1 API"],"fullName":" json-schema-traverse Legacy v0.3.1 API should work when an options object is provided","status":"passed","title":"should work when an options object is provided","duration":1,"failureMessages":[]},{"ancestorTitles":["","json-schema-traverse","allKeys option"],"fullName":" json-schema-traverse allKeys option should traverse objects with allKeys: true option","status":"passed","title":"should traverse objects with allKeys: true option","duration":0,"failureMessages":[]},{"ancestorTitles":["","json-schema-traverse","allKeys option"],"fullName":" json-schema-traverse allKeys option should NOT traverse objects with allKeys: false option","status":"passed","title":"should NOT traverse objects with allKeys: false option","duration":1,"failureMessages":[]},{"ancestorTitles":["","json-schema-traverse","allKeys option"],"fullName":" json-schema-traverse allKeys option should NOT traverse objects without allKeys option","status":"passed","title":"should NOT traverse objects without allKeys option","duration":0,"failureMessages":[]},{"ancestorTitles":["","json-schema-traverse","allKeys option"],"fullName":" json-schema-traverse allKeys option should NOT travers objects in standard keywords which value is not a schema","status":"passed","title":"should NOT travers objects in standard keywords which value is not a schema","duration":0,"failureMessages":[]},{"ancestorTitles":["","json-schema-traverse","pre and post"],"fullName":" json-schema-traverse pre and post should traverse schema in pre-order","status":"passed","title":"should traverse schema in pre-order","duration":1,"failureMessages":[]},{"ancestorTitles":["","json-schema-traverse","pre and post"],"fullName":" json-schema-traverse pre and post should traverse schema in post-order","status":"passed","title":"should traverse schema in post-order","duration":0,"failureMessages":[]},{"ancestorTitles":["","json-schema-traverse","pre and post"],"fullName":" json-schema-traverse pre and post should traverse schema in pre- and post-order at the same time","status":"passed","title":"should traverse schema in pre- and post-order at the same time","duration":1,"failureMessages":[]}],"startTime":1754053890105,"endTime":1754053890156,"status":"passed","message":"","name":"/media/kensan/LinuxHDD/ITSM-ITmanagementSystem/frontend/node_modules/json-schema-traverse/spec/index.spec.js"},{"assertionResults":[],"startTime":1754053887967,"endTime":1754053887967,"status":"failed","message":"Vitest cannot be imported in a CommonJS module using require(). Please use \"import\" instead.\n\nIf you are using \"import\" in your source code, then it's possible it was bundled into require() automatically by your bundler. In that case, do not bundle CommonJS output since it will never work with Vitest, or use dynamic import() which is available in all CommonJS modules.","name":"/media/kensan/LinuxHDD/ITSM-ITmanagementSystem/frontend/node_modules/rollup-plugin-visualizer/dist/shared/create-filter.test.js"},{"assertionResults":[],"startTime":1754053887967,"endTime":1754053887967,"status":"failed","message":"Failed to resolve import \"bun:test\" from \"node_modules/@testing-library/jest-dom/types/__tests__/bun/bun-custom-expect-types.test.ts\". Does the file exist?","name":"/media/kensan/LinuxHDD/ITSM-ITmanagementSystem/frontend/node_modules/@testing-library/jest-dom/types/__tests__/bun/bun-custom-expect-types.test.ts"},{"assertionResults":[],"startTime":1754053887967,"endTime":1754053887967,"status":"failed","message":"Failed to resolve import \"bun:test\" from \"node_modules/@testing-library/jest-dom/types/__tests__/bun/bun-types.test.ts\". Does the file exist?","name":"/media/kensan/LinuxHDD/ITSM-ITmanagementSystem/frontend/node_modules/@testing-library/jest-dom/types/__tests__/bun/bun-types.test.ts"},{"assertionResults":[],"startTime":1754053887967,"endTime":1754053887967,"status":"failed","message":"Failed to resolve import \"../../matchers\" from \"node_modules/@testing-library/jest-dom/types/__tests__/jest/jest-custom-expect-types.test.ts\". Does the file exist?","name":"/media/kensan/LinuxHDD/ITSM-ITmanagementSystem/frontend/node_modules/@testing-library/jest-dom/types/__tests__/jest/jest-custom-expect-types.test.ts"},{"assertionResults":[],"startTime":1754053887967,"endTime":1754053887967,"status":"failed","message":"Failed to resolve import \"../../jest\" from \"node_modules/@testing-library/jest-dom/types/__tests__/jest/jest-types.test.ts\". Does the file exist?","name":"/media/kensan/LinuxHDD/ITSM-ITmanagementSystem/frontend/node_modules/@testing-library/jest-dom/types/__tests__/jest/jest-types.test.ts"},{"assertionResults":[],"startTime":1754053887967,"endTime":1754053887967,"status":"failed","message":"Failed to resolve import \"@jest/globals\" from \"node_modules/@testing-library/jest-dom/types/__tests__/jest-globals/jest-globals-custom-expect-types.test.ts\". Does the file exist?","name":"/media/kensan/LinuxHDD/ITSM-ITmanagementSystem/frontend/node_modules/@testing-library/jest-dom/types/__tests__/jest-globals/jest-globals-custom-expect-types.test.ts"},{"assertionResults":[],"startTime":1754053887967,"endTime":1754053887967,"status":"failed","message":"Failed to resolve import \"@jest/globals\" from \"node_modules/@testing-library/jest-dom/types/__tests__/jest-globals/jest-globals-types.test.ts\". Does the file exist?","name":"/media/kensan/LinuxHDD/ITSM-ITmanagementSystem/frontend/node_modules/@testing-library/jest-dom/types/__tests__/jest-globals/jest-globals-types.test.ts"},{"assertionResults":[],"startTime":1754053887967,"endTime":1754053887967,"status":"failed","message":"Failed to resolve import \"../../matchers\" from \"node_modules/@testing-library/jest-dom/types/__tests__/vitest/vitest-custom-expect-types.test.ts\". Does the file exist?","name":"/media/kensan/LinuxHDD/ITSM-ITmanagementSystem/frontend/node_modules/@testing-library/jest-dom/types/__tests__/vitest/vitest-custom-expect-types.test.ts"},{"assertionResults":[],"startTime":1754053887967,"endTime":1754053887967,"status":"failed","message":"Failed to resolve import \"../../vitest\" from \"node_modules/@testing-library/jest-dom/types/__tests__/vitest/vitest-types.test.ts\". Does the file exist?","name":"/media/kensan/LinuxHDD/ITSM-ITmanagementSystem/frontend/node_modules/@testing-library/jest-dom/types/__tests__/vitest/vitest-types.test.ts"}]}