{"numTotalTestSuites":34,"numPassedTestSuites":22,"numFailedTestSuites":12,"numPendingTestSuites":0,"numTotalTests":42,"numPassedTests":40,"numFailedTests":2,"numPendingTests":0,"numTodoTests":1,"startTime":1754124508509,"success":false,"testResults":[{"assertionResults":[],"startTime":1754124508509,"endTime":1754124508509,"status":"failed","message":"Cannot find module './intersection.js'\nRequire stack:\n- /media/kensan/LinuxHDD/ITSM-ITmanagementSystem/frontend/node_modules/victory-vendor/lib-vendor/d3-array/src/index.js\n- /media/kensan/LinuxHDD/ITSM-ITmanagementSystem/frontend/node_modules/victory-vendor/lib-vendor/d3-scale/src/band.js\n- /media/kensan/LinuxHDD/ITSM-ITmanagementSystem/frontend/node_modules/victory-vendor/lib-vendor/d3-scale/src/index.js\n- /media/kensan/LinuxHDD/ITSM-ITmanagementSystem/frontend/node_modules/victory-vendor/lib/d3-scale.js\n- /media/kensan/LinuxHDD/ITSM-ITmanagementSystem/frontend/node_modules/recharts/lib/util/ChartUtils.js\n- /media/kensan/LinuxHDD/ITSM-ITmanagementSystem/frontend/node_modules/recharts/lib/util/PolarUtils.js\n- /media/kensan/LinuxHDD/ITSM-ITmanagementSystem/frontend/node_modules/recharts/lib/component/Label.js\n- /media/kensan/LinuxHDD/ITSM-ITmanagementSystem/frontend/node_modules/recharts/lib/index.js","name":"/media/kensan/LinuxHDD/ITSM-ITmanagementSystem/frontend/src/App.test.tsx"},{"assertionResults":[],"startTime":1754124508509,"endTime":1754124508509,"status":"failed","message":"Cannot find module './intersection.js'\nRequire stack:\n- /media/kensan/LinuxHDD/ITSM-ITmanagementSystem/frontend/node_modules/victory-vendor/lib-vendor/d3-array/src/index.js\n- /media/kensan/LinuxHDD/ITSM-ITmanagementSystem/frontend/node_modules/victory-vendor/lib-vendor/d3-scale/src/band.js\n- /media/kensan/LinuxHDD/ITSM-ITmanagementSystem/frontend/node_modules/victory-vendor/lib-vendor/d3-scale/src/index.js\n- /media/kensan/LinuxHDD/ITSM-ITmanagementSystem/frontend/node_modules/victory-vendor/lib/d3-scale.js\n- /media/kensan/LinuxHDD/ITSM-ITmanagementSystem/frontend/node_modules/recharts/lib/util/ChartUtils.js\n- /media/kensan/LinuxHDD/ITSM-ITmanagementSystem/frontend/node_modules/recharts/lib/util/PolarUtils.js\n- /media/kensan/LinuxHDD/ITSM-ITmanagementSystem/frontend/node_modules/recharts/lib/component/Label.js\n- /media/kensan/LinuxHDD/ITSM-ITmanagementSystem/frontend/node_modules/recharts/lib/index.js","name":"/media/kensan/LinuxHDD/ITSM-ITmanagementSystem/frontend/src/__tests__/App.test.tsx"},{"assertionResults":[{"ancestorTitles":["","Header Component"],"fullName":" Header Component renders header with title","status":"passed","title":"renders header with title","duration":179,"failureMessages":[]},{"ancestorTitles":["","Header Component"],"fullName":" Header Component displays navigation elements","status":"passed","title":"displays navigation elements","duration":40,"failureMessages":[]},{"ancestorTitles":["","Header Component"],"fullName":" Header Component handles user menu interactions","status":"passed","title":"handles user menu interactions","duration":32,"failureMessages":[]},{"ancestorTitles":["","Sidebar Component"],"fullName":" Sidebar Component renders sidebar navigation","status":"passed","title":"renders sidebar navigation","duration":930,"failureMessages":[]},{"ancestorTitles":["","Sidebar Component"],"fullName":" Sidebar Component contains navigation links","status":"passed","title":"contains navigation links","duration":403,"failureMessages":[]},{"ancestorTitles":["","Sidebar Component"],"fullName":" Sidebar Component handles menu item clicks","status":"passed","title":"handles menu item clicks","duration":324,"failureMessages":[]},{"ancestorTitles":["","ErrorBoundary Component"],"fullName":" ErrorBoundary Component renders children when there is no error","status":"passed","title":"renders children when there is no error","duration":4,"failureMessages":[]},{"ancestorTitles":["","ErrorBoundary Component"],"fullName":" ErrorBoundary Component renders error UI when there is an error","status":"passed","title":"renders error UI when there is an error","duration":105,"failureMessages":[]},{"ancestorTitles":["","ErrorBoundary Component"],"fullName":" ErrorBoundary Component provides error recovery mechanism","status":"passed","title":"provides error recovery mechanism","duration":4,"failureMessages":[]},{"ancestorTitles":["","Utility Components"],"fullName":" Utility Components handles loading states","status":"passed","title":"handles loading states","duration":3,"failureMessages":[]},{"ancestorTitles":["","Utility Components"],"fullName":" Utility Components handles empty states","status":"passed","title":"handles empty states","duration":2,"failureMessages":[]},{"ancestorTitles":["","Utility Components"],"fullName":" Utility Components handles form validation","status":"passed","title":"handles form validation","duration":6,"failureMessages":[]}],"startTime":1754124537325,"endTime":1754124539358,"status":"passed","message":"","name":"/media/kensan/LinuxHDD/ITSM-ITmanagementSystem/frontend/src/__tests__/components.test.tsx"},{"assertionResults":[{"ancestorTitles":["","Basic Frontend Tests"],"fullName":" Basic Frontend Tests should pass basic test","status":"passed","title":"should pass basic test","duration":2,"failureMessages":[]},{"ancestorTitles":["","Basic Frontend Tests"],"fullName":" Basic Frontend Tests should handle string operations","status":"passed","title":"should handle string operations","duration":1,"failureMessages":[]},{"ancestorTitles":["","Basic Frontend Tests"],"fullName":" Basic Frontend Tests should handle array operations","status":"passed","title":"should handle array operations","duration":3,"failureMessages":[]},{"ancestorTitles":["","Basic Frontend Tests"],"fullName":" Basic Frontend Tests should handle object operations","status":"passed","title":"should handle object operations","duration":0,"failureMessages":[]},{"ancestorTitles":["","Basic Frontend Tests"],"fullName":" Basic Frontend Tests should handle async operations","status":"passed","title":"should handle async operations","duration":0,"failureMessages":[]}],"startTime":1754124546088,"endTime":1754124546096,"status":"passed","message":"","name":"/media/kensan/LinuxHDD/ITSM-ITmanagementSystem/frontend/src/utils/test-utils.test.ts"},{"assertionResults":[],"startTime":1754124508509,"endTime":1754124508509,"status":"failed","message":"Cannot find module 'util.promisify'\nRequire stack:\n- /media/kensan/LinuxHDD/ITSM-ITmanagementSystem/frontend/node_modules/gensync/test/index.test.js","name":"/media/kensan/LinuxHDD/ITSM-ITmanagementSystem/frontend/node_modules/gensync/test/index.test.js"},{"assertionResults":[{"ancestorTitles":["","json-schema-traverse"],"fullName":" json-schema-traverse should traverse all keywords containing schemas recursively","status":"passed","title":"should traverse all keywords containing schemas recursively","duration":7,"failureMessages":[]},{"ancestorTitles":["","json-schema-traverse","Legacy v0.3.1 API"],"fullName":" json-schema-traverse Legacy v0.3.1 API should traverse all keywords containing schemas recursively","status":"passed","title":"should traverse all keywords containing schemas recursively","duration":1,"failureMessages":[]},{"ancestorTitles":["","json-schema-traverse","Legacy v0.3.1 API"],"fullName":" json-schema-traverse Legacy v0.3.1 API should work when an options object is provided","status":"passed","title":"should work when an options object is provided","duration":1,"failureMessages":[]},{"ancestorTitles":["","json-schema-traverse","allKeys option"],"fullName":" json-schema-traverse allKeys option should traverse objects with allKeys: true option","status":"passed","title":"should traverse objects with allKeys: true option","duration":0,"failureMessages":[]},{"ancestorTitles":["","json-schema-traverse","allKeys option"],"fullName":" json-schema-traverse allKeys option should NOT traverse objects with allKeys: false option","status":"passed","title":"should NOT traverse objects with allKeys: false option","duration":1,"failureMessages":[]},{"ancestorTitles":["","json-schema-traverse","allKeys option"],"fullName":" json-schema-traverse allKeys option should NOT traverse objects without allKeys option","status":"passed","title":"should NOT traverse objects without allKeys option","duration":0,"failureMessages":[]},{"ancestorTitles":["","json-schema-traverse","allKeys option"],"fullName":" json-schema-traverse allKeys option should NOT travers objects in standard keywords which value is not a schema","status":"passed","title":"should NOT travers objects in standard keywords which value is not a schema","duration":0,"failureMessages":[]},{"ancestorTitles":["","json-schema-traverse","pre and post"],"fullName":" json-schema-traverse pre and post should traverse schema in pre-order","status":"passed","title":"should traverse schema in pre-order","duration":0,"failureMessages":[]},{"ancestorTitles":["","json-schema-traverse","pre and post"],"fullName":" json-schema-traverse pre and post should traverse schema in post-order","status":"passed","title":"should traverse schema in post-order","duration":1,"failureMessages":[]},{"ancestorTitles":["","json-schema-traverse","pre and post"],"fullName":" json-schema-traverse pre and post should traverse schema in pre- and post-order at the same time","status":"passed","title":"should traverse schema in pre- and post-order at the same time","duration":0,"failureMessages":[]}],"startTime":1754124514479,"endTime":1754124514492,"status":"passed","message":"","name":"/media/kensan/LinuxHDD/ITSM-ITmanagementSystem/frontend/node_modules/json-schema-traverse/spec/index.spec.js"},{"assertionResults":[],"startTime":1754124508509,"endTime":1754124508509,"status":"failed","message":"Vitest cannot be imported in a CommonJS module using require(). Please use \"import\" instead.\n\nIf you are using \"import\" in your source code, then it's possible it was bundled into require() automatically by your bundler. In that case, do not bundle CommonJS output since it will never work with Vitest, or use dynamic import() which is available in all CommonJS modules.","name":"/media/kensan/LinuxHDD/ITSM-ITmanagementSystem/frontend/node_modules/rollup-plugin-visualizer/dist/shared/create-filter.test.js"},{"assertionResults":[{"ancestorTitles":["","DetailPanel","基本表示テスト"],"fullName":" DetailPanel 基本表示テスト パネルが正しく表示される","status":"failed","title":"パネルが正しく表示される","duration":857,"failureMessages":["Found multiple elements with the text: テストチケット\n\nHere are the matching elements:\n\nIgnored nodes: comments, script, style\n\u001b[36m<h6\u001b[39m\n  \u001b[33mclass\u001b[39m=\u001b[32m\"MuiTypography-root MuiTypography-h6 css-1961jlk-MuiTypography-root\"\u001b[39m\n\u001b[36m>\u001b[39m\n  \u001b[0mテストチケット\u001b[0m\n\u001b[36m</h6>\u001b[39m\n\nIgnored nodes: comments, script, style\n\u001b[36m<h6\u001b[39m\n  \u001b[33mclass\u001b[39m=\u001b[32m\"MuiTypography-root MuiTypography-h6 MuiTypography-gutterBottom css-rsc4wb-MuiTypography-root\"\u001b[39m\n\u001b[36m>\u001b[39m\n  \u001b[0mテストチケット\u001b[0m\n\u001b[36m</h6>\u001b[39m\n\n(If this is intentional, then use the `*AllBy*` variant of the query (like `queryAllByText`, `getAllByText`, or `findAllByText`)).\n\nIgnored nodes: comments, script, style\n\u001b[36m<body>\u001b[39m\n  \u001b[36m<div>\u001b[39m\n    \u001b[36m<div\u001b[39m\n      \u001b[33mclass\u001b[39m=\u001b[32m\"MuiDrawer-root MuiDrawer-docked css-192bjr1-MuiDrawer-docked\"\u001b[39m\n    \u001b[36m>\u001b[39m\n      \u001b[36m<div\u001b[39m\n        \u001b[33mclass\u001b[39m=\u001b[32m\"MuiPaper-root MuiPaper-elevation MuiPaper-elevation4 MuiDrawer-paper MuiDrawer-paperAnchorRight MuiDrawer-paperAnchorDockedRight css-6444fg-MuiPaper-root-MuiDrawer-paper\"\u001b[39m\n      \u001b[36m>\u001b[39m\n        \u001b[36m<div\u001b[39m\n          \u001b[33maria-expanded\u001b[39m=\u001b[32m\"true\"\u001b[39m\n          \u001b[33maria-label\u001b[39m=\u001b[32m\"詳細情報パネル\"\u001b[39m\n          \u001b[33mclass\u001b[39m=\u001b[32m\"MuiBox-root css-1dek1sc\"\u001b[39m\n          \u001b[33mrole\u001b[39m=\u001b[32m\"complementary\"\u001b[39m\n          \u001b[33mstyle\u001b[39m=\u001b[32m\"opacity: 1; transition: opacity 300ms cubic-bezier(0.4, 0, 0.2, 1) 0ms;\"\u001b[39m\n        \u001b[36m>\u001b[39m\n          \u001b[36m<div\u001b[39m\n            \u001b[33mclass\u001b[39m=\u001b[32m\"MuiBox-root css-1o5mmbj\"\u001b[39m\n          \u001b[36m>\u001b[39m\n            \u001b[36m<div\u001b[39m\n              \u001b[33mclass\u001b[39m=\u001b[32m\"MuiBox-root css-1fjtzvx\"\u001b[39m\n            \u001b[36m>\u001b[39m\n              \u001b[36m<h6\u001b[39m\n                \u001b[33mclass\u001b[39m=\u001b[32m\"MuiTypography-root MuiTypography-h6 css-1961jlk-MuiTypography-root\"\u001b[39m\n              \u001b[36m>\u001b[39m\n                \u001b[0mテストチケット\u001b[0m\n              \u001b[36m</h6>\u001b[39m\n              \u001b[36m<p\u001b[39m\n                \u001b[33mclass\u001b[39m=\u001b[32m\"MuiTypography-root MuiTypography-body2 css-h9bk0y-MuiTypography-root\"\u001b[39m\n              \u001b[36m>\u001b[39m\n                \u001b[0m#1 • テストカテゴリ\u001b[0m\n              \u001b[36m</p>\u001b[39m\n            \u001b[36m</div>\u001b[39m\n            \u001b[36m<div\u001b[39m\n              \u001b[33mclass\u001b[39m=\u001b[32m\"MuiBox-root css-1i27l4i\"\u001b[39m\n            \u001b[36m>\u001b[39m\n              \u001b[36m<button\u001b[39m\n                \u001b[33maria-label\u001b[39m=\u001b[32m\"情報を更新\"\u001b[39m\n                \u001b[33mclass\u001b[39m=\u001b[32m\"MuiButtonBase-root MuiIconButton-root MuiIconButton-sizeSmall css-1pe4mpk-MuiButtonBase-root-MuiIconButton-root\"\u001b[39m\n                \u001b[33mtabindex\u001b[39m=\u001b[32m\"0\"\u001b[39m\n                \u001b[33mtitle\u001b[39m=\u001b[32m\"情報を更新 (Ctrl+F5)\"\u001b[39m\n                \u001b[33mtype\u001b[39m=\u001b[32m\"button\"\u001b[39m\n              \u001b[36m>\u001b[39m\n                \u001b[36m<svg\u001b[39m\n                  \u001b[33maria-hidden\u001b[39m=\u001b[32m\"true\"\u001b[39m\n                  \u001b[33mclass\u001b[39m=\u001b[32m\"MuiSvgIcon-root MuiSvgIcon-fontSizeMedium css-i4bv87-MuiSvgIcon-root\"\u001b[39m\n                  \u001b[33mdata-testid\u001b[39m=\u001b[32m\"RefreshIcon\"\u001b[39m\n                  \u001b[33mfocusable\u001b[39m=\u001b[32m\"false\"\u001b[39m\n                  \u001b[33mviewBox\u001b[39m=\u001b[32m\"0 0 24 24\"\u001b[39m\n                \u001b[36m>\u001b[39m\n                  \u001b[36m<path\u001b[39m\n                    \u001b[33md\u001b[39m=\u001b[32m\"M17.65 6.35C16.2 4.9 14.21 4 12 4c-4.42 0-7.99 3.58-7.99 8s3.57 8 7.99 8c3.73 0 6.84-2.55 7.73-6h-2.08c-.82 2.33-3.04 4-5.65 4-3.31 0-6-2.69-6-6s2.69-6 6-6c1.66 0 3.14.69 4.22 1.78L13 11h7V4z\"\u001b[39m\n                  \u001b[36m/>\u001b[39m\n                \u001b[36m</svg>\u001b[39m\n                \u001b[36m<span\u001b[39m\n                  \u001b[33mclass\u001b[39m=\u001b[32m\"MuiTouchRipple-root css-8je8zh-MuiTouchRipple-root\"\u001b[39m\n                \u001b[36m/>\u001b[39m\n              \u001b[36m</button>\u001b[39m\n              \u001b[36m<button\u001b[39m\n                \u001b[33maria-label\u001b[39m=\u001b[32m\"編集\"\u001b[39m\n                \u001b[33mclass\u001b[39m=\u001b[32m\"MuiButtonBase-root MuiIconButton-root MuiIconButton-sizeSmall css-1pe4mpk-MuiButtonBase-root-MuiIconButton-root\"\u001b[39m\n                \u001b[33mtabindex\u001b[39m=\u001b[32m\"0\"\u001b[39m\n                \u001b[33mtitle\u001b[39m=\u001b[32m\"編集 (Ctrl+Alt+E)\"\u001b[39m\n                \u001b[33mtype\u001b[39m=\u001b[32m\"button\"\u001b[39m\n              \u001b[36m>\u001b[39m\n                \u001b[36m<svg\u001b[39m\n                  \u001b[33maria-hidden\u001b[39m=\u001b[32m\"true\"\u001b[39m\n                  \u001b[33mclass\u001b[39m=\u001b[32m\"MuiSvgIcon-root MuiSvgIcon-fontSizeMedium css-i4bv87-MuiSvgIcon-root\"\u001b[39m\n                  \u001b[33mdata-testid\u001b[39m=\u001b[32m\"EditIcon\"\u001b[39m\n                  \u001b[33mfocusable\u001b[39m=\u001b[32m\"false\"\u001b[39m\n                  \u001b[33mviewBox\u001b[39m=\u001b[32m\"0 0 24 24\"\u001b[39m\n                \u001b[36m>\u001b[39m\n                  \u001b[36m<path\u001b[39m\n                    \u001b[33md\u001b[39m=\u001b[32m\"M3 17.25V21h3.75L17.81 9.94l-3.75-3.75zM20.71 7.04c.39-.39.39-1.02 0-1.41l-2.34-2.34a.9959.9959 0 0 0-1.41 0l-1.83 1.83 3.75 3.75z\"\u001b[39m\n                  \u001b[36m/>\u001b[39m\n                \u001b[36m</svg>\u001b[39m\n                \u001b[36m<span\u001b[39m\n                  \u001b[33mclass\u001b[39m=\u001b[32m\"MuiTouchRipple-root css-8je8zh-MuiTouchRipple-root\"\u001b[39m\n                \u001b[36m/>\u001b[39m\n              \u001b[36m</button>\u001b[39m\n              \u001b[36m<button\u001b[39m\n                \u001b[33maria-label\u001b[39m=\u001b[32m\"展開\"\u001b[39m\n                \u001b[33mclass\u001b[39m=\u001b[32m\"MuiButtonBase-root MuiIconButton-root MuiIconButton-sizeSmall css-1pe4mpk-MuiButtonBase-root-MuiIconButton-root\"\u001b[39m\n                \u001b[33mtabindex\u001b[39m=\u001b[32m\"0\"\u001b[39m\n                \u001b[33mtitle\u001b[39m=\u001b[32m\"展開\"\u001b[39m\n                \u001b[33mtype\u001b[39m=\u001b[32m\"button\"\u001b[39m\n              \u001b[36m>\u001b[39m\n                \u001b[36m<svg\u001b[39m\n                  \u001b[33maria-hidden\u001b[39m=\u001b[32m\"true\"\u001b[39m\n                  \u001b[33mclass\u001b[39m=\u001b[32m\"MuiSvgIcon-root MuiSvgIcon-fontSizeMedium css-i4bv87-MuiSvgIcon-root\"\u001b[39m\n                  \u001b[33mdata-testid\u001b[39m=\u001b[32m\"FullscreenIcon\"\u001b[39m\n                  \u001b[33mfocusable\u001b[39m=\u001b[32m\"false\"\u001b[39m\n                  \u001b[33mviewBox\u001b[39m=\u001b[32m\"0 0 24 24\"\u001b[39m\n                \u001b[36m>\u001b[39m\n                  \u001b[36m<path\u001b[39m\n                    \u001b[33md\u001b[39m=\u001b[32m\"M7 14H5v5h5v-2H7zm-2-4h2V7h3V5H5zm12 7h-3v2h5v-5h-2zM14 5v2h3v3h2V5z\"\u001b[39m\n                  \u001b[36m/>\u001b[39m\n                \u001b[36m</svg>\u001b[39m\n                \u001b[36m<span\u001b[39m\n                  \u001b[33mclass\u001b[39m=\u001b[32m\"MuiTouchRipple-root css-8je8zh-MuiTouchRipple-root\"\u001b[39m\n                \u001b[36m/>\u001b[39m\n              \u001b[36m</button>\u001b[39m\n              \u001b[36m<button\u001b[39m\n                \u001b[33maria-label\u001b[39m=\u001b[32m\"詳細パネルを閉じる\"\u001b[39m\n                \u001b[33mclass\u001b[39m=\u001b[32m\"MuiButtonBase-root MuiIconButton-root MuiIconButton-sizeSmall css-1pe4mpk-MuiButtonBase-root-MuiIconButton-root\"\u001b[39m\n                \u001b[33mtabindex\u001b[39m=\u001b[32m\"0\"\u001b[39m\n                \u001b[33mtitle\u001b[39m=\u001b[32m\"閉じる (Esc)\"\u001b[39m\n                \u001b[33mtype\u001b[39m=\u001b[32m\"button\"\u001b[39m\n              \u001b[36m>\u001b[39m\n                \u001b[36m<svg\u001b[39m\n                  \u001b[33maria-hidden\u001b[39m=\u001b[32m\"true\"\u001b[39m\n                  \u001b[33mclass\u001b[39m=\u001b[32m\"MuiSvgIcon-root MuiSvgIcon-fontSizeMedium css-i4bv87-MuiSvgIcon-root\"\u001b[39m\n                  \u001b[33mdata-testid\u001b[39m=\u001b[32m\"CloseIcon\"\u001b[39m\n                  \u001b[33mfocusable\u001b[39m=\u001b[32m\"false\"\u001b[39m\n                  \u001b[33mviewBox\u001b[39m=\u001b[32m\"0 0 24 24\"\u001b[39m\n                \u001b[36m>\u001b[39m\n                  \u001b[36m<path\u001b[39m\n                    \u001b[33md\u001b[39m=\u001b[32m\"M19 6.41 17.59 5 12 10.59 6.41 5 5 6.41 10.59 12 5 17.59 6.41 19 12 13.41 17.59 19 19 17.59 13.41 12z\"\u001b[39m\n                  \u001b[36m/>\u001b[39m\n                \u001b[36m</svg>\u001b[39m\n                \u001b[36m<span\u001b[39m\n                  \u001b[33mclass\u001b[39m=\u001b[32m\"MuiTouchRipple-root css-8je8zh-MuiTouchRipple-root\"\u001b[39m\n                \u001b[36m/>\u001b[39m\n              \u001b[36m</button>\u001b[39m\n            \u001b[36m</div>\u001b[39m\n          \u001b[36m</div>\u001b[39m\n          \u001b[36m<div\u001b[39m\n            \u001b[33mclass\u001b[39m=\u001b[32m\"MuiBox-root css-1bk1z0h\"\u001b[39m\n          \u001b[36m>\u001b[39m\n            \u001b[36m<div\u001b[39m\n              \u001b[33mclass\u001b[39m=\u001b[32m\"MuiB..."],"location":{"line":37,"column":19}},{"ancestorTitles":["","DetailPanel","基本表示テスト"],"fullName":" DetailPanel 基本表示テスト 閉じているときは表示されない","status":"passed","title":"閉じているときは表示されない","duration":115,"failureMessages":[]},{"ancestorTitles":["","DetailPanel","基本表示テスト"],"fullName":" DetailPanel 基本表示テスト アイテムがnullの場合、適切なメッセージが表示される","status":"passed","title":"アイテムがnullの場合、適切なメッセージが表示される","duration":36,"failureMessages":[]},{"ancestorTitles":["","DetailPanel","操作テスト"],"fullName":" DetailPanel 操作テスト 閉じるボタンをクリックすると onClose が呼ばれる","status":"passed","title":"閉じるボタンをクリックすると onClose が呼ばれる","duration":117,"failureMessages":[]},{"ancestorTitles":["","DetailPanel","操作テスト"],"fullName":" DetailPanel 操作テスト リフレッシュボタンが表示される","status":"passed","title":"リフレッシュボタンが表示される","duration":85,"failureMessages":[]},{"ancestorTitles":["","DetailPanel","操作テスト"],"fullName":" DetailPanel 操作テスト 編集ボタンが表示される","status":"passed","title":"編集ボタンが表示される","duration":110,"failureMessages":[]},{"ancestorTitles":["","DetailPanel","キーボードナビゲーション"],"fullName":" DetailPanel キーボードナビゲーション Escapeキーで閉じる","status":"passed","title":"Escapeキーで閉じる","duration":150,"failureMessages":[]},{"ancestorTitles":["","DetailPanel","キーボードナビゲーション"],"fullName":" DetailPanel キーボードナビゲーション Ctrl+F5でリフレッシュ","status":"passed","title":"Ctrl+F5でリフレッシュ","duration":135,"failureMessages":[]},{"ancestorTitles":["","DetailPanel","レスポンシブ対応"],"fullName":" DetailPanel レスポンシブ対応 モバイルビューで適切に表示される","status":"passed","title":"モバイルビューで適切に表示される","duration":100,"failureMessages":[]},{"ancestorTitles":["","DetailPanel","レスポンシブ対応"],"fullName":" DetailPanel レスポンシブ対応 デスクトップビューで展開ボタンが表示される","status":"passed","title":"デスクトップビューで展開ボタンが表示される","duration":84,"failureMessages":[]},{"ancestorTitles":["","DetailPanel","エラーハンドリング"],"fullName":" DetailPanel エラーハンドリング エラーバウンダリが正しく動作する","status":"passed","title":"エラーバウンダリが正しく動作する","duration":111,"failureMessages":[]},{"ancestorTitles":["","DetailPanel","アクセシビリティ"],"fullName":" DetailPanel アクセシビリティ 適切なARIA属性が設定されている","status":"passed","title":"適切なARIA属性が設定されている","duration":92,"failureMessages":[]},{"ancestorTitles":["","DetailPanel","アクセシビリティ"],"fullName":" DetailPanel アクセシビリティ フォーカス可能な要素が適切に設定されている","status":"passed","title":"フォーカス可能な要素が適切に設定されている","duration":88,"failureMessages":[]},{"ancestorTitles":["","DetailPanel","パフォーマンス"],"fullName":" DetailPanel パフォーマンス 大量のデータでも適切にレンダリングされる","status":"failed","title":"大量のデータでも適切にレンダリングされる","duration":115,"failureMessages":["expected 102.66104000000269 to be less than 100"],"location":{"line":213,"column":27}},{"ancestorTitles":["","useDetailPanel Hook"],"fullName":" useDetailPanel Hook useDetailPanel のテストを実装","status":"todo","title":"useDetailPanel のテストを実装","failureMessages":[]}],"startTime":1754124532677,"endTime":1754124534876,"status":"failed","message":"","name":"/media/kensan/LinuxHDD/ITSM-ITmanagementSystem/frontend/src/components/common/__tests__/DetailPanel.test.tsx"},{"assertionResults":[],"startTime":1754124508509,"endTime":1754124508509,"status":"failed","message":"Failed to resolve import \"bun:test\" from \"node_modules/@testing-library/jest-dom/types/__tests__/bun/bun-custom-expect-types.test.ts\". Does the file exist?","name":"/media/kensan/LinuxHDD/ITSM-ITmanagementSystem/frontend/node_modules/@testing-library/jest-dom/types/__tests__/bun/bun-custom-expect-types.test.ts"},{"assertionResults":[],"startTime":1754124508509,"endTime":1754124508509,"status":"failed","message":"Failed to resolve import \"bun:test\" from \"node_modules/@testing-library/jest-dom/types/__tests__/bun/bun-types.test.ts\". Does the file exist?","name":"/media/kensan/LinuxHDD/ITSM-ITmanagementSystem/frontend/node_modules/@testing-library/jest-dom/types/__tests__/bun/bun-types.test.ts"},{"assertionResults":[],"startTime":1754124508509,"endTime":1754124508509,"status":"failed","message":"Failed to resolve import \"../../matchers\" from \"node_modules/@testing-library/jest-dom/types/__tests__/jest/jest-custom-expect-types.test.ts\". Does the file exist?","name":"/media/kensan/LinuxHDD/ITSM-ITmanagementSystem/frontend/node_modules/@testing-library/jest-dom/types/__tests__/jest/jest-custom-expect-types.test.ts"},{"assertionResults":[],"startTime":1754124508509,"endTime":1754124508509,"status":"failed","message":"Failed to resolve import \"../../jest\" from \"node_modules/@testing-library/jest-dom/types/__tests__/jest/jest-types.test.ts\". Does the file exist?","name":"/media/kensan/LinuxHDD/ITSM-ITmanagementSystem/frontend/node_modules/@testing-library/jest-dom/types/__tests__/jest/jest-types.test.ts"},{"assertionResults":[],"startTime":1754124508509,"endTime":1754124508509,"status":"failed","message":"Failed to resolve import \"@jest/globals\" from \"node_modules/@testing-library/jest-dom/types/__tests__/jest-globals/jest-globals-custom-expect-types.test.ts\". Does the file exist?","name":"/media/kensan/LinuxHDD/ITSM-ITmanagementSystem/frontend/node_modules/@testing-library/jest-dom/types/__tests__/jest-globals/jest-globals-custom-expect-types.test.ts"},{"assertionResults":[],"startTime":1754124508509,"endTime":1754124508509,"status":"failed","message":"Failed to resolve import \"@jest/globals\" from \"node_modules/@testing-library/jest-dom/types/__tests__/jest-globals/jest-globals-types.test.ts\". Does the file exist?","name":"/media/kensan/LinuxHDD/ITSM-ITmanagementSystem/frontend/node_modules/@testing-library/jest-dom/types/__tests__/jest-globals/jest-globals-types.test.ts"},{"assertionResults":[],"startTime":1754124508509,"endTime":1754124508509,"status":"failed","message":"Failed to resolve import \"../../matchers\" from \"node_modules/@testing-library/jest-dom/types/__tests__/vitest/vitest-custom-expect-types.test.ts\". Does the file exist?","name":"/media/kensan/LinuxHDD/ITSM-ITmanagementSystem/frontend/node_modules/@testing-library/jest-dom/types/__tests__/vitest/vitest-custom-expect-types.test.ts"},{"assertionResults":[],"startTime":1754124508509,"endTime":1754124508509,"status":"failed","message":"Failed to resolve import \"../../vitest\" from \"node_modules/@testing-library/jest-dom/types/__tests__/vitest/vitest-types.test.ts\". Does the file exist?","name":"/media/kensan/LinuxHDD/ITSM-ITmanagementSystem/frontend/node_modules/@testing-library/jest-dom/types/__tests__/vitest/vitest-types.test.ts"}]}