{
  "errors": [
    {
      "type": "typescript",
      "message": "src/__tests__/components.test.tsx(105,3): error TS2304: Cannot find name 'beforeAll'.",
      "file": "src/__tests__/components.test.tsx(105,3)",
      "line": null,
      "severity": "error",
      "timestamp": "2025-08-01T16:20:28.683028",
      "pattern_matched": "error TS\\d+:"
    },
    {
      "type": "typescript",
      "message": "src/__tests__/components.test.tsx(109,3): error TS2304: Cannot find name 'afterAll'.",
      "file": "src/__tests__/components.test.tsx(109,3)",
      "line": null,
      "severity": "error",
      "timestamp": "2025-08-01T16:20:28.683054",
      "pattern_matched": "error TS\\d+:"
    },
    {
      "type": "typescript",
      "message": "src/__tests__/components.test.tsx(117,8): error TS2304: Cannot find name 'ErrorBoundary'.",
      "file": "src/__tests__/components.test.tsx(117,8)",
      "line": null,
      "severity": "error",
      "timestamp": "2025-08-01T16:20:28.683060",
      "pattern_matched": "error TS\\d+:"
    },
    {
      "type": "typescript",
      "message": "src/__tests__/components.test.tsx(119,9): error TS2304: Cannot find name 'ErrorBoundary'.",
      "file": "src/__tests__/components.test.tsx(119,9)",
      "line": null,
      "severity": "error",
      "timestamp": "2025-08-01T16:20:28.683065",
      "pattern_matched": "error TS\\d+:"
    },
    {
      "type": "typescript",
      "message": "src/__tests__/components.test.tsx(134,8): error TS2304: Cannot find name 'ErrorBoundary'.",
      "file": "src/__tests__/components.test.tsx(134,8)",
      "line": null,
      "severity": "error",
      "timestamp": "2025-08-01T16:20:28.683069",
      "pattern_matched": "error TS\\d+:"
    },
    {
      "type": "typescript",
      "message": "src/__tests__/components.test.tsx(136,9): error TS2304: Cannot find name 'ErrorBoundary'.",
      "file": "src/__tests__/components.test.tsx(136,9)",
      "line": null,
      "severity": "error",
      "timestamp": "2025-08-01T16:20:28.683074",
      "pattern_matched": "error TS\\d+:"
    },
    {
      "type": "typescript",
      "message": "src/__tests__/components.test.tsx(145,10): error TS2304: Cannot find name 'ErrorBoundary'.",
      "file": "src/__tests__/components.test.tsx(145,10)",
      "line": null,
      "severity": "error",
      "timestamp": "2025-08-01T16:20:28.683078",
      "pattern_matched": "error TS\\d+:"
    },
    {
      "type": "typescript",
      "message": "src/__tests__/components.test.tsx(147,11): error TS2304: Cannot find name 'ErrorBoundary'.",
      "file": "src/__tests__/components.test.tsx(147,11)",
      "line": null,
      "severity": "error",
      "timestamp": "2025-08-01T16:20:28.683082",
      "pattern_matched": "error TS\\d+:"
    },
    {
      "type": "typescript",
      "message": "src/__tests__/components.test.tsx(159,8): error TS2304: Cannot find name 'ErrorBoundary'.",
      "file": "src/__tests__/components.test.tsx(159,8)",
      "line": null,
      "severity": "error",
      "timestamp": "2025-08-01T16:20:28.683087",
      "pattern_matched": "error TS\\d+:"
    },
    {
      "type": "typescript",
      "message": "src/__tests__/components.test.tsx(161,9): error TS2304: Cannot find name 'ErrorBoundary'.",
      "file": "src/__tests__/components.test.tsx(161,9)",
      "line": null,
      "severity": "error",
      "timestamp": "2025-08-01T16:20:28.683091",
      "pattern_matched": "error TS\\d+:"
    },
    {
      "type": "typescript",
      "message": "src/components/common/AccessibilityHelper.tsx(8,3): error TS6133: 'Tooltip' is declared but its value is never read.",
      "file": "src/components/common/AccessibilityHelper.tsx(8,3)",
      "line": null,
      "severity": "error",
      "timestamp": "2025-08-01T16:20:28.683095",
      "pattern_matched": "error TS\\d+:"
    },
    {
      "type": "typescript",
      "message": "src/components/common/AccessibilityHelper.tsx(20,17): error TS6133: 'TextSizeIcon' is declared but its value is never read.",
      "file": "src/components/common/AccessibilityHelper.tsx(20,17)",
      "line": null,
      "severity": "error",
      "timestamp": "2025-08-01T16:20:28.683100",
      "pattern_matched": "error TS\\d+:"
    },
    {
      "type": "typescript",
      "message": "src/components/common/AccessibilityHelper.tsx(153,25): error TS2345: Argument of type 'Element | null' is not assignable to parameter of type 'SetStateAction<HTMLElement | null>'.",
      "file": "src/components/common/AccessibilityHelper.tsx(153,25)",
      "line": null,
      "severity": "error",
      "timestamp": "2025-08-01T16:20:28.683104",
      "pattern_matched": "error TS\\d+:"
    },
    {
      "type": "typescript",
      "message": "Type 'Element' is not assignable to type 'SetStateAction<HTMLElement | null>'.",
      "file": null,
      "line": null,
      "severity": "error",
      "timestamp": "2025-08-01T16:20:28.683283",
      "pattern_matched": "Type '[^']*' is not assignable to type '[^']*'"
    },
    {
      "type": "typescript",
      "message": "src/components/common/AdvancedAnalytics.tsx(15,3): error TS6133: 'IconButton' is declared but its value is never read.",
      "file": "src/components/common/AdvancedAnalytics.tsx(15,3)",
      "line": null,
      "severity": "error",
      "timestamp": "2025-08-01T16:20:28.683636",
      "pattern_matched": "error TS\\d+:"
    },
    {
      "type": "typescript",
      "message": "src/components/common/AdvancedAnalytics.tsx(16,3): error TS6133: 'Tooltip' is declared but its value is never read.",
      "file": "src/components/common/AdvancedAnalytics.tsx(16,3)",
      "line": null,
      "severity": "error",
      "timestamp": "2025-08-01T16:20:28.683644",
      "pattern_matched": "error TS\\d+:"
    },
    {
      "type": "typescript",
      "message": "src/components/common/AdvancedAnalytics.tsx(28,13): error TS6133: 'PersonIcon' is declared but its value is never read.",
      "file": "src/components/common/AdvancedAnalytics.tsx(28,13)",
      "line": null,
      "severity": "error",
      "timestamp": "2025-08-01T16:20:28.683649",
      "pattern_matched": "error TS\\d+:"
    },
    {
      "type": "typescript",
      "message": "src/components/common/AdvancedAnalytics.tsx(29,15): error TS6133: 'ScheduleIcon' is declared but its value is never read.",
      "file": "src/components/common/AdvancedAnalytics.tsx(29,15)",
      "line": null,
      "severity": "error",
      "timestamp": "2025-08-01T16:20:28.683653",
      "pattern_matched": "error TS\\d+:"
    },
    {
      "type": "typescript",
      "message": "src/components/common/AdvancedAnalytics.tsx(31,14): error TS6133: 'WarningIcon' is declared but its value is never read.",
      "file": "src/components/common/AdvancedAnalytics.tsx(31,14)",
      "line": null,
      "severity": "error",
      "timestamp": "2025-08-01T16:20:28.683658",
      "pattern_matched": "error TS\\d+:"
    },
    {
      "type": "typescript",
      "message": "src/components/common/AdvancedAnalytics.tsx(32,18): error TS6133: 'CheckCircleIcon' is declared but its value is never read.",
      "file": "src/components/common/AdvancedAnalytics.tsx(32,18)",
      "line": null,
      "severity": "error",
      "timestamp": "2025-08-01T16:20:28.683665",
      "pattern_matched": "error TS\\d+:"
    },
    {
      "type": "typescript",
      "message": "src/components/common/AdvancedAnalytics.tsx(33,15): error TS6133: 'MoreVertIcon' is declared but its value is never read.",
      "file": "src/components/common/AdvancedAnalytics.tsx(33,15)",
      "line": null,
      "severity": "error",
      "timestamp": "2025-08-01T16:20:28.683670",
      "pattern_matched": "error TS\\d+:"
    },
    {
      "type": "typescript",
      "message": "src/components/common/AdvancedAnalytics.tsx(45,3): error TS6133: 'BarChart' is declared but its value is never read.",
      "file": "src/components/common/AdvancedAnalytics.tsx(45,3)",
      "line": null,
      "severity": "error",
      "timestamp": "2025-08-01T16:20:28.683674",
      "pattern_matched": "error TS\\d+:"
    },
    {
      "type": "typescript",
      "message": "src/components/common/AdvancedAnalytics.tsx(46,3): error TS6133: 'Bar' is declared but its value is never read.",
      "file": "src/components/common/AdvancedAnalytics.tsx(46,3)",
      "line": null,
      "severity": "error",
      "timestamp": "2025-08-01T16:20:28.683678",
      "pattern_matched": "error TS\\d+:"
    },
    {
      "type": "typescript",
      "message": "src/components/common/AdvancedAnalytics.tsx(47,3): error TS6133: 'Cell' is declared but its value is never read.",
      "file": "src/components/common/AdvancedAnalytics.tsx(47,3)",
      "line": null,
      "severity": "error",
      "timestamp": "2025-08-01T16:20:28.683682",
      "pattern_matched": "error TS\\d+:"
    },
    {
      "type": "typescript",
      "message": "src/components/common/AdvancedAnalytics.tsx(48,3): error TS6133: 'PieChart' is declared but its value is never read.",
      "file": "src/components/common/AdvancedAnalytics.tsx(48,3)",
      "line": null,
      "severity": "error",
      "timestamp": "2025-08-01T16:20:28.683687",
      "pattern_matched": "error TS\\d+:"
    },
    {
      "type": "typescript",
      "message": "src/components/common/AdvancedAnalytics.tsx(49,3): error TS6133: 'Pie' is declared but its value is never read.",
      "file": "src/components/common/AdvancedAnalytics.tsx(49,3)",
      "line": null,
      "severity": "error",
      "timestamp": "2025-08-01T16:20:28.683691",
      "pattern_matched": "error TS\\d+:"
    },
    {
      "type": "typescript",
      "message": "src/components/common/AdvancedAnalytics.tsx(50,3): error TS6133: 'LineChart' is declared but its value is never read.",
      "file": "src/components/common/AdvancedAnalytics.tsx(50,3)",
      "line": null,
      "severity": "error",
      "timestamp": "2025-08-01T16:20:28.683695",
      "pattern_matched": "error TS\\d+:"
    },
    {
      "type": "typescript",
      "message": "src/components/common/AdvancedAnalytics.tsx(59,33): error TS6196: 'Ticket' is declared but never used.",
      "file": "src/components/common/AdvancedAnalytics.tsx(59,33)",
      "line": null,
      "severity": "error",
      "timestamp": "2025-08-01T16:20:28.683700",
      "pattern_matched": "error TS\\d+:"
    },
    {
      "type": "typescript",
      "message": "src/components/common/AdvancedAnalytics.tsx(68,3): error TS6133: 'metrics' is declared but its value is never read.",
      "file": "src/components/common/AdvancedAnalytics.tsx(68,3)",
      "line": null,
      "severity": "error",
      "timestamp": "2025-08-01T16:20:28.683704",
      "pattern_matched": "error TS\\d+:"
    },
    {
      "type": "typescript",
      "message": "src/components/common/AdvancedAnalytics.tsx(73,10): error TS6133: 'selectedMetric' is declared but its value is never read.",
      "file": "src/components/common/AdvancedAnalytics.tsx(73,10)",
      "line": null,
      "severity": "error",
      "timestamp": "2025-08-01T16:20:28.683710",
      "pattern_matched": "error TS\\d+:"
    },
    {
      "type": "typescript",
      "message": "src/components/common/AdvancedAnalytics.tsx(73,26): error TS6133: 'setSelectedMetric' is declared but its value is never read.",
      "file": "src/components/common/AdvancedAnalytics.tsx(73,26)",
      "line": null,
      "severity": "error",
      "timestamp": "2025-08-01T16:20:28.683714",
      "pattern_matched": "error TS\\d+:"
    },
    {
      "type": "typescript",
      "message": "src/components/common/AdvancedFilters.tsx(189,12): error TS2304: Cannot find name 'MuiDatePicker'.",
      "file": "src/components/common/AdvancedFilters.tsx(189,12)",
      "line": null,
      "severity": "error",
      "timestamp": "2025-08-01T16:20:28.683718",
      "pattern_matched": "error TS\\d+:"
    },
    {
      "type": "typescript",
      "message": "src/components/common/AdvancedFilters.tsx(192,24): error TS7006: Parameter 'date' implicitly has an 'any' type.",
      "file": "src/components/common/AdvancedFilters.tsx(192,24)",
      "line": null,
      "severity": "error",
      "timestamp": "2025-08-01T16:20:28.683724",
      "pattern_matched": "error TS\\d+:"
    },
    {
      "type": "typescript",
      "message": "src/components/common/AdvancedFilters.tsx(193,27): error TS7006: Parameter 'params' implicitly has an 'any' type.",
      "file": "src/components/common/AdvancedFilters.tsx(193,27)",
      "line": null,
      "severity": "error",
      "timestamp": "2025-08-01T16:20:28.683728",
      "pattern_matched": "error TS\\d+:"
    },
    {
      "type": "typescript",
      "message": "src/components/common/AdvancedFilters.tsx(198,12): error TS2304: Cannot find name 'MuiDatePicker'.",
      "file": "src/components/common/AdvancedFilters.tsx(198,12)",
      "line": null,
      "severity": "error",
      "timestamp": "2025-08-01T16:20:28.683733",
      "pattern_matched": "error TS\\d+:"
    },
    {
      "type": "typescript",
      "message": "src/components/common/AdvancedFilters.tsx(201,24): error TS7006: Parameter 'date' implicitly has an 'any' type.",
      "file": "src/components/common/AdvancedFilters.tsx(201,24)",
      "line": null,
      "severity": "error",
      "timestamp": "2025-08-01T16:20:28.683737",
      "pattern_matched": "error TS\\d+:"
    },
    {
      "type": "typescript",
      "message": "src/components/common/AdvancedFilters.tsx(202,27): error TS7006: Parameter 'params' implicitly has an 'any' type.",
      "file": "src/components/common/AdvancedFilters.tsx(202,27)",
      "line": null,
      "severity": "error",
      "timestamp": "2025-08-01T16:20:28.683741",
      "pattern_matched": "error TS\\d+:"
    },
    {
      "type": "typescript",
      "message": "src/components/common/ErrorBoundary.tsx(99,14): error TS2580: Cannot find name 'process'. Do you need to install type definitions for node? Try `npm i --save-dev @types/node`.",
      "file": "src/components/common/ErrorBoundary.tsx(99,14)",
      "line": null,
      "severity": "error",
      "timestamp": "2025-08-01T16:20:28.683745",
      "pattern_matched": "error TS\\d+:"
    },
    {
      "type": "typescript",
      "message": "src/components/common/NotificationSystem.tsx(3,3): error TS6133: 'Snackbar' is declared but its value is never read.",
      "file": "src/components/common/NotificationSystem.tsx(3,3)",
      "line": null,
      "severity": "error",
      "timestamp": "2025-08-01T16:20:28.683751",
      "pattern_matched": "error TS\\d+:"
    },
    {
      "type": "typescript",
      "message": "src/components/layout/Header.tsx(18,20): error TS6133: 'AccountCircleIcon' is declared but its value is never read.",
      "file": "src/components/layout/Header.tsx(18,20)",
      "line": null,
      "severity": "error",
      "timestamp": "2025-08-01T16:20:28.683755",
      "pattern_matched": "error TS\\d+:"
    },
    {
      "type": "typescript",
      "message": "src/components/layout/Layout.tsx(7,3): error TS6133: 'Typography' is declared but its value is never read.",
      "file": "src/components/layout/Layout.tsx(7,3)",
      "line": null,
      "severity": "error",
      "timestamp": "2025-08-01T16:20:28.683759",
      "pattern_matched": "error TS\\d+:"
    },
    {
      "type": "typescript",
      "message": "src/components/layout/Layout.tsx(8,3): error TS6133: 'IconButton' is declared but its value is never read.",
      "file": "src/components/layout/Layout.tsx(8,3)",
      "line": null,
      "severity": "error",
      "timestamp": "2025-08-01T16:20:28.683763",
      "pattern_matched": "error TS\\d+:"
    },
    {
      "type": "typescript",
      "message": "src/components/layout/Layout.tsx(12,1): error TS6133: 'MenuIcon' is declared but its value is never read.",
      "file": "src/components/layout/Layout.tsx(12,1)",
      "line": null,
      "severity": "error",
      "timestamp": "2025-08-01T16:20:28.683767",
      "pattern_matched": "error TS\\d+:"
    },
    {
      "type": "typescript",
      "message": "src/pages/Dashboard.tsx(36,105): error TS6133: 'LineChart' is declared but its value is never read.",
      "file": "src/pages/Dashboard.tsx(36,105)",
      "line": null,
      "severity": "error",
      "timestamp": "2025-08-01T16:20:28.683772",
      "pattern_matched": "error TS\\d+:"
    },
    {
      "type": "typescript",
      "message": "src/pages/Dashboard.tsx(36,116): error TS6133: 'Line' is declared but its value is never read.",
      "file": "src/pages/Dashboard.tsx(36,116)",
      "line": null,
      "severity": "error",
      "timestamp": "2025-08-01T16:20:28.683776",
      "pattern_matched": "error TS\\d+:"
    },
    {
      "type": "typescript",
      "message": "src/pages/Dashboard.tsx(39,33): error TS6196: 'Ticket' is declared but never used.",
      "file": "src/pages/Dashboard.tsx(39,33)",
      "line": null,
      "severity": "error",
      "timestamp": "2025-08-01T16:20:28.683780",
      "pattern_matched": "error TS\\d+:"
    },
    {
      "type": "typescript",
      "message": "src/pages/Dashboard.tsx(416,40): error TS2769: No overload matches this call.",
      "file": "src/pages/Dashboard.tsx(416,40)",
      "line": null,
      "severity": "error",
      "timestamp": "2025-08-01T16:20:28.683784",
      "pattern_matched": "error TS\\d+:"
    },
    {
      "type": "typescript",
      "message": "Type '(entry: any) => any' is not assignable to type 'string'.",
      "file": null,
      "line": null,
      "severity": "error",
      "timestamp": "2025-08-01T16:20:28.683798",
      "pattern_matched": "Type '[^']*' is not assignable to type '[^']*'"
    },
    {
      "type": "typescript",
      "message": "Type '(entry: any) => any' is not assignable to type 'string'.",
      "file": null,
      "line": null,
      "severity": "error",
      "timestamp": "2025-08-01T16:20:28.683810",
      "pattern_matched": "Type '[^']*' is not assignable to type '[^']*'"
    },
    {
      "type": "typescript",
      "message": "src/pages/Dashboard.tsx(416,47): error TS7006: Parameter 'entry' implicitly has an 'any' type.",
      "file": "src/pages/Dashboard.tsx(416,47)",
      "line": null,
      "severity": "error",
      "timestamp": "2025-08-01T16:20:28.683814",
      "pattern_matched": "error TS\\d+:"
    },
    {
      "type": "typescript",
      "message": "src/pages/tickets/CreateTicket.tsx(20,3): error TS6133: 'IconButton' is declared but its value is never read.",
      "file": "src/pages/tickets/CreateTicket.tsx(20,3)",
      "line": null,
      "severity": "error",
      "timestamp": "2025-08-01T16:20:28.683818",
      "pattern_matched": "error TS\\d+:"
    },
    {
      "type": "typescript",
      "message": "src/pages/tickets/CreateTicket.tsx(27,13): error TS6133: 'CancelIcon' is declared but its value is never read.",
      "file": "src/pages/tickets/CreateTicket.tsx(27,13)",
      "line": null,
      "severity": "error",
      "timestamp": "2025-08-01T16:20:28.683822",
      "pattern_matched": "error TS\\d+:"
    },
    {
      "type": "typescript",
      "message": "src/pages/tickets/TicketDetail.tsx(2,21): error TS6133: 'useNavigate' is declared but its value is never read.",
      "file": "src/pages/tickets/TicketDetail.tsx(2,21)",
      "line": null,
      "severity": "error",
      "timestamp": "2025-08-01T16:20:28.683827",
      "pattern_matched": "error TS\\d+:"
    },
    {
      "type": "typescript",
      "message": "src/pages/tickets/TicketDetail.tsx(24,3): error TS6133: 'FormControl' is declared but its value is never read.",
      "file": "src/pages/tickets/TicketDetail.tsx(24,3)",
      "line": null,
      "severity": "error",
      "timestamp": "2025-08-01T16:20:28.683831",
      "pattern_matched": "error TS\\d+:"
    },
    {
      "type": "typescript",
      "message": "src/pages/tickets/TicketDetail.tsx(25,3): error TS6133: 'InputLabel' is declared but its value is never read.",
      "file": "src/pages/tickets/TicketDetail.tsx(25,3)",
      "line": null,
      "severity": "error",
      "timestamp": "2025-08-01T16:20:28.683835",
      "pattern_matched": "error TS\\d+:"
    },
    {
      "type": "typescript",
      "message": "src/pages/tickets/TicketDetail.tsx(26,3): error TS6133: 'Select' is declared but its value is never read.",
      "file": "src/pages/tickets/TicketDetail.tsx(26,3)",
      "line": null,
      "severity": "error",
      "timestamp": "2025-08-01T16:20:28.683839",
      "pattern_matched": "error TS\\d+:"
    },
    {
      "type": "typescript",
      "message": "src/pages/tickets/TicketDetail.tsx(42,16): error TS6133: 'PlayIcon' is declared but its value is never read.",
      "file": "src/pages/tickets/TicketDetail.tsx(42,16)",
      "line": null,
      "severity": "error",
      "timestamp": "2025-08-01T16:20:28.683843",
      "pattern_matched": "error TS\\d+:"
    },
    {
      "type": "typescript",
      "message": "src/pages/tickets/TicketList.tsx(22,3): error TS6133: 'Stack' is declared but its value is never read.",
      "file": "src/pages/tickets/TicketList.tsx(22,3)",
      "line": null,
      "severity": "error",
      "timestamp": "2025-08-01T16:20:28.683848",
      "pattern_matched": "error TS\\d+:"
    },
    {
      "type": "typescript",
      "message": "src/pages/tickets/TicketList.tsx(36,17): error TS6133: 'AssignmentIcon' is declared but its value is never read.",
      "file": "src/pages/tickets/TicketList.tsx(36,17)",
      "line": null,
      "severity": "error",
      "timestamp": "2025-08-01T16:20:28.683855",
      "pattern_matched": "error TS\\d+:"
    },
    {
      "type": "typescript",
      "message": "src/pages/tickets/TicketList.tsx(49,10): error TS6133: 'filterAnchor' is declared but its value is never read.",
      "file": "src/pages/tickets/TicketList.tsx(49,10)",
      "line": null,
      "severity": "error",
      "timestamp": "2025-08-01T16:20:28.683859",
      "pattern_matched": "error TS\\d+:"
    },
    {
      "type": "typescript",
      "message": "src/pages/tickets/TicketList.tsx(49,24): error TS6133: 'setFilterAnchor' is declared but its value is never read.",
      "file": "src/pages/tickets/TicketList.tsx(49,24)",
      "line": null,
      "severity": "error",
      "timestamp": "2025-08-01T16:20:28.683863",
      "pattern_matched": "error TS\\d+:"
    },
    {
      "type": "typescript",
      "message": "src/pages/tickets/TicketList.tsx(280,20): error TS6133: 'params' is declared but its value is never read.",
      "file": "src/pages/tickets/TicketList.tsx(280,20)",
      "line": null,
      "severity": "error",
      "timestamp": "2025-08-01T16:20:28.683867",
      "pattern_matched": "error TS\\d+:"
    },
    {
      "type": "typescript",
      "message": "src/pages/users/CreateUser.tsx(23,3): error TS6133: 'Switch' is declared but its value is never read.",
      "file": "src/pages/users/CreateUser.tsx(23,3)",
      "line": null,
      "severity": "error",
      "timestamp": "2025-08-01T16:20:28.683872",
      "pattern_matched": "error TS\\d+:"
    },
    {
      "type": "typescript",
      "message": "src/pages/users/CreateUser.tsx(30,13): error TS6133: 'CancelIcon' is declared but its value is never read.",
      "file": "src/pages/users/CreateUser.tsx(30,13)",
      "line": null,
      "severity": "error",
      "timestamp": "2025-08-01T16:20:28.683876",
      "pattern_matched": "error TS\\d+:"
    },
    {
      "type": "typescript",
      "message": "src/pages/users/UserDetail.tsx(49,14): error TS6133: 'HistoryIcon' is declared but its value is never read.",
      "file": "src/pages/users/UserDetail.tsx(49,14)",
      "line": null,
      "severity": "error",
      "timestamp": "2025-08-01T16:20:28.683880",
      "pattern_matched": "error TS\\d+:"
    },
    {
      "type": "typescript",
      "message": "src/pages/users/UserDetail.tsx(50,17): error TS6133: 'TicketIcon' is declared but its value is never read.",
      "file": "src/pages/users/UserDetail.tsx(50,17)",
      "line": null,
      "severity": "error",
      "timestamp": "2025-08-01T16:20:28.683886",
      "pattern_matched": "error TS\\d+:"
    },
    {
      "type": "typescript",
      "message": "src/pages/users/UserList.tsx(41,15): error TS6133: 'RoleIcon' is declared but its value is never read.",
      "file": "src/pages/users/UserList.tsx(41,15)",
      "line": null,
      "severity": "error",
      "timestamp": "2025-08-01T16:20:28.683891",
      "pattern_matched": "error TS\\d+:"
    },
    {
      "type": "typescript",
      "message": "src/__tests__/components.test.tsx(105,3): error TS2304: Cannot find name 'beforeAll'.",
      "file": "src/__tests__/components.test.tsx(105,3)",
      "line": null,
      "severity": "error",
      "timestamp": "2025-08-01T16:20:36.398348",
      "source": "build",
      "pattern_matched": "error TS\\d+:"
    },
    {
      "type": "typescript",
      "message": "src/__tests__/components.test.tsx(109,3): error TS2304: Cannot find name 'afterAll'.",
      "file": "src/__tests__/components.test.tsx(109,3)",
      "line": null,
      "severity": "error",
      "timestamp": "2025-08-01T16:20:36.398380",
      "source": "build",
      "pattern_matched": "error TS\\d+:"
    },
    {
      "type": "typescript",
      "message": "src/__tests__/components.test.tsx(117,8): error TS2304: Cannot find name 'ErrorBoundary'.",
      "file": "src/__tests__/components.test.tsx(117,8)",
      "line": null,
      "severity": "error",
      "timestamp": "2025-08-01T16:20:36.398398",
      "source": "build",
      "pattern_matched": "error TS\\d+:"
    },
    {
      "type": "typescript",
      "message": "src/__tests__/components.test.tsx(119,9): error TS2304: Cannot find name 'ErrorBoundary'.",
      "file": "src/__tests__/components.test.tsx(119,9)",
      "line": null,
      "severity": "error",
      "timestamp": "2025-08-01T16:20:36.398416",
      "source": "build",
      "pattern_matched": "error TS\\d+:"
    },
    {
      "type": "typescript",
      "message": "src/__tests__/components.test.tsx(134,8): error TS2304: Cannot find name 'ErrorBoundary'.",
      "file": "src/__tests__/components.test.tsx(134,8)",
      "line": null,
      "severity": "error",
      "timestamp": "2025-08-01T16:20:36.398433",
      "source": "build",
      "pattern_matched": "error TS\\d+:"
    },
    {
      "type": "typescript",
      "message": "src/__tests__/components.test.tsx(136,9): error TS2304: Cannot find name 'ErrorBoundary'.",
      "file": "src/__tests__/components.test.tsx(136,9)",
      "line": null,
      "severity": "error",
      "timestamp": "2025-08-01T16:20:36.398450",
      "source": "build",
      "pattern_matched": "error TS\\d+:"
    },
    {
      "type": "typescript",
      "message": "src/__tests__/components.test.tsx(145,10): error TS2304: Cannot find name 'ErrorBoundary'.",
      "file": "src/__tests__/components.test.tsx(145,10)",
      "line": null,
      "severity": "error",
      "timestamp": "2025-08-01T16:20:36.398467",
      "source": "build",
      "pattern_matched": "error TS\\d+:"
    },
    {
      "type": "typescript",
      "message": "src/__tests__/components.test.tsx(147,11): error TS2304: Cannot find name 'ErrorBoundary'.",
      "file": "src/__tests__/components.test.tsx(147,11)",
      "line": null,
      "severity": "error",
      "timestamp": "2025-08-01T16:20:36.398500",
      "source": "build",
      "pattern_matched": "error TS\\d+:"
    },
    {
      "type": "typescript",
      "message": "src/__tests__/components.test.tsx(159,8): error TS2304: Cannot find name 'ErrorBoundary'.",
      "file": "src/__tests__/components.test.tsx(159,8)",
      "line": null,
      "severity": "error",
      "timestamp": "2025-08-01T16:20:36.398517",
      "source": "build",
      "pattern_matched": "error TS\\d+:"
    },
    {
      "type": "typescript",
      "message": "src/__tests__/components.test.tsx(161,9): error TS2304: Cannot find name 'ErrorBoundary'.",
      "file": "src/__tests__/components.test.tsx(161,9)",
      "line": null,
      "severity": "error",
      "timestamp": "2025-08-01T16:20:36.398535",
      "source": "build",
      "pattern_matched": "error TS\\d+:"
    },
    {
      "type": "typescript",
      "message": "src/components/common/AccessibilityHelper.tsx(8,3): error TS6133: 'Tooltip' is declared but its value is never read.",
      "file": "src/components/common/AccessibilityHelper.tsx(8,3)",
      "line": null,
      "severity": "error",
      "timestamp": "2025-08-01T16:20:36.398555",
      "source": "build",
      "pattern_matched": "error TS\\d+:"
    },
    {
      "type": "typescript",
      "message": "src/components/common/AccessibilityHelper.tsx(20,17): error TS6133: 'TextSizeIcon' is declared but its value is never read.",
      "file": "src/components/common/AccessibilityHelper.tsx(20,17)",
      "line": null,
      "severity": "error",
      "timestamp": "2025-08-01T16:20:36.398573",
      "source": "build",
      "pattern_matched": "error TS\\d+:"
    },
    {
      "type": "typescript",
      "message": "src/components/common/AccessibilityHelper.tsx(153,25): error TS2345: Argument of type 'Element | null' is not assignable to parameter of type 'SetStateAction<HTMLElement | null>'.",
      "file": "src/components/common/AccessibilityHelper.tsx(153,25)",
      "line": null,
      "severity": "error",
      "timestamp": "2025-08-01T16:20:36.398590",
      "source": "build",
      "pattern_matched": "error TS\\d+:"
    },
    {
      "type": "props",
      "message": "src/components/common/AccessibilityHelper.tsx(153,25): error TS2345: Argument of type 'Element | null' is not assignable to parameter of type 'SetStateAction<HTMLElement | null>'.",
      "file": "src/components/common/AccessibilityHelper.tsx(153,25)",
      "line": null,
      "severity": "error",
      "timestamp": "2025-08-01T16:20:36.398608",
      "source": "build",
      "pattern_matched": "Argument of type '[^']*' is not assignable to parameter of type '[^']*'"
    },
    {
      "type": "typescript",
      "message": "Type 'Element' is not assignable to type 'SetStateAction<HTMLElement | null>'.",
      "file": null,
      "line": null,
      "severity": "error",
      "timestamp": "2025-08-01T16:20:36.398621",
      "source": "build",
      "pattern_matched": "Type '[^']*' is not assignable to type '[^']*'"
    },
    {
      "type": "typescript",
      "message": "src/components/common/AdvancedAnalytics.tsx(15,3): error TS6133: 'IconButton' is declared but its value is never read.",
      "file": "src/components/common/AdvancedAnalytics.tsx(15,3)",
      "line": null,
      "severity": "error",
      "timestamp": "2025-08-01T16:20:36.398657",
      "source": "build",
      "pattern_matched": "error TS\\d+:"
    },
    {
      "type": "typescript",
      "message": "src/components/common/AdvancedAnalytics.tsx(16,3): error TS6133: 'Tooltip' is declared but its value is never read.",
      "file": "src/components/common/AdvancedAnalytics.tsx(16,3)",
      "line": null,
      "severity": "error",
      "timestamp": "2025-08-01T16:20:36.398675",
      "source": "build",
      "pattern_matched": "error TS\\d+:"
    },
    {
      "type": "typescript",
      "message": "src/components/common/AdvancedAnalytics.tsx(28,13): error TS6133: 'PersonIcon' is declared but its value is never read.",
      "file": "src/components/common/AdvancedAnalytics.tsx(28,13)",
      "line": null,
      "severity": "error",
      "timestamp": "2025-08-01T16:20:36.398692",
      "source": "build",
      "pattern_matched": "error TS\\d+:"
    },
    {
      "type": "typescript",
      "message": "src/components/common/AdvancedAnalytics.tsx(29,15): error TS6133: 'ScheduleIcon' is declared but its value is never read.",
      "file": "src/components/common/AdvancedAnalytics.tsx(29,15)",
      "line": null,
      "severity": "error",
      "timestamp": "2025-08-01T16:20:36.398710",
      "source": "build",
      "pattern_matched": "error TS\\d+:"
    },
    {
      "type": "typescript",
      "message": "src/components/common/AdvancedAnalytics.tsx(31,14): error TS6133: 'WarningIcon' is declared but its value is never read.",
      "file": "src/components/common/AdvancedAnalytics.tsx(31,14)",
      "line": null,
      "severity": "error",
      "timestamp": "2025-08-01T16:20:36.398727",
      "source": "build",
      "pattern_matched": "error TS\\d+:"
    },
    {
      "type": "typescript",
      "message": "src/components/common/AdvancedAnalytics.tsx(32,18): error TS6133: 'CheckCircleIcon' is declared but its value is never read.",
      "file": "src/components/common/AdvancedAnalytics.tsx(32,18)",
      "line": null,
      "severity": "error",
      "timestamp": "2025-08-01T16:20:36.398745",
      "source": "build",
      "pattern_matched": "error TS\\d+:"
    },
    {
      "type": "typescript",
      "message": "src/components/common/AdvancedAnalytics.tsx(33,15): error TS6133: 'MoreVertIcon' is declared but its value is never read.",
      "file": "src/components/common/AdvancedAnalytics.tsx(33,15)",
      "line": null,
      "severity": "error",
      "timestamp": "2025-08-01T16:20:36.398762",
      "source": "build",
      "pattern_matched": "error TS\\d+:"
    },
    {
      "type": "typescript",
      "message": "src/components/common/AdvancedAnalytics.tsx(45,3): error TS6133: 'BarChart' is declared but its value is never read.",
      "file": "src/components/common/AdvancedAnalytics.tsx(45,3)",
      "line": null,
      "severity": "error",
      "timestamp": "2025-08-01T16:20:36.398780",
      "source": "build",
      "pattern_matched": "error TS\\d+:"
    },
    {
      "type": "typescript",
      "message": "src/components/common/AdvancedAnalytics.tsx(46,3): error TS6133: 'Bar' is declared but its value is never read.",
      "file": "src/components/common/AdvancedAnalytics.tsx(46,3)",
      "line": null,
      "severity": "error",
      "timestamp": "2025-08-01T16:20:36.398797",
      "source": "build",
      "pattern_matched": "error TS\\d+:"
    },
    {
      "type": "typescript",
      "message": "src/components/common/AdvancedAnalytics.tsx(47,3): error TS6133: 'Cell' is declared but its value is never read.",
      "file": "src/components/common/AdvancedAnalytics.tsx(47,3)",
      "line": null,
      "severity": "error",
      "timestamp": "2025-08-01T16:20:36.398814",
      "source": "build",
      "pattern_matched": "error TS\\d+:"
    },
    {
      "type": "typescript",
      "message": "src/components/common/AdvancedAnalytics.tsx(48,3): error TS6133: 'PieChart' is declared but its value is never read.",
      "file": "src/components/common/AdvancedAnalytics.tsx(48,3)",
      "line": null,
      "severity": "error",
      "timestamp": "2025-08-01T16:20:36.398832",
      "source": "build",
      "pattern_matched": "error TS\\d+:"
    },
    {
      "type": "typescript",
      "message": "src/components/common/AdvancedAnalytics.tsx(49,3): error TS6133: 'Pie' is declared but its value is never read.",
      "file": "src/components/common/AdvancedAnalytics.tsx(49,3)",
      "line": null,
      "severity": "error",
      "timestamp": "2025-08-01T16:20:36.398849",
      "source": "build",
      "pattern_matched": "error TS\\d+:"
    },
    {
      "type": "typescript",
      "message": "src/components/common/AdvancedAnalytics.tsx(50,3): error TS6133: 'LineChart' is declared but its value is never read.",
      "file": "src/components/common/AdvancedAnalytics.tsx(50,3)",
      "line": null,
      "severity": "error",
      "timestamp": "2025-08-01T16:20:36.398866",
      "source": "build",
      "pattern_matched": "error TS\\d+:"
    },
    {
      "type": "typescript",
      "message": "src/components/common/AdvancedAnalytics.tsx(59,33): error TS6196: 'Ticket' is declared but never used.",
      "file": "src/components/common/AdvancedAnalytics.tsx(59,33)",
      "line": null,
      "severity": "error",
      "timestamp": "2025-08-01T16:20:36.398886",
      "source": "build",
      "pattern_matched": "error TS\\d+:"
    },
    {
      "type": "typescript",
      "message": "src/components/common/AdvancedAnalytics.tsx(68,3): error TS6133: 'metrics' is declared but its value is never read.",
      "file": "src/components/common/AdvancedAnalytics.tsx(68,3)",
      "line": null,
      "severity": "error",
      "timestamp": "2025-08-01T16:20:36.398903",
      "source": "build",
      "pattern_matched": "error TS\\d+:"
    },
    {
      "type": "typescript",
      "message": "src/components/common/AdvancedAnalytics.tsx(73,10): error TS6133: 'selectedMetric' is declared but its value is never read.",
      "file": "src/components/common/AdvancedAnalytics.tsx(73,10)",
      "line": null,
      "severity": "error",
      "timestamp": "2025-08-01T16:20:36.398922",
      "source": "build",
      "pattern_matched": "error TS\\d+:"
    },
    {
      "type": "typescript",
      "message": "src/components/common/AdvancedAnalytics.tsx(73,26): error TS6133: 'setSelectedMetric' is declared but its value is never read.",
      "file": "src/components/common/AdvancedAnalytics.tsx(73,26)",
      "line": null,
      "severity": "error",
      "timestamp": "2025-08-01T16:20:36.398940",
      "source": "build",
      "pattern_matched": "error TS\\d+:"
    },
    {
      "type": "typescript",
      "message": "src/components/common/AdvancedFilters.tsx(189,12): error TS2304: Cannot find name 'MuiDatePicker'.",
      "file": "src/components/common/AdvancedFilters.tsx(189,12)",
      "line": null,
      "severity": "error",
      "timestamp": "2025-08-01T16:20:36.398957",
      "source": "build",
      "pattern_matched": "error TS\\d+:"
    },
    {
      "type": "typescript",
      "message": "src/components/common/AdvancedFilters.tsx(192,24): error TS7006: Parameter 'date' implicitly has an 'any' type.",
      "file": "src/components/common/AdvancedFilters.tsx(192,24)",
      "line": null,
      "severity": "error",
      "timestamp": "2025-08-01T16:20:36.398975",
      "source": "build",
      "pattern_matched": "error TS\\d+:"
    },
    {
      "type": "typescript",
      "message": "src/components/common/AdvancedFilters.tsx(193,27): error TS7006: Parameter 'params' implicitly has an 'any' type.",
      "file": "src/components/common/AdvancedFilters.tsx(193,27)",
      "line": null,
      "severity": "error",
      "timestamp": "2025-08-01T16:20:36.398992",
      "source": "build",
      "pattern_matched": "error TS\\d+:"
    },
    {
      "type": "typescript",
      "message": "src/components/common/AdvancedFilters.tsx(198,12): error TS2304: Cannot find name 'MuiDatePicker'.",
      "file": "src/components/common/AdvancedFilters.tsx(198,12)",
      "line": null,
      "severity": "error",
      "timestamp": "2025-08-01T16:20:36.399009",
      "source": "build",
      "pattern_matched": "error TS\\d+:"
    },
    {
      "type": "typescript",
      "message": "src/components/common/AdvancedFilters.tsx(201,24): error TS7006: Parameter 'date' implicitly has an 'any' type.",
      "file": "src/components/common/AdvancedFilters.tsx(201,24)",
      "line": null,
      "severity": "error",
      "timestamp": "2025-08-01T16:20:36.399026",
      "source": "build",
      "pattern_matched": "error TS\\d+:"
    },
    {
      "type": "typescript",
      "message": "src/components/common/AdvancedFilters.tsx(202,27): error TS7006: Parameter 'params' implicitly has an 'any' type.",
      "file": "src/components/common/AdvancedFilters.tsx(202,27)",
      "line": null,
      "severity": "error",
      "timestamp": "2025-08-01T16:20:36.399043",
      "source": "build",
      "pattern_matched": "error TS\\d+:"
    },
    {
      "type": "typescript",
      "message": "src/components/common/ErrorBoundary.tsx(99,14): error TS2580: Cannot find name 'process'. Do you need to install type definitions for node? Try `npm i --save-dev @types/node`.",
      "file": "src/components/common/ErrorBoundary.tsx(99,14)",
      "line": null,
      "severity": "error",
      "timestamp": "2025-08-01T16:20:36.399061",
      "source": "build",
      "pattern_matched": "error TS\\d+:"
    },
    {
      "type": "typescript",
      "message": "src/components/common/NotificationSystem.tsx(3,3): error TS6133: 'Snackbar' is declared but its value is never read.",
      "file": "src/components/common/NotificationSystem.tsx(3,3)",
      "line": null,
      "severity": "error",
      "timestamp": "2025-08-01T16:20:36.399079",
      "source": "build",
      "pattern_matched": "error TS\\d+:"
    },
    {
      "type": "typescript",
      "message": "src/components/layout/Header.tsx(18,20): error TS6133: 'AccountCircleIcon' is declared but its value is never read.",
      "file": "src/components/layout/Header.tsx(18,20)",
      "line": null,
      "severity": "error",
      "timestamp": "2025-08-01T16:20:36.399096",
      "source": "build",
      "pattern_matched": "error TS\\d+:"
    },
    {
      "type": "typescript",
      "message": "src/components/layout/Layout.tsx(7,3): error TS6133: 'Typography' is declared but its value is never read.",
      "file": "src/components/layout/Layout.tsx(7,3)",
      "line": null,
      "severity": "error",
      "timestamp": "2025-08-01T16:20:36.399114",
      "source": "build",
      "pattern_matched": "error TS\\d+:"
    },
    {
      "type": "typescript",
      "message": "src/components/layout/Layout.tsx(8,3): error TS6133: 'IconButton' is declared but its value is never read.",
      "file": "src/components/layout/Layout.tsx(8,3)",
      "line": null,
      "severity": "error",
      "timestamp": "2025-08-01T16:20:36.399133",
      "source": "build",
      "pattern_matched": "error TS\\d+:"
    },
    {
      "type": "typescript",
      "message": "src/components/layout/Layout.tsx(12,1): error TS6133: 'MenuIcon' is declared but its value is never read.",
      "file": "src/components/layout/Layout.tsx(12,1)",
      "line": null,
      "severity": "error",
      "timestamp": "2025-08-01T16:20:36.399150",
      "source": "build",
      "pattern_matched": "error TS\\d+:"
    },
    {
      "type": "typescript",
      "message": "src/pages/Dashboard.tsx(36,105): error TS6133: 'LineChart' is declared but its value is never read.",
      "file": "src/pages/Dashboard.tsx(36,105)",
      "line": null,
      "severity": "error",
      "timestamp": "2025-08-01T16:20:36.399167",
      "source": "build",
      "pattern_matched": "error TS\\d+:"
    },
    {
      "type": "typescript",
      "message": "src/pages/Dashboard.tsx(36,116): error TS6133: 'Line' is declared but its value is never read.",
      "file": "src/pages/Dashboard.tsx(36,116)",
      "line": null,
      "severity": "error",
      "timestamp": "2025-08-01T16:20:36.399184",
      "source": "build",
      "pattern_matched": "error TS\\d+:"
    },
    {
      "type": "typescript",
      "message": "src/pages/Dashboard.tsx(39,33): error TS6196: 'Ticket' is declared but never used.",
      "file": "src/pages/Dashboard.tsx(39,33)",
      "line": null,
      "severity": "error",
      "timestamp": "2025-08-01T16:20:36.399203",
      "source": "build",
      "pattern_matched": "error TS\\d+:"
    },
    {
      "type": "typescript",
      "message": "src/pages/Dashboard.tsx(416,40): error TS2769: No overload matches this call.",
      "file": "src/pages/Dashboard.tsx(416,40)",
      "line": null,
      "severity": "error",
      "timestamp": "2025-08-01T16:20:36.399220",
      "source": "build",
      "pattern_matched": "error TS\\d+:"
    },
    {
      "type": "typescript",
      "message": "Type '(entry: any) => any' is not assignable to type 'string'.",
      "file": null,
      "line": null,
      "severity": "error",
      "timestamp": "2025-08-01T16:20:36.399257",
      "source": "build",
      "pattern_matched": "Type '[^']*' is not assignable to type '[^']*'"
    },
    {
      "type": "typescript",
      "message": "Type '(entry: any) => any' is not assignable to type 'string'.",
      "file": null,
      "line": null,
      "severity": "error",
      "timestamp": "2025-08-01T16:20:36.399296",
      "source": "build",
      "pattern_matched": "Type '[^']*' is not assignable to type '[^']*'"
    },
    {
      "type": "typescript",
      "message": "src/pages/Dashboard.tsx(416,47): error TS7006: Parameter 'entry' implicitly has an 'any' type.",
      "file": "src/pages/Dashboard.tsx(416,47)",
      "line": null,
      "severity": "error",
      "timestamp": "2025-08-01T16:20:36.399313",
      "source": "build",
      "pattern_matched": "error TS\\d+:"
    },
    {
      "type": "typescript",
      "message": "src/pages/tickets/CreateTicket.tsx(20,3): error TS6133: 'IconButton' is declared but its value is never read.",
      "file": "src/pages/tickets/CreateTicket.tsx(20,3)",
      "line": null,
      "severity": "error",
      "timestamp": "2025-08-01T16:20:36.399331",
      "source": "build",
      "pattern_matched": "error TS\\d+:"
    },
    {
      "type": "typescript",
      "message": "src/pages/tickets/CreateTicket.tsx(27,13): error TS6133: 'CancelIcon' is declared but its value is never read.",
      "file": "src/pages/tickets/CreateTicket.tsx(27,13)",
      "line": null,
      "severity": "error",
      "timestamp": "2025-08-01T16:20:36.399348",
      "source": "build",
      "pattern_matched": "error TS\\d+:"
    },
    {
      "type": "typescript",
      "message": "src/pages/tickets/TicketDetail.tsx(2,21): error TS6133: 'useNavigate' is declared but its value is never read.",
      "file": "src/pages/tickets/TicketDetail.tsx(2,21)",
      "line": null,
      "severity": "error",
      "timestamp": "2025-08-01T16:20:36.399366",
      "source": "build",
      "pattern_matched": "error TS\\d+:"
    },
    {
      "type": "typescript",
      "message": "src/pages/tickets/TicketDetail.tsx(24,3): error TS6133: 'FormControl' is declared but its value is never read.",
      "file": "src/pages/tickets/TicketDetail.tsx(24,3)",
      "line": null,
      "severity": "error",
      "timestamp": "2025-08-01T16:20:36.399383",
      "source": "build",
      "pattern_matched": "error TS\\d+:"
    },
    {
      "type": "typescript",
      "message": "src/pages/tickets/TicketDetail.tsx(25,3): error TS6133: 'InputLabel' is declared but its value is never read.",
      "file": "src/pages/tickets/TicketDetail.tsx(25,3)",
      "line": null,
      "severity": "error",
      "timestamp": "2025-08-01T16:20:36.399400",
      "source": "build",
      "pattern_matched": "error TS\\d+:"
    },
    {
      "type": "typescript",
      "message": "src/pages/tickets/TicketDetail.tsx(26,3): error TS6133: 'Select' is declared but its value is never read.",
      "file": "src/pages/tickets/TicketDetail.tsx(26,3)",
      "line": null,
      "severity": "error",
      "timestamp": "2025-08-01T16:20:36.399417",
      "source": "build",
      "pattern_matched": "error TS\\d+:"
    },
    {
      "type": "typescript",
      "message": "src/pages/tickets/TicketDetail.tsx(42,16): error TS6133: 'PlayIcon' is declared but its value is never read.",
      "file": "src/pages/tickets/TicketDetail.tsx(42,16)",
      "line": null,
      "severity": "error",
      "timestamp": "2025-08-01T16:20:36.399435",
      "source": "build",
      "pattern_matched": "error TS\\d+:"
    },
    {
      "type": "typescript",
      "message": "src/pages/tickets/TicketList.tsx(22,3): error TS6133: 'Stack' is declared but its value is never read.",
      "file": "src/pages/tickets/TicketList.tsx(22,3)",
      "line": null,
      "severity": "error",
      "timestamp": "2025-08-01T16:20:36.399452",
      "source": "build",
      "pattern_matched": "error TS\\d+:"
    },
    {
      "type": "typescript",
      "message": "src/pages/tickets/TicketList.tsx(36,17): error TS6133: 'AssignmentIcon' is declared but its value is never read.",
      "file": "src/pages/tickets/TicketList.tsx(36,17)",
      "line": null,
      "severity": "error",
      "timestamp": "2025-08-01T16:20:36.399477",
      "source": "build",
      "pattern_matched": "error TS\\d+:"
    },
    {
      "type": "typescript",
      "message": "src/pages/tickets/TicketList.tsx(49,10): error TS6133: 'filterAnchor' is declared but its value is never read.",
      "file": "src/pages/tickets/TicketList.tsx(49,10)",
      "line": null,
      "severity": "error",
      "timestamp": "2025-08-01T16:20:36.399495",
      "source": "build",
      "pattern_matched": "error TS\\d+:"
    },
    {
      "type": "typescript",
      "message": "src/pages/tickets/TicketList.tsx(49,24): error TS6133: 'setFilterAnchor' is declared but its value is never read.",
      "file": "src/pages/tickets/TicketList.tsx(49,24)",
      "line": null,
      "severity": "error",
      "timestamp": "2025-08-01T16:20:36.399512",
      "source": "build",
      "pattern_matched": "error TS\\d+:"
    },
    {
      "type": "typescript",
      "message": "src/pages/tickets/TicketList.tsx(280,20): error TS6133: 'params' is declared but its value is never read.",
      "file": "src/pages/tickets/TicketList.tsx(280,20)",
      "line": null,
      "severity": "error",
      "timestamp": "2025-08-01T16:20:36.399529",
      "source": "build",
      "pattern_matched": "error TS\\d+:"
    },
    {
      "type": "typescript",
      "message": "src/pages/users/CreateUser.tsx(23,3): error TS6133: 'Switch' is declared but its value is never read.",
      "file": "src/pages/users/CreateUser.tsx(23,3)",
      "line": null,
      "severity": "error",
      "timestamp": "2025-08-01T16:20:36.399547",
      "source": "build",
      "pattern_matched": "error TS\\d+:"
    },
    {
      "type": "typescript",
      "message": "src/pages/users/CreateUser.tsx(30,13): error TS6133: 'CancelIcon' is declared but its value is never read.",
      "file": "src/pages/users/CreateUser.tsx(30,13)",
      "line": null,
      "severity": "error",
      "timestamp": "2025-08-01T16:20:36.399564",
      "source": "build",
      "pattern_matched": "error TS\\d+:"
    },
    {
      "type": "typescript",
      "message": "src/pages/users/UserDetail.tsx(49,14): error TS6133: 'HistoryIcon' is declared but its value is never read.",
      "file": "src/pages/users/UserDetail.tsx(49,14)",
      "line": null,
      "severity": "error",
      "timestamp": "2025-08-01T16:20:36.399581",
      "source": "build",
      "pattern_matched": "error TS\\d+:"
    },
    {
      "type": "typescript",
      "message": "src/pages/users/UserDetail.tsx(50,17): error TS6133: 'TicketIcon' is declared but its value is never read.",
      "file": "src/pages/users/UserDetail.tsx(50,17)",
      "line": null,
      "severity": "error",
      "timestamp": "2025-08-01T16:20:36.399599",
      "source": "build",
      "pattern_matched": "error TS\\d+:"
    },
    {
      "type": "typescript",
      "message": "src/pages/users/UserList.tsx(41,15): error TS6133: 'RoleIcon' is declared but its value is never read.",
      "file": "src/pages/users/UserList.tsx(41,15)",
      "line": null,
      "severity": "error",
      "timestamp": "2025-08-01T16:20:36.399616",
      "source": "build",
      "pattern_matched": "error TS\\d+:"
    }
  ],
  "lastCheck": "2025-08-01T16:20:36.399657",
  "frontend": {
    "typescript": [
      {
        "type": "typescript",
        "message": "src/__tests__/components.test.tsx(105,3): error TS2304: Cannot find name 'beforeAll'.",
        "file": "src/__tests__/components.test.tsx(105,3)",
        "line": null,
        "severity": "error",
        "timestamp": "2025-08-01T16:20:28.683028",
        "pattern_matched": "error TS\\d+:"
      },
      {
        "type": "typescript",
        "message": "src/__tests__/components.test.tsx(109,3): error TS2304: Cannot find name 'afterAll'.",
        "file": "src/__tests__/components.test.tsx(109,3)",
        "line": null,
        "severity": "error",
        "timestamp": "2025-08-01T16:20:28.683054",
        "pattern_matched": "error TS\\d+:"
      },
      {
        "type": "typescript",
        "message": "src/__tests__/components.test.tsx(117,8): error TS2304: Cannot find name 'ErrorBoundary'.",
        "file": "src/__tests__/components.test.tsx(117,8)",
        "line": null,
        "severity": "error",
        "timestamp": "2025-08-01T16:20:28.683060",
        "pattern_matched": "error TS\\d+:"
      },
      {
        "type": "typescript",
        "message": "src/__tests__/components.test.tsx(119,9): error TS2304: Cannot find name 'ErrorBoundary'.",
        "file": "src/__tests__/components.test.tsx(119,9)",
        "line": null,
        "severity": "error",
        "timestamp": "2025-08-01T16:20:28.683065",
        "pattern_matched": "error TS\\d+:"
      },
      {
        "type": "typescript",
        "message": "src/__tests__/components.test.tsx(134,8): error TS2304: Cannot find name 'ErrorBoundary'.",
        "file": "src/__tests__/components.test.tsx(134,8)",
        "line": null,
        "severity": "error",
        "timestamp": "2025-08-01T16:20:28.683069",
        "pattern_matched": "error TS\\d+:"
      },
      {
        "type": "typescript",
        "message": "src/__tests__/components.test.tsx(136,9): error TS2304: Cannot find name 'ErrorBoundary'.",
        "file": "src/__tests__/components.test.tsx(136,9)",
        "line": null,
        "severity": "error",
        "timestamp": "2025-08-01T16:20:28.683074",
        "pattern_matched": "error TS\\d+:"
      },
      {
        "type": "typescript",
        "message": "src/__tests__/components.test.tsx(145,10): error TS2304: Cannot find name 'ErrorBoundary'.",
        "file": "src/__tests__/components.test.tsx(145,10)",
        "line": null,
        "severity": "error",
        "timestamp": "2025-08-01T16:20:28.683078",
        "pattern_matched": "error TS\\d+:"
      },
      {
        "type": "typescript",
        "message": "src/__tests__/components.test.tsx(147,11): error TS2304: Cannot find name 'ErrorBoundary'.",
        "file": "src/__tests__/components.test.tsx(147,11)",
        "line": null,
        "severity": "error",
        "timestamp": "2025-08-01T16:20:28.683082",
        "pattern_matched": "error TS\\d+:"
      },
      {
        "type": "typescript",
        "message": "src/__tests__/components.test.tsx(159,8): error TS2304: Cannot find name 'ErrorBoundary'.",
        "file": "src/__tests__/components.test.tsx(159,8)",
        "line": null,
        "severity": "error",
        "timestamp": "2025-08-01T16:20:28.683087",
        "pattern_matched": "error TS\\d+:"
      },
      {
        "type": "typescript",
        "message": "src/__tests__/components.test.tsx(161,9): error TS2304: Cannot find name 'ErrorBoundary'.",
        "file": "src/__tests__/components.test.tsx(161,9)",
        "line": null,
        "severity": "error",
        "timestamp": "2025-08-01T16:20:28.683091",
        "pattern_matched": "error TS\\d+:"
      },
      {
        "type": "typescript",
        "message": "src/components/common/AccessibilityHelper.tsx(8,3): error TS6133: 'Tooltip' is declared but its value is never read.",
        "file": "src/components/common/AccessibilityHelper.tsx(8,3)",
        "line": null,
        "severity": "error",
        "timestamp": "2025-08-01T16:20:28.683095",
        "pattern_matched": "error TS\\d+:"
      },
      {
        "type": "typescript",
        "message": "src/components/common/AccessibilityHelper.tsx(20,17): error TS6133: 'TextSizeIcon' is declared but its value is never read.",
        "file": "src/components/common/AccessibilityHelper.tsx(20,17)",
        "line": null,
        "severity": "error",
        "timestamp": "2025-08-01T16:20:28.683100",
        "pattern_matched": "error TS\\d+:"
      },
      {
        "type": "typescript",
        "message": "src/components/common/AccessibilityHelper.tsx(153,25): error TS2345: Argument of type 'Element | null' is not assignable to parameter of type 'SetStateAction<HTMLElement | null>'.",
        "file": "src/components/common/AccessibilityHelper.tsx(153,25)",
        "line": null,
        "severity": "error",
        "timestamp": "2025-08-01T16:20:28.683104",
        "pattern_matched": "error TS\\d+:"
      },
      {
        "type": "typescript",
        "message": "Type 'Element' is not assignable to type 'SetStateAction<HTMLElement | null>'.",
        "file": null,
        "line": null,
        "severity": "error",
        "timestamp": "2025-08-01T16:20:28.683283",
        "pattern_matched": "Type '[^']*' is not assignable to type '[^']*'"
      },
      {
        "type": "typescript",
        "message": "src/components/common/AdvancedAnalytics.tsx(15,3): error TS6133: 'IconButton' is declared but its value is never read.",
        "file": "src/components/common/AdvancedAnalytics.tsx(15,3)",
        "line": null,
        "severity": "error",
        "timestamp": "2025-08-01T16:20:28.683636",
        "pattern_matched": "error TS\\d+:"
      },
      {
        "type": "typescript",
        "message": "src/components/common/AdvancedAnalytics.tsx(16,3): error TS6133: 'Tooltip' is declared but its value is never read.",
        "file": "src/components/common/AdvancedAnalytics.tsx(16,3)",
        "line": null,
        "severity": "error",
        "timestamp": "2025-08-01T16:20:28.683644",
        "pattern_matched": "error TS\\d+:"
      },
      {
        "type": "typescript",
        "message": "src/components/common/AdvancedAnalytics.tsx(28,13): error TS6133: 'PersonIcon' is declared but its value is never read.",
        "file": "src/components/common/AdvancedAnalytics.tsx(28,13)",
        "line": null,
        "severity": "error",
        "timestamp": "2025-08-01T16:20:28.683649",
        "pattern_matched": "error TS\\d+:"
      },
      {
        "type": "typescript",
        "message": "src/components/common/AdvancedAnalytics.tsx(29,15): error TS6133: 'ScheduleIcon' is declared but its value is never read.",
        "file": "src/components/common/AdvancedAnalytics.tsx(29,15)",
        "line": null,
        "severity": "error",
        "timestamp": "2025-08-01T16:20:28.683653",
        "pattern_matched": "error TS\\d+:"
      },
      {
        "type": "typescript",
        "message": "src/components/common/AdvancedAnalytics.tsx(31,14): error TS6133: 'WarningIcon' is declared but its value is never read.",
        "file": "src/components/common/AdvancedAnalytics.tsx(31,14)",
        "line": null,
        "severity": "error",
        "timestamp": "2025-08-01T16:20:28.683658",
        "pattern_matched": "error TS\\d+:"
      },
      {
        "type": "typescript",
        "message": "src/components/common/AdvancedAnalytics.tsx(32,18): error TS6133: 'CheckCircleIcon' is declared but its value is never read.",
        "file": "src/components/common/AdvancedAnalytics.tsx(32,18)",
        "line": null,
        "severity": "error",
        "timestamp": "2025-08-01T16:20:28.683665",
        "pattern_matched": "error TS\\d+:"
      },
      {
        "type": "typescript",
        "message": "src/components/common/AdvancedAnalytics.tsx(33,15): error TS6133: 'MoreVertIcon' is declared but its value is never read.",
        "file": "src/components/common/AdvancedAnalytics.tsx(33,15)",
        "line": null,
        "severity": "error",
        "timestamp": "2025-08-01T16:20:28.683670",
        "pattern_matched": "error TS\\d+:"
      },
      {
        "type": "typescript",
        "message": "src/components/common/AdvancedAnalytics.tsx(45,3): error TS6133: 'BarChart' is declared but its value is never read.",
        "file": "src/components/common/AdvancedAnalytics.tsx(45,3)",
        "line": null,
        "severity": "error",
        "timestamp": "2025-08-01T16:20:28.683674",
        "pattern_matched": "error TS\\d+:"
      },
      {
        "type": "typescript",
        "message": "src/components/common/AdvancedAnalytics.tsx(46,3): error TS6133: 'Bar' is declared but its value is never read.",
        "file": "src/components/common/AdvancedAnalytics.tsx(46,3)",
        "line": null,
        "severity": "error",
        "timestamp": "2025-08-01T16:20:28.683678",
        "pattern_matched": "error TS\\d+:"
      },
      {
        "type": "typescript",
        "message": "src/components/common/AdvancedAnalytics.tsx(47,3): error TS6133: 'Cell' is declared but its value is never read.",
        "file": "src/components/common/AdvancedAnalytics.tsx(47,3)",
        "line": null,
        "severity": "error",
        "timestamp": "2025-08-01T16:20:28.683682",
        "pattern_matched": "error TS\\d+:"
      },
      {
        "type": "typescript",
        "message": "src/components/common/AdvancedAnalytics.tsx(48,3): error TS6133: 'PieChart' is declared but its value is never read.",
        "file": "src/components/common/AdvancedAnalytics.tsx(48,3)",
        "line": null,
        "severity": "error",
        "timestamp": "2025-08-01T16:20:28.683687",
        "pattern_matched": "error TS\\d+:"
      },
      {
        "type": "typescript",
        "message": "src/components/common/AdvancedAnalytics.tsx(49,3): error TS6133: 'Pie' is declared but its value is never read.",
        "file": "src/components/common/AdvancedAnalytics.tsx(49,3)",
        "line": null,
        "severity": "error",
        "timestamp": "2025-08-01T16:20:28.683691",
        "pattern_matched": "error TS\\d+:"
      },
      {
        "type": "typescript",
        "message": "src/components/common/AdvancedAnalytics.tsx(50,3): error TS6133: 'LineChart' is declared but its value is never read.",
        "file": "src/components/common/AdvancedAnalytics.tsx(50,3)",
        "line": null,
        "severity": "error",
        "timestamp": "2025-08-01T16:20:28.683695",
        "pattern_matched": "error TS\\d+:"
      },
      {
        "type": "typescript",
        "message": "src/components/common/AdvancedAnalytics.tsx(59,33): error TS6196: 'Ticket' is declared but never used.",
        "file": "src/components/common/AdvancedAnalytics.tsx(59,33)",
        "line": null,
        "severity": "error",
        "timestamp": "2025-08-01T16:20:28.683700",
        "pattern_matched": "error TS\\d+:"
      },
      {
        "type": "typescript",
        "message": "src/components/common/AdvancedAnalytics.tsx(68,3): error TS6133: 'metrics' is declared but its value is never read.",
        "file": "src/components/common/AdvancedAnalytics.tsx(68,3)",
        "line": null,
        "severity": "error",
        "timestamp": "2025-08-01T16:20:28.683704",
        "pattern_matched": "error TS\\d+:"
      },
      {
        "type": "typescript",
        "message": "src/components/common/AdvancedAnalytics.tsx(73,10): error TS6133: 'selectedMetric' is declared but its value is never read.",
        "file": "src/components/common/AdvancedAnalytics.tsx(73,10)",
        "line": null,
        "severity": "error",
        "timestamp": "2025-08-01T16:20:28.683710",
        "pattern_matched": "error TS\\d+:"
      },
      {
        "type": "typescript",
        "message": "src/components/common/AdvancedAnalytics.tsx(73,26): error TS6133: 'setSelectedMetric' is declared but its value is never read.",
        "file": "src/components/common/AdvancedAnalytics.tsx(73,26)",
        "line": null,
        "severity": "error",
        "timestamp": "2025-08-01T16:20:28.683714",
        "pattern_matched": "error TS\\d+:"
      },
      {
        "type": "typescript",
        "message": "src/components/common/AdvancedFilters.tsx(189,12): error TS2304: Cannot find name 'MuiDatePicker'.",
        "file": "src/components/common/AdvancedFilters.tsx(189,12)",
        "line": null,
        "severity": "error",
        "timestamp": "2025-08-01T16:20:28.683718",
        "pattern_matched": "error TS\\d+:"
      },
      {
        "type": "typescript",
        "message": "src/components/common/AdvancedFilters.tsx(192,24): error TS7006: Parameter 'date' implicitly has an 'any' type.",
        "file": "src/components/common/AdvancedFilters.tsx(192,24)",
        "line": null,
        "severity": "error",
        "timestamp": "2025-08-01T16:20:28.683724",
        "pattern_matched": "error TS\\d+:"
      },
      {
        "type": "typescript",
        "message": "src/components/common/AdvancedFilters.tsx(193,27): error TS7006: Parameter 'params' implicitly has an 'any' type.",
        "file": "src/components/common/AdvancedFilters.tsx(193,27)",
        "line": null,
        "severity": "error",
        "timestamp": "2025-08-01T16:20:28.683728",
        "pattern_matched": "error TS\\d+:"
      },
      {
        "type": "typescript",
        "message": "src/components/common/AdvancedFilters.tsx(198,12): error TS2304: Cannot find name 'MuiDatePicker'.",
        "file": "src/components/common/AdvancedFilters.tsx(198,12)",
        "line": null,
        "severity": "error",
        "timestamp": "2025-08-01T16:20:28.683733",
        "pattern_matched": "error TS\\d+:"
      },
      {
        "type": "typescript",
        "message": "src/components/common/AdvancedFilters.tsx(201,24): error TS7006: Parameter 'date' implicitly has an 'any' type.",
        "file": "src/components/common/AdvancedFilters.tsx(201,24)",
        "line": null,
        "severity": "error",
        "timestamp": "2025-08-01T16:20:28.683737",
        "pattern_matched": "error TS\\d+:"
      },
      {
        "type": "typescript",
        "message": "src/components/common/AdvancedFilters.tsx(202,27): error TS7006: Parameter 'params' implicitly has an 'any' type.",
        "file": "src/components/common/AdvancedFilters.tsx(202,27)",
        "line": null,
        "severity": "error",
        "timestamp": "2025-08-01T16:20:28.683741",
        "pattern_matched": "error TS\\d+:"
      },
      {
        "type": "typescript",
        "message": "src/components/common/ErrorBoundary.tsx(99,14): error TS2580: Cannot find name 'process'. Do you need to install type definitions for node? Try `npm i --save-dev @types/node`.",
        "file": "src/components/common/ErrorBoundary.tsx(99,14)",
        "line": null,
        "severity": "error",
        "timestamp": "2025-08-01T16:20:28.683745",
        "pattern_matched": "error TS\\d+:"
      },
      {
        "type": "typescript",
        "message": "src/components/common/NotificationSystem.tsx(3,3): error TS6133: 'Snackbar' is declared but its value is never read.",
        "file": "src/components/common/NotificationSystem.tsx(3,3)",
        "line": null,
        "severity": "error",
        "timestamp": "2025-08-01T16:20:28.683751",
        "pattern_matched": "error TS\\d+:"
      },
      {
        "type": "typescript",
        "message": "src/components/layout/Header.tsx(18,20): error TS6133: 'AccountCircleIcon' is declared but its value is never read.",
        "file": "src/components/layout/Header.tsx(18,20)",
        "line": null,
        "severity": "error",
        "timestamp": "2025-08-01T16:20:28.683755",
        "pattern_matched": "error TS\\d+:"
      },
      {
        "type": "typescript",
        "message": "src/components/layout/Layout.tsx(7,3): error TS6133: 'Typography' is declared but its value is never read.",
        "file": "src/components/layout/Layout.tsx(7,3)",
        "line": null,
        "severity": "error",
        "timestamp": "2025-08-01T16:20:28.683759",
        "pattern_matched": "error TS\\d+:"
      },
      {
        "type": "typescript",
        "message": "src/components/layout/Layout.tsx(8,3): error TS6133: 'IconButton' is declared but its value is never read.",
        "file": "src/components/layout/Layout.tsx(8,3)",
        "line": null,
        "severity": "error",
        "timestamp": "2025-08-01T16:20:28.683763",
        "pattern_matched": "error TS\\d+:"
      },
      {
        "type": "typescript",
        "message": "src/components/layout/Layout.tsx(12,1): error TS6133: 'MenuIcon' is declared but its value is never read.",
        "file": "src/components/layout/Layout.tsx(12,1)",
        "line": null,
        "severity": "error",
        "timestamp": "2025-08-01T16:20:28.683767",
        "pattern_matched": "error TS\\d+:"
      },
      {
        "type": "typescript",
        "message": "src/pages/Dashboard.tsx(36,105): error TS6133: 'LineChart' is declared but its value is never read.",
        "file": "src/pages/Dashboard.tsx(36,105)",
        "line": null,
        "severity": "error",
        "timestamp": "2025-08-01T16:20:28.683772",
        "pattern_matched": "error TS\\d+:"
      },
      {
        "type": "typescript",
        "message": "src/pages/Dashboard.tsx(36,116): error TS6133: 'Line' is declared but its value is never read.",
        "file": "src/pages/Dashboard.tsx(36,116)",
        "line": null,
        "severity": "error",
        "timestamp": "2025-08-01T16:20:28.683776",
        "pattern_matched": "error TS\\d+:"
      },
      {
        "type": "typescript",
        "message": "src/pages/Dashboard.tsx(39,33): error TS6196: 'Ticket' is declared but never used.",
        "file": "src/pages/Dashboard.tsx(39,33)",
        "line": null,
        "severity": "error",
        "timestamp": "2025-08-01T16:20:28.683780",
        "pattern_matched": "error TS\\d+:"
      },
      {
        "type": "typescript",
        "message": "src/pages/Dashboard.tsx(416,40): error TS2769: No overload matches this call.",
        "file": "src/pages/Dashboard.tsx(416,40)",
        "line": null,
        "severity": "error",
        "timestamp": "2025-08-01T16:20:28.683784",
        "pattern_matched": "error TS\\d+:"
      },
      {
        "type": "typescript",
        "message": "Type '(entry: any) => any' is not assignable to type 'string'.",
        "file": null,
        "line": null,
        "severity": "error",
        "timestamp": "2025-08-01T16:20:28.683798",
        "pattern_matched": "Type '[^']*' is not assignable to type '[^']*'"
      },
      {
        "type": "typescript",
        "message": "Type '(entry: any) => any' is not assignable to type 'string'.",
        "file": null,
        "line": null,
        "severity": "error",
        "timestamp": "2025-08-01T16:20:28.683810",
        "pattern_matched": "Type '[^']*' is not assignable to type '[^']*'"
      },
      {
        "type": "typescript",
        "message": "src/pages/Dashboard.tsx(416,47): error TS7006: Parameter 'entry' implicitly has an 'any' type.",
        "file": "src/pages/Dashboard.tsx(416,47)",
        "line": null,
        "severity": "error",
        "timestamp": "2025-08-01T16:20:28.683814",
        "pattern_matched": "error TS\\d+:"
      },
      {
        "type": "typescript",
        "message": "src/pages/tickets/CreateTicket.tsx(20,3): error TS6133: 'IconButton' is declared but its value is never read.",
        "file": "src/pages/tickets/CreateTicket.tsx(20,3)",
        "line": null,
        "severity": "error",
        "timestamp": "2025-08-01T16:20:28.683818",
        "pattern_matched": "error TS\\d+:"
      },
      {
        "type": "typescript",
        "message": "src/pages/tickets/CreateTicket.tsx(27,13): error TS6133: 'CancelIcon' is declared but its value is never read.",
        "file": "src/pages/tickets/CreateTicket.tsx(27,13)",
        "line": null,
        "severity": "error",
        "timestamp": "2025-08-01T16:20:28.683822",
        "pattern_matched": "error TS\\d+:"
      },
      {
        "type": "typescript",
        "message": "src/pages/tickets/TicketDetail.tsx(2,21): error TS6133: 'useNavigate' is declared but its value is never read.",
        "file": "src/pages/tickets/TicketDetail.tsx(2,21)",
        "line": null,
        "severity": "error",
        "timestamp": "2025-08-01T16:20:28.683827",
        "pattern_matched": "error TS\\d+:"
      },
      {
        "type": "typescript",
        "message": "src/pages/tickets/TicketDetail.tsx(24,3): error TS6133: 'FormControl' is declared but its value is never read.",
        "file": "src/pages/tickets/TicketDetail.tsx(24,3)",
        "line": null,
        "severity": "error",
        "timestamp": "2025-08-01T16:20:28.683831",
        "pattern_matched": "error TS\\d+:"
      },
      {
        "type": "typescript",
        "message": "src/pages/tickets/TicketDetail.tsx(25,3): error TS6133: 'InputLabel' is declared but its value is never read.",
        "file": "src/pages/tickets/TicketDetail.tsx(25,3)",
        "line": null,
        "severity": "error",
        "timestamp": "2025-08-01T16:20:28.683835",
        "pattern_matched": "error TS\\d+:"
      },
      {
        "type": "typescript",
        "message": "src/pages/tickets/TicketDetail.tsx(26,3): error TS6133: 'Select' is declared but its value is never read.",
        "file": "src/pages/tickets/TicketDetail.tsx(26,3)",
        "line": null,
        "severity": "error",
        "timestamp": "2025-08-01T16:20:28.683839",
        "pattern_matched": "error TS\\d+:"
      },
      {
        "type": "typescript",
        "message": "src/pages/tickets/TicketDetail.tsx(42,16): error TS6133: 'PlayIcon' is declared but its value is never read.",
        "file": "src/pages/tickets/TicketDetail.tsx(42,16)",
        "line": null,
        "severity": "error",
        "timestamp": "2025-08-01T16:20:28.683843",
        "pattern_matched": "error TS\\d+:"
      },
      {
        "type": "typescript",
        "message": "src/pages/tickets/TicketList.tsx(22,3): error TS6133: 'Stack' is declared but its value is never read.",
        "file": "src/pages/tickets/TicketList.tsx(22,3)",
        "line": null,
        "severity": "error",
        "timestamp": "2025-08-01T16:20:28.683848",
        "pattern_matched": "error TS\\d+:"
      },
      {
        "type": "typescript",
        "message": "src/pages/tickets/TicketList.tsx(36,17): error TS6133: 'AssignmentIcon' is declared but its value is never read.",
        "file": "src/pages/tickets/TicketList.tsx(36,17)",
        "line": null,
        "severity": "error",
        "timestamp": "2025-08-01T16:20:28.683855",
        "pattern_matched": "error TS\\d+:"
      },
      {
        "type": "typescript",
        "message": "src/pages/tickets/TicketList.tsx(49,10): error TS6133: 'filterAnchor' is declared but its value is never read.",
        "file": "src/pages/tickets/TicketList.tsx(49,10)",
        "line": null,
        "severity": "error",
        "timestamp": "2025-08-01T16:20:28.683859",
        "pattern_matched": "error TS\\d+:"
      },
      {
        "type": "typescript",
        "message": "src/pages/tickets/TicketList.tsx(49,24): error TS6133: 'setFilterAnchor' is declared but its value is never read.",
        "file": "src/pages/tickets/TicketList.tsx(49,24)",
        "line": null,
        "severity": "error",
        "timestamp": "2025-08-01T16:20:28.683863",
        "pattern_matched": "error TS\\d+:"
      },
      {
        "type": "typescript",
        "message": "src/pages/tickets/TicketList.tsx(280,20): error TS6133: 'params' is declared but its value is never read.",
        "file": "src/pages/tickets/TicketList.tsx(280,20)",
        "line": null,
        "severity": "error",
        "timestamp": "2025-08-01T16:20:28.683867",
        "pattern_matched": "error TS\\d+:"
      },
      {
        "type": "typescript",
        "message": "src/pages/users/CreateUser.tsx(23,3): error TS6133: 'Switch' is declared but its value is never read.",
        "file": "src/pages/users/CreateUser.tsx(23,3)",
        "line": null,
        "severity": "error",
        "timestamp": "2025-08-01T16:20:28.683872",
        "pattern_matched": "error TS\\d+:"
      },
      {
        "type": "typescript",
        "message": "src/pages/users/CreateUser.tsx(30,13): error TS6133: 'CancelIcon' is declared but its value is never read.",
        "file": "src/pages/users/CreateUser.tsx(30,13)",
        "line": null,
        "severity": "error",
        "timestamp": "2025-08-01T16:20:28.683876",
        "pattern_matched": "error TS\\d+:"
      },
      {
        "type": "typescript",
        "message": "src/pages/users/UserDetail.tsx(49,14): error TS6133: 'HistoryIcon' is declared but its value is never read.",
        "file": "src/pages/users/UserDetail.tsx(49,14)",
        "line": null,
        "severity": "error",
        "timestamp": "2025-08-01T16:20:28.683880",
        "pattern_matched": "error TS\\d+:"
      },
      {
        "type": "typescript",
        "message": "src/pages/users/UserDetail.tsx(50,17): error TS6133: 'TicketIcon' is declared but its value is never read.",
        "file": "src/pages/users/UserDetail.tsx(50,17)",
        "line": null,
        "severity": "error",
        "timestamp": "2025-08-01T16:20:28.683886",
        "pattern_matched": "error TS\\d+:"
      },
      {
        "type": "typescript",
        "message": "src/pages/users/UserList.tsx(41,15): error TS6133: 'RoleIcon' is declared but its value is never read.",
        "file": "src/pages/users/UserList.tsx(41,15)",
        "line": null,
        "severity": "error",
        "timestamp": "2025-08-01T16:20:28.683891",
        "pattern_matched": "error TS\\d+:"
      },
      {
        "type": "typescript",
        "message": "src/__tests__/components.test.tsx(105,3): error TS2304: Cannot find name 'beforeAll'.",
        "file": "src/__tests__/components.test.tsx(105,3)",
        "line": null,
        "severity": "error",
        "timestamp": "2025-08-01T16:20:36.398348",
        "source": "build",
        "pattern_matched": "error TS\\d+:"
      },
      {
        "type": "typescript",
        "message": "src/__tests__/components.test.tsx(109,3): error TS2304: Cannot find name 'afterAll'.",
        "file": "src/__tests__/components.test.tsx(109,3)",
        "line": null,
        "severity": "error",
        "timestamp": "2025-08-01T16:20:36.398380",
        "source": "build",
        "pattern_matched": "error TS\\d+:"
      },
      {
        "type": "typescript",
        "message": "src/__tests__/components.test.tsx(117,8): error TS2304: Cannot find name 'ErrorBoundary'.",
        "file": "src/__tests__/components.test.tsx(117,8)",
        "line": null,
        "severity": "error",
        "timestamp": "2025-08-01T16:20:36.398398",
        "source": "build",
        "pattern_matched": "error TS\\d+:"
      },
      {
        "type": "typescript",
        "message": "src/__tests__/components.test.tsx(119,9): error TS2304: Cannot find name 'ErrorBoundary'.",
        "file": "src/__tests__/components.test.tsx(119,9)",
        "line": null,
        "severity": "error",
        "timestamp": "2025-08-01T16:20:36.398416",
        "source": "build",
        "pattern_matched": "error TS\\d+:"
      },
      {
        "type": "typescript",
        "message": "src/__tests__/components.test.tsx(134,8): error TS2304: Cannot find name 'ErrorBoundary'.",
        "file": "src/__tests__/components.test.tsx(134,8)",
        "line": null,
        "severity": "error",
        "timestamp": "2025-08-01T16:20:36.398433",
        "source": "build",
        "pattern_matched": "error TS\\d+:"
      },
      {
        "type": "typescript",
        "message": "src/__tests__/components.test.tsx(136,9): error TS2304: Cannot find name 'ErrorBoundary'.",
        "file": "src/__tests__/components.test.tsx(136,9)",
        "line": null,
        "severity": "error",
        "timestamp": "2025-08-01T16:20:36.398450",
        "source": "build",
        "pattern_matched": "error TS\\d+:"
      },
      {
        "type": "typescript",
        "message": "src/__tests__/components.test.tsx(145,10): error TS2304: Cannot find name 'ErrorBoundary'.",
        "file": "src/__tests__/components.test.tsx(145,10)",
        "line": null,
        "severity": "error",
        "timestamp": "2025-08-01T16:20:36.398467",
        "source": "build",
        "pattern_matched": "error TS\\d+:"
      },
      {
        "type": "typescript",
        "message": "src/__tests__/components.test.tsx(147,11): error TS2304: Cannot find name 'ErrorBoundary'.",
        "file": "src/__tests__/components.test.tsx(147,11)",
        "line": null,
        "severity": "error",
        "timestamp": "2025-08-01T16:20:36.398500",
        "source": "build",
        "pattern_matched": "error TS\\d+:"
      },
      {
        "type": "typescript",
        "message": "src/__tests__/components.test.tsx(159,8): error TS2304: Cannot find name 'ErrorBoundary'.",
        "file": "src/__tests__/components.test.tsx(159,8)",
        "line": null,
        "severity": "error",
        "timestamp": "2025-08-01T16:20:36.398517",
        "source": "build",
        "pattern_matched": "error TS\\d+:"
      },
      {
        "type": "typescript",
        "message": "src/__tests__/components.test.tsx(161,9): error TS2304: Cannot find name 'ErrorBoundary'.",
        "file": "src/__tests__/components.test.tsx(161,9)",
        "line": null,
        "severity": "error",
        "timestamp": "2025-08-01T16:20:36.398535",
        "source": "build",
        "pattern_matched": "error TS\\d+:"
      },
      {
        "type": "typescript",
        "message": "src/components/common/AccessibilityHelper.tsx(8,3): error TS6133: 'Tooltip' is declared but its value is never read.",
        "file": "src/components/common/AccessibilityHelper.tsx(8,3)",
        "line": null,
        "severity": "error",
        "timestamp": "2025-08-01T16:20:36.398555",
        "source": "build",
        "pattern_matched": "error TS\\d+:"
      },
      {
        "type": "typescript",
        "message": "src/components/common/AccessibilityHelper.tsx(20,17): error TS6133: 'TextSizeIcon' is declared but its value is never read.",
        "file": "src/components/common/AccessibilityHelper.tsx(20,17)",
        "line": null,
        "severity": "error",
        "timestamp": "2025-08-01T16:20:36.398573",
        "source": "build",
        "pattern_matched": "error TS\\d+:"
      },
      {
        "type": "typescript",
        "message": "src/components/common/AccessibilityHelper.tsx(153,25): error TS2345: Argument of type 'Element | null' is not assignable to parameter of type 'SetStateAction<HTMLElement | null>'.",
        "file": "src/components/common/AccessibilityHelper.tsx(153,25)",
        "line": null,
        "severity": "error",
        "timestamp": "2025-08-01T16:20:36.398590",
        "source": "build",
        "pattern_matched": "error TS\\d+:"
      },
      {
        "type": "typescript",
        "message": "Type 'Element' is not assignable to type 'SetStateAction<HTMLElement | null>'.",
        "file": null,
        "line": null,
        "severity": "error",
        "timestamp": "2025-08-01T16:20:36.398621",
        "source": "build",
        "pattern_matched": "Type '[^']*' is not assignable to type '[^']*'"
      },
      {
        "type": "typescript",
        "message": "src/components/common/AdvancedAnalytics.tsx(15,3): error TS6133: 'IconButton' is declared but its value is never read.",
        "file": "src/components/common/AdvancedAnalytics.tsx(15,3)",
        "line": null,
        "severity": "error",
        "timestamp": "2025-08-01T16:20:36.398657",
        "source": "build",
        "pattern_matched": "error TS\\d+:"
      },
      {
        "type": "typescript",
        "message": "src/components/common/AdvancedAnalytics.tsx(16,3): error TS6133: 'Tooltip' is declared but its value is never read.",
        "file": "src/components/common/AdvancedAnalytics.tsx(16,3)",
        "line": null,
        "severity": "error",
        "timestamp": "2025-08-01T16:20:36.398675",
        "source": "build",
        "pattern_matched": "error TS\\d+:"
      },
      {
        "type": "typescript",
        "message": "src/components/common/AdvancedAnalytics.tsx(28,13): error TS6133: 'PersonIcon' is declared but its value is never read.",
        "file": "src/components/common/AdvancedAnalytics.tsx(28,13)",
        "line": null,
        "severity": "error",
        "timestamp": "2025-08-01T16:20:36.398692",
        "source": "build",
        "pattern_matched": "error TS\\d+:"
      },
      {
        "type": "typescript",
        "message": "src/components/common/AdvancedAnalytics.tsx(29,15): error TS6133: 'ScheduleIcon' is declared but its value is never read.",
        "file": "src/components/common/AdvancedAnalytics.tsx(29,15)",
        "line": null,
        "severity": "error",
        "timestamp": "2025-08-01T16:20:36.398710",
        "source": "build",
        "pattern_matched": "error TS\\d+:"
      },
      {
        "type": "typescript",
        "message": "src/components/common/AdvancedAnalytics.tsx(31,14): error TS6133: 'WarningIcon' is declared but its value is never read.",
        "file": "src/components/common/AdvancedAnalytics.tsx(31,14)",
        "line": null,
        "severity": "error",
        "timestamp": "2025-08-01T16:20:36.398727",
        "source": "build",
        "pattern_matched": "error TS\\d+:"
      },
      {
        "type": "typescript",
        "message": "src/components/common/AdvancedAnalytics.tsx(32,18): error TS6133: 'CheckCircleIcon' is declared but its value is never read.",
        "file": "src/components/common/AdvancedAnalytics.tsx(32,18)",
        "line": null,
        "severity": "error",
        "timestamp": "2025-08-01T16:20:36.398745",
        "source": "build",
        "pattern_matched": "error TS\\d+:"
      },
      {
        "type": "typescript",
        "message": "src/components/common/AdvancedAnalytics.tsx(33,15): error TS6133: 'MoreVertIcon' is declared but its value is never read.",
        "file": "src/components/common/AdvancedAnalytics.tsx(33,15)",
        "line": null,
        "severity": "error",
        "timestamp": "2025-08-01T16:20:36.398762",
        "source": "build",
        "pattern_matched": "error TS\\d+:"
      },
      {
        "type": "typescript",
        "message": "src/components/common/AdvancedAnalytics.tsx(45,3): error TS6133: 'BarChart' is declared but its value is never read.",
        "file": "src/components/common/AdvancedAnalytics.tsx(45,3)",
        "line": null,
        "severity": "error",
        "timestamp": "2025-08-01T16:20:36.398780",
        "source": "build",
        "pattern_matched": "error TS\\d+:"
      },
      {
        "type": "typescript",
        "message": "src/components/common/AdvancedAnalytics.tsx(46,3): error TS6133: 'Bar' is declared but its value is never read.",
        "file": "src/components/common/AdvancedAnalytics.tsx(46,3)",
        "line": null,
        "severity": "error",
        "timestamp": "2025-08-01T16:20:36.398797",
        "source": "build",
        "pattern_matched": "error TS\\d+:"
      },
      {
        "type": "typescript",
        "message": "src/components/common/AdvancedAnalytics.tsx(47,3): error TS6133: 'Cell' is declared but its value is never read.",
        "file": "src/components/common/AdvancedAnalytics.tsx(47,3)",
        "line": null,
        "severity": "error",
        "timestamp": "2025-08-01T16:20:36.398814",
        "source": "build",
        "pattern_matched": "error TS\\d+:"
      },
      {
        "type": "typescript",
        "message": "src/components/common/AdvancedAnalytics.tsx(48,3): error TS6133: 'PieChart' is declared but its value is never read.",
        "file": "src/components/common/AdvancedAnalytics.tsx(48,3)",
        "line": null,
        "severity": "error",
        "timestamp": "2025-08-01T16:20:36.398832",
        "source": "build",
        "pattern_matched": "error TS\\d+:"
      },
      {
        "type": "typescript",
        "message": "src/components/common/AdvancedAnalytics.tsx(49,3): error TS6133: 'Pie' is declared but its value is never read.",
        "file": "src/components/common/AdvancedAnalytics.tsx(49,3)",
        "line": null,
        "severity": "error",
        "timestamp": "2025-08-01T16:20:36.398849",
        "source": "build",
        "pattern_matched": "error TS\\d+:"
      },
      {
        "type": "typescript",
        "message": "src/components/common/AdvancedAnalytics.tsx(50,3): error TS6133: 'LineChart' is declared but its value is never read.",
        "file": "src/components/common/AdvancedAnalytics.tsx(50,3)",
        "line": null,
        "severity": "error",
        "timestamp": "2025-08-01T16:20:36.398866",
        "source": "build",
        "pattern_matched": "error TS\\d+:"
      },
      {
        "type": "typescript",
        "message": "src/components/common/AdvancedAnalytics.tsx(59,33): error TS6196: 'Ticket' is declared but never used.",
        "file": "src/components/common/AdvancedAnalytics.tsx(59,33)",
        "line": null,
        "severity": "error",
        "timestamp": "2025-08-01T16:20:36.398886",
        "source": "build",
        "pattern_matched": "error TS\\d+:"
      },
      {
        "type": "typescript",
        "message": "src/components/common/AdvancedAnalytics.tsx(68,3): error TS6133: 'metrics' is declared but its value is never read.",
        "file": "src/components/common/AdvancedAnalytics.tsx(68,3)",
        "line": null,
        "severity": "error",
        "timestamp": "2025-08-01T16:20:36.398903",
        "source": "build",
        "pattern_matched": "error TS\\d+:"
      },
      {
        "type": "typescript",
        "message": "src/components/common/AdvancedAnalytics.tsx(73,10): error TS6133: 'selectedMetric' is declared but its value is never read.",
        "file": "src/components/common/AdvancedAnalytics.tsx(73,10)",
        "line": null,
        "severity": "error",
        "timestamp": "2025-08-01T16:20:36.398922",
        "source": "build",
        "pattern_matched": "error TS\\d+:"
      },
      {
        "type": "typescript",
        "message": "src/components/common/AdvancedAnalytics.tsx(73,26): error TS6133: 'setSelectedMetric' is declared but its value is never read.",
        "file": "src/components/common/AdvancedAnalytics.tsx(73,26)",
        "line": null,
        "severity": "error",
        "timestamp": "2025-08-01T16:20:36.398940",
        "source": "build",
        "pattern_matched": "error TS\\d+:"
      },
      {
        "type": "typescript",
        "message": "src/components/common/AdvancedFilters.tsx(189,12): error TS2304: Cannot find name 'MuiDatePicker'.",
        "file": "src/components/common/AdvancedFilters.tsx(189,12)",
        "line": null,
        "severity": "error",
        "timestamp": "2025-08-01T16:20:36.398957",
        "source": "build",
        "pattern_matched": "error TS\\d+:"
      },
      {
        "type": "typescript",
        "message": "src/components/common/AdvancedFilters.tsx(192,24): error TS7006: Parameter 'date' implicitly has an 'any' type.",
        "file": "src/components/common/AdvancedFilters.tsx(192,24)",
        "line": null,
        "severity": "error",
        "timestamp": "2025-08-01T16:20:36.398975",
        "source": "build",
        "pattern_matched": "error TS\\d+:"
      },
      {
        "type": "typescript",
        "message": "src/components/common/AdvancedFilters.tsx(193,27): error TS7006: Parameter 'params' implicitly has an 'any' type.",
        "file": "src/components/common/AdvancedFilters.tsx(193,27)",
        "line": null,
        "severity": "error",
        "timestamp": "2025-08-01T16:20:36.398992",
        "source": "build",
        "pattern_matched": "error TS\\d+:"
      },
      {
        "type": "typescript",
        "message": "src/components/common/AdvancedFilters.tsx(198,12): error TS2304: Cannot find name 'MuiDatePicker'.",
        "file": "src/components/common/AdvancedFilters.tsx(198,12)",
        "line": null,
        "severity": "error",
        "timestamp": "2025-08-01T16:20:36.399009",
        "source": "build",
        "pattern_matched": "error TS\\d+:"
      },
      {
        "type": "typescript",
        "message": "src/components/common/AdvancedFilters.tsx(201,24): error TS7006: Parameter 'date' implicitly has an 'any' type.",
        "file": "src/components/common/AdvancedFilters.tsx(201,24)",
        "line": null,
        "severity": "error",
        "timestamp": "2025-08-01T16:20:36.399026",
        "source": "build",
        "pattern_matched": "error TS\\d+:"
      },
      {
        "type": "typescript",
        "message": "src/components/common/AdvancedFilters.tsx(202,27): error TS7006: Parameter 'params' implicitly has an 'any' type.",
        "file": "src/components/common/AdvancedFilters.tsx(202,27)",
        "line": null,
        "severity": "error",
        "timestamp": "2025-08-01T16:20:36.399043",
        "source": "build",
        "pattern_matched": "error TS\\d+:"
      },
      {
        "type": "typescript",
        "message": "src/components/common/ErrorBoundary.tsx(99,14): error TS2580: Cannot find name 'process'. Do you need to install type definitions for node? Try `npm i --save-dev @types/node`.",
        "file": "src/components/common/ErrorBoundary.tsx(99,14)",
        "line": null,
        "severity": "error",
        "timestamp": "2025-08-01T16:20:36.399061",
        "source": "build",
        "pattern_matched": "error TS\\d+:"
      },
      {
        "type": "typescript",
        "message": "src/components/common/NotificationSystem.tsx(3,3): error TS6133: 'Snackbar' is declared but its value is never read.",
        "file": "src/components/common/NotificationSystem.tsx(3,3)",
        "line": null,
        "severity": "error",
        "timestamp": "2025-08-01T16:20:36.399079",
        "source": "build",
        "pattern_matched": "error TS\\d+:"
      },
      {
        "type": "typescript",
        "message": "src/components/layout/Header.tsx(18,20): error TS6133: 'AccountCircleIcon' is declared but its value is never read.",
        "file": "src/components/layout/Header.tsx(18,20)",
        "line": null,
        "severity": "error",
        "timestamp": "2025-08-01T16:20:36.399096",
        "source": "build",
        "pattern_matched": "error TS\\d+:"
      },
      {
        "type": "typescript",
        "message": "src/components/layout/Layout.tsx(7,3): error TS6133: 'Typography' is declared but its value is never read.",
        "file": "src/components/layout/Layout.tsx(7,3)",
        "line": null,
        "severity": "error",
        "timestamp": "2025-08-01T16:20:36.399114",
        "source": "build",
        "pattern_matched": "error TS\\d+:"
      },
      {
        "type": "typescript",
        "message": "src/components/layout/Layout.tsx(8,3): error TS6133: 'IconButton' is declared but its value is never read.",
        "file": "src/components/layout/Layout.tsx(8,3)",
        "line": null,
        "severity": "error",
        "timestamp": "2025-08-01T16:20:36.399133",
        "source": "build",
        "pattern_matched": "error TS\\d+:"
      },
      {
        "type": "typescript",
        "message": "src/components/layout/Layout.tsx(12,1): error TS6133: 'MenuIcon' is declared but its value is never read.",
        "file": "src/components/layout/Layout.tsx(12,1)",
        "line": null,
        "severity": "error",
        "timestamp": "2025-08-01T16:20:36.399150",
        "source": "build",
        "pattern_matched": "error TS\\d+:"
      },
      {
        "type": "typescript",
        "message": "src/pages/Dashboard.tsx(36,105): error TS6133: 'LineChart' is declared but its value is never read.",
        "file": "src/pages/Dashboard.tsx(36,105)",
        "line": null,
        "severity": "error",
        "timestamp": "2025-08-01T16:20:36.399167",
        "source": "build",
        "pattern_matched": "error TS\\d+:"
      },
      {
        "type": "typescript",
        "message": "src/pages/Dashboard.tsx(36,116): error TS6133: 'Line' is declared but its value is never read.",
        "file": "src/pages/Dashboard.tsx(36,116)",
        "line": null,
        "severity": "error",
        "timestamp": "2025-08-01T16:20:36.399184",
        "source": "build",
        "pattern_matched": "error TS\\d+:"
      },
      {
        "type": "typescript",
        "message": "src/pages/Dashboard.tsx(39,33): error TS6196: 'Ticket' is declared but never used.",
        "file": "src/pages/Dashboard.tsx(39,33)",
        "line": null,
        "severity": "error",
        "timestamp": "2025-08-01T16:20:36.399203",
        "source": "build",
        "pattern_matched": "error TS\\d+:"
      },
      {
        "type": "typescript",
        "message": "src/pages/Dashboard.tsx(416,40): error TS2769: No overload matches this call.",
        "file": "src/pages/Dashboard.tsx(416,40)",
        "line": null,
        "severity": "error",
        "timestamp": "2025-08-01T16:20:36.399220",
        "source": "build",
        "pattern_matched": "error TS\\d+:"
      },
      {
        "type": "typescript",
        "message": "Type '(entry: any) => any' is not assignable to type 'string'.",
        "file": null,
        "line": null,
        "severity": "error",
        "timestamp": "2025-08-01T16:20:36.399257",
        "source": "build",
        "pattern_matched": "Type '[^']*' is not assignable to type '[^']*'"
      },
      {
        "type": "typescript",
        "message": "Type '(entry: any) => any' is not assignable to type 'string'.",
        "file": null,
        "line": null,
        "severity": "error",
        "timestamp": "2025-08-01T16:20:36.399296",
        "source": "build",
        "pattern_matched": "Type '[^']*' is not assignable to type '[^']*'"
      },
      {
        "type": "typescript",
        "message": "src/pages/Dashboard.tsx(416,47): error TS7006: Parameter 'entry' implicitly has an 'any' type.",
        "file": "src/pages/Dashboard.tsx(416,47)",
        "line": null,
        "severity": "error",
        "timestamp": "2025-08-01T16:20:36.399313",
        "source": "build",
        "pattern_matched": "error TS\\d+:"
      },
      {
        "type": "typescript",
        "message": "src/pages/tickets/CreateTicket.tsx(20,3): error TS6133: 'IconButton' is declared but its value is never read.",
        "file": "src/pages/tickets/CreateTicket.tsx(20,3)",
        "line": null,
        "severity": "error",
        "timestamp": "2025-08-01T16:20:36.399331",
        "source": "build",
        "pattern_matched": "error TS\\d+:"
      },
      {
        "type": "typescript",
        "message": "src/pages/tickets/CreateTicket.tsx(27,13): error TS6133: 'CancelIcon' is declared but its value is never read.",
        "file": "src/pages/tickets/CreateTicket.tsx(27,13)",
        "line": null,
        "severity": "error",
        "timestamp": "2025-08-01T16:20:36.399348",
        "source": "build",
        "pattern_matched": "error TS\\d+:"
      },
      {
        "type": "typescript",
        "message": "src/pages/tickets/TicketDetail.tsx(2,21): error TS6133: 'useNavigate' is declared but its value is never read.",
        "file": "src/pages/tickets/TicketDetail.tsx(2,21)",
        "line": null,
        "severity": "error",
        "timestamp": "2025-08-01T16:20:36.399366",
        "source": "build",
        "pattern_matched": "error TS\\d+:"
      },
      {
        "type": "typescript",
        "message": "src/pages/tickets/TicketDetail.tsx(24,3): error TS6133: 'FormControl' is declared but its value is never read.",
        "file": "src/pages/tickets/TicketDetail.tsx(24,3)",
        "line": null,
        "severity": "error",
        "timestamp": "2025-08-01T16:20:36.399383",
        "source": "build",
        "pattern_matched": "error TS\\d+:"
      },
      {
        "type": "typescript",
        "message": "src/pages/tickets/TicketDetail.tsx(25,3): error TS6133: 'InputLabel' is declared but its value is never read.",
        "file": "src/pages/tickets/TicketDetail.tsx(25,3)",
        "line": null,
        "severity": "error",
        "timestamp": "2025-08-01T16:20:36.399400",
        "source": "build",
        "pattern_matched": "error TS\\d+:"
      },
      {
        "type": "typescript",
        "message": "src/pages/tickets/TicketDetail.tsx(26,3): error TS6133: 'Select' is declared but its value is never read.",
        "file": "src/pages/tickets/TicketDetail.tsx(26,3)",
        "line": null,
        "severity": "error",
        "timestamp": "2025-08-01T16:20:36.399417",
        "source": "build",
        "pattern_matched": "error TS\\d+:"
      },
      {
        "type": "typescript",
        "message": "src/pages/tickets/TicketDetail.tsx(42,16): error TS6133: 'PlayIcon' is declared but its value is never read.",
        "file": "src/pages/tickets/TicketDetail.tsx(42,16)",
        "line": null,
        "severity": "error",
        "timestamp": "2025-08-01T16:20:36.399435",
        "source": "build",
        "pattern_matched": "error TS\\d+:"
      },
      {
        "type": "typescript",
        "message": "src/pages/tickets/TicketList.tsx(22,3): error TS6133: 'Stack' is declared but its value is never read.",
        "file": "src/pages/tickets/TicketList.tsx(22,3)",
        "line": null,
        "severity": "error",
        "timestamp": "2025-08-01T16:20:36.399452",
        "source": "build",
        "pattern_matched": "error TS\\d+:"
      },
      {
        "type": "typescript",
        "message": "src/pages/tickets/TicketList.tsx(36,17): error TS6133: 'AssignmentIcon' is declared but its value is never read.",
        "file": "src/pages/tickets/TicketList.tsx(36,17)",
        "line": null,
        "severity": "error",
        "timestamp": "2025-08-01T16:20:36.399477",
        "source": "build",
        "pattern_matched": "error TS\\d+:"
      },
      {
        "type": "typescript",
        "message": "src/pages/tickets/TicketList.tsx(49,10): error TS6133: 'filterAnchor' is declared but its value is never read.",
        "file": "src/pages/tickets/TicketList.tsx(49,10)",
        "line": null,
        "severity": "error",
        "timestamp": "2025-08-01T16:20:36.399495",
        "source": "build",
        "pattern_matched": "error TS\\d+:"
      },
      {
        "type": "typescript",
        "message": "src/pages/tickets/TicketList.tsx(49,24): error TS6133: 'setFilterAnchor' is declared but its value is never read.",
        "file": "src/pages/tickets/TicketList.tsx(49,24)",
        "line": null,
        "severity": "error",
        "timestamp": "2025-08-01T16:20:36.399512",
        "source": "build",
        "pattern_matched": "error TS\\d+:"
      },
      {
        "type": "typescript",
        "message": "src/pages/tickets/TicketList.tsx(280,20): error TS6133: 'params' is declared but its value is never read.",
        "file": "src/pages/tickets/TicketList.tsx(280,20)",
        "line": null,
        "severity": "error",
        "timestamp": "2025-08-01T16:20:36.399529",
        "source": "build",
        "pattern_matched": "error TS\\d+:"
      },
      {
        "type": "typescript",
        "message": "src/pages/users/CreateUser.tsx(23,3): error TS6133: 'Switch' is declared but its value is never read.",
        "file": "src/pages/users/CreateUser.tsx(23,3)",
        "line": null,
        "severity": "error",
        "timestamp": "2025-08-01T16:20:36.399547",
        "source": "build",
        "pattern_matched": "error TS\\d+:"
      },
      {
        "type": "typescript",
        "message": "src/pages/users/CreateUser.tsx(30,13): error TS6133: 'CancelIcon' is declared but its value is never read.",
        "file": "src/pages/users/CreateUser.tsx(30,13)",
        "line": null,
        "severity": "error",
        "timestamp": "2025-08-01T16:20:36.399564",
        "source": "build",
        "pattern_matched": "error TS\\d+:"
      },
      {
        "type": "typescript",
        "message": "src/pages/users/UserDetail.tsx(49,14): error TS6133: 'HistoryIcon' is declared but its value is never read.",
        "file": "src/pages/users/UserDetail.tsx(49,14)",
        "line": null,
        "severity": "error",
        "timestamp": "2025-08-01T16:20:36.399581",
        "source": "build",
        "pattern_matched": "error TS\\d+:"
      },
      {
        "type": "typescript",
        "message": "src/pages/users/UserDetail.tsx(50,17): error TS6133: 'TicketIcon' is declared but its value is never read.",
        "file": "src/pages/users/UserDetail.tsx(50,17)",
        "line": null,
        "severity": "error",
        "timestamp": "2025-08-01T16:20:36.399599",
        "source": "build",
        "pattern_matched": "error TS\\d+:"
      },
      {
        "type": "typescript",
        "message": "src/pages/users/UserList.tsx(41,15): error TS6133: 'RoleIcon' is declared but its value is never read.",
        "file": "src/pages/users/UserList.tsx(41,15)",
        "line": null,
        "severity": "error",
        "timestamp": "2025-08-01T16:20:36.399616",
        "source": "build",
        "pattern_matched": "error TS\\d+:"
      }
    ],
    "react": [],
    "materialUI": [],
    "imports": [],
    "props": [
      {
        "type": "props",
        "message": "src/components/common/AccessibilityHelper.tsx(153,25): error TS2345: Argument of type 'Element | null' is not assignable to parameter of type 'SetStateAction<HTMLElement | null>'.",
        "file": "src/components/common/AccessibilityHelper.tsx(153,25)",
        "line": null,
        "severity": "error",
        "timestamp": "2025-08-01T16:20:36.398608",
        "source": "build",
        "pattern_matched": "Argument of type '[^']*' is not assignable to parameter of type '[^']*'"
      }
    ]
  },
  "status": "monitoring",
  "summary": {
    "total": 135,
    "typescript": 134,
    "react": 0,
    "materialUI": 0,
    "imports": 0,
    "props": 1
  }
}